#
# A fatal error has been detected by the Java Runtime Environment:
#
#  SIGBUS (0xa) at pc=0x0000000109e1d4f0, pid=59348, tid=29195
#
# JRE version: Java(TM) SE Runtime Environment (17.0.4+11) (build 17.0.4+11-LTS-179)
# Java VM: Java HotSpot(TM) 64-Bit Server VM (17.0.4+11-LTS-179, mixed mode, sharing, tiered, compressed oops, compressed class ptrs, g1 gc, bsd-aarch64)
# Problematic frame:
# v  ~StubRoutines::SafeFetchN
#
# No core dump will be written. Core dumps have been disabled. To enable core dumping, try "ulimit -c unlimited" before starting Java again
#
# If you would like to submit a bug report, please visit:
#   https://bugreport.java.com/bugreport/crash.jsp
# The crash happened outside the Java Virtual Machine in native code.
# See problematic frame for where to report the bug.
#

---------------  S U M M A R Y ------------

Command Line: -javaagent:/Applications/IntelliJ IDEA CE.app/Contents/lib/idea_rt.jar=52083:/Applications/IntelliJ IDEA CE.app/Contents/bin -Dfile.encoding=UTF-8 --module-path=/Users/markwilson/.m2/repository/org/openjfx/javafx-base/17.0.1/javafx-base-17.0.1-mac-aarch64.jar:/Users/markwilson/.m2/repository/org/openjfx/javafx-controls/17.0.1/javafx-controls-17.0.1-mac-aarch64.jar:/Users/markwilson/IdeaProjects/inventory-fx/target/classes:/Users/markwilson/.m2/repository/org/openjfx/javafx-fxml/17.0.1/javafx-fxml-17.0.1-mac-aarch64.jar:/Users/markwilson/.m2/repository/org/openjfx/javafx-graphics/17.0.1/javafx-graphics-17.0.1-mac-aarch64.jar -Djdk.module.main=com.mwilson.partsinventory com.mwilson.partsinventory/com.mwilson.inventoryfx.Main

Host: "MacBookAir10,1" arm64 1 MHz, 8 cores, 8G, Darwin 21.6.0, macOS 12.5 (21G72)
Time: Tue Aug  9 23:20:58 2022 CDT elapsed time: 8.542634 seconds (0d 0h 0m 8s)

---------------  T H R E A D  ---------------

Current thread (0x000000015e193200):  JavaThread "InvokeLaterDispatcher" daemon [_thread_in_native, id=29195, stack(0x00000001723a0000,0x00000001725a3000)]

Stack: [0x00000001723a0000,0x00000001725a3000],  sp=0x00000001725a27b0,  free space=2057k
Native frames: (J=compiled Java code, j=interpreted, Vv=VM code, C=native code)
v  ~StubRoutines::SafeFetchN
V  [libjvm.dylib+0x7a72c0]  OopStorage::release(oopDesc* const*)+0x20
V  [libjvm.dylib+0x4bb8e4]  jni_DeleteGlobalRef+0xc4
C  [libglass.dylib+0xab08]  -[GlassRunnable dealloc]+0x34
C  [Foundation+0x852e8]  -[_NSThreadPerformInfo dealloc]+0x30
C  [Foundation+0x5187c]  -[NSObject(NSThreadPerformAdditions) performSelectorOnMainThread:withObject:waitUntilDone:]+0x88
C  0xba6c800109e258ac
j  com.sun.glass.ui.mac.MacApplication.submitForLaterInvocation(Ljava/lang/Runnable;)V+2 javafx.graphics
j  com.sun.glass.ui.InvokeLaterDispatcher.run()V+82 javafx.graphics
v  ~StubRoutines::call_stub
V  [libjvm.dylib+0x462ef8]  JavaCalls::call_helper(JavaValue*, methodHandle const&, JavaCallArguments*, JavaThread*)+0x38c
V  [libjvm.dylib+0x461f14]  JavaCalls::call_virtual(JavaValue*, Klass*, Symbol*, Symbol*, JavaCallArguments*, JavaThread*)+0x11c
V  [libjvm.dylib+0x461fe0]  JavaCalls::call_virtual(JavaValue*, Handle, Klass*, Symbol*, Symbol*, JavaThread*)+0x64
V  [libjvm.dylib+0x5158a4]  thread_entry(JavaThread*, JavaThread*)+0xc4
V  [libjvm.dylib+0x908030]  JavaThread::thread_main_inner()+0x134
V  [libjvm.dylib+0x906958]  Thread::call_run()+0x128
V  [libjvm.dylib+0x7ade80]  thread_native_entry(Thread*)+0x158
C  [libsystem_pthread.dylib+0x726c]  _pthread_start+0x94

Java frames: (J=compiled Java code, j=interpreted, Vv=VM code)
j  com.sun.glass.ui.mac.MacApplication._submitForLaterInvocation(Ljava/lang/Runnable;)V+0 javafx.graphics
j  com.sun.glass.ui.mac.MacApplication.submitForLaterInvocation(Ljava/lang/Runnable;)V+2 javafx.graphics
j  com.sun.glass.ui.InvokeLaterDispatcher.run()V+82 javafx.graphics
v  ~StubRoutines::call_stub

siginfo: si_signo: 10 (SIGBUS), si_code: 1 (BUS_ADRALN), si_addr: 0x0000000109e1d4f0

Register to memory mapping:

 x0=0x000000015bf06fc8 is a global jni handle
 x1=0x0 is NULL
 x2=0x0000000787d00368 is an oop: com.sun.glass.ui.InvokeLaterDispatcher$Future 
{0x0000000787d00368} - klass: 'com/sun/glass/ui/InvokeLaterDispatcher$Future'
 - ---- fields (total size 3 words):
 - private 'done' 'Z' @12  true
 - private final 'runnable' 'Ljava/lang/Runnable;' @16  a 'com/sun/javafx/application/PlatformImpl$$Lambda$92+0x0000000800c81d88'{0x0000000787a9d278} (f0f53a4f)
 - final synthetic 'this$0' 'Lcom/sun/glass/ui/InvokeLaterDispatcher;' @20  a 'com/sun/glass/ui/InvokeLaterDispatcher'{0x000000078540ed48} (f0a81da9)
 x3=0x0 is NULL
 x4=0x00000000000130a8 is an unknown value
 x5=0x0 is NULL
 x6=0x0 is NULL
 x7=0x0 is NULL
 x8=0x0000000109e1d4ec is at begin+0 in a stub
StubRoutines::SafeFetchN [0x0000000109e1d4ec, 0x0000000109e1d4f8] (12 bytes)
 x9=0x0 is NULL
x10=0x2010000030300000 is an unknown value
x11=0x0000000000000007 is an unknown value
x12=0x0000000000000003 is an unknown value
x13=0x00006000018e5620 points into unknown readable memory: 0x5f3d00019c1a97f4 | f4 97 1a 9c 01 00 3d 5f
x14=0x00000d0000000000 is an unknown value
x15=0x000000011efd9f98: OBJC_CLASS_$_GlassRunnable+0 in /Users/markwilson/.openjfx/cache/17.0.1/libglass.dylib at 0x000000011ef94000
x16=0x000000019b2070fc: pthread_getspecific+0 in /usr/lib/system/libsystem_pthread.dylib at 0x000000019b205000
x17=0x0000600001dcd2d0 points into unknown readable memory: 0xfffffffffffffffe | fe ff ff ff ff ff ff ff
x18=0x0 is NULL
x19=0x0000600001dc9490 points into unknown readable memory: 0x00006000034cd7b0 | b0 d7 4c 03 00 60 00 00
x20=0x000000015bf06dc0 points into unknown readable memory: 0x0000000000000000 | 00 00 00 00 00 00 00 00
x21=0x000000015bf06fc8 is a global jni handle
x22=0x000000015e193200 is a thread
x23=0x0000000000000001 is an unknown value
x24=0x000000015bf06f80 is a global jni handle
x25=0x00000001022cd638: _ZN12StubRoutines17_safefetchN_entryE+0 in /Library/Java/JavaVirtualMachines/jdk-17.0.4.jdk/Contents/Home/lib/server/libjvm.dylib at 0x0000000101730000
x26=0x000000011f518258 is pointing into metadata
x27=0x0 is NULL
x28=0x000000015e193200 is a thread


Registers:
 x0=0x000000015bf06fc8  x1=0x0000000000000000  x2=0x0000000787d00368  x3=0x0000000000000000
 x4=0x00000000000130a8  x5=0x0000000000000000  x6=0x0000000000000000  x7=0x0000000000000000
 x8=0x0000000109e1d4ec  x9=0x0000000000000000 x10=0x2010000030300000 x11=0x0000000000000007
x12=0x0000000000000003 x13=0x00006000018e5620 x14=0x00000d0000000000 x15=0x000000011efd9f98
x16=0x000000019b2070fc x17=0x0000600001dcd2d0 x18=0x0000000000000000 x19=0x0000600001dc9490
x20=0x000000015bf06dc0 x21=0x000000015bf06fc8 x22=0x000000015e193200 x23=0x0000000000000001
x24=0x000000015bf06f80 x25=0x00000001022cd638 x26=0x000000011f518258 x27=0x0000000000000000
x28=0x000000015e193200  fp=0x00000001725a27f0  lr=0x0000000101ed6090  sp=0x00000001725a27b0
pc=0x0000000109e1d4f0 cpsr=0x0000000060001000
Top of Stack: (sp=0x00000001725a27b0)
0x00000001725a27b0:   000000011f518258 0000000000000001
0x00000001725a27c0:   00000001725a29a8 00006000034c4e70
0x00000001725a27d0:   0000000000000000 000000015bf06fb0
0x00000001725a27e0:   000000015bf06fb0 0000600001dc9490
0x00000001725a27f0:   00000001725a2830 0000000101ed72c0
0x00000001725a2800:   0000000000000001 000000015bf06fb0
0x00000001725a2810:   0000000000000000 000000015bf06fb0
0x00000001725a2820:   0000000000000001 000000015d10a000
0x00000001725a2830:   00000001725a2860 0000000101beb8e4
0x00000001725a2840:   00006000034c51e0 00000001e55478f7
0x00000001725a2850:   0000000000000000 00006000034c51e0
0x00000001725a2860:   00000001725a2890 000000011ef9eb08
0x00000001725a2870:   849ab129b2ff0016 0000000000000000
0x00000001725a2880:   0000000000000000 00006000023d7800
0x00000001725a2890:   00000001725a28d0 000000019c1dd2e8
0x00000001725a28a0:   00000001725a29a8 00006000034c4e70
0x00000001725a28b0:   00006000034c51e0 849ab129b2ff0016
0x00000001725a28c0:   0000000000000000 0000000000000000
0x00000001725a28d0:   00000001725a2910 a85780019c1a987c
0x00000001725a28e0:   00000001725a29a8 0000000109e247c0
0x00000001725a28f0:   0000000000000000 00000001022d4ff8
0x00000001725a2900:   00000001725a2920 0000000109e23730
0x00000001725a2910:   00000001725a2980 ba6c800109e258ac
0x00000001725a2920:   00000001725a2920 000000080098c7c5
0x00000001725a2930:   00000001725a2930 0000000000000000
0x00000001725a2940:   00000001725a29a8 000000011f518258
0x00000001725a2950:   000000078544ac60 0000000000000000
0x00000001725a2960:   0000000000000000 000000011f4f7138
0x00000001725a2970:   0000000000000000 00000001725a2980
0x00000001725a2980:   00000001725a2a00 0000000109e21fc8
0x00000001725a2990:   0000000000000000 0000000000000000
0x00000001725a29a0:   0000000787d00368 000000078544acd8 

Instructions: (pc=0x0000000109e1d4f0)
0x0000000109e1d3f0:   f2a04529 f2c00029 6d425935 1e640886
0x0000000109e1d400:   0c402d31 1e6408c7 1f5654d0 1e6c1017
0x0000000109e1d410:   1f5050d0 1f504cd0 1f5048d0 1e650af6
0x0000000109e1d420:   1f50d8f6 1f5694d6 1f5158f6 1e762880
0x0000000109e1d430:   36000501 1e614000 14000026 2e251ca5
0x0000000109e1d440:   d2943009 f2a04529 f2c00029 6d425d36
0x0000000109e1d450:   1e600806 0c402d32 1f5758c7 1e6c101a
0x0000000109e1d460:   1f4754c7 1e650805 1f4750c7 d2866668
0x0000000109e1d470:   f2a7fa68 1f474cc7 1e6608c0 1f4748c7
0x0000000109e1d480:   1e6e1019 eb08007f 540000ac 1f479400
0x0000000109e1d490:   1f460340 1e603b20 1400000e d2a7fd29
0x0000000109e1d4a0:   eb09007f 540000ac 51480069 d3607d29
0x0000000109e1d4b0:   9e670121 14000002 1e6a5001 1f679417
0x0000000109e1d4c0:   1f668742 1e613b23 1e773857 1e773860
0x0000000109e1d4d0:   a8c17ff3 910003bf a8c17bfd d65f03c0
0x0000000109e1d4e0:   b9400001 aa0103e0 d65f03c0 f9400001
0x0000000109e1d4f0:   aa0103e0 d65f03c0 00000000 00000000
0x0000000109e1d500:   00000000 00000000 00000000 00000000
0x0000000109e1d510:   00000000 00000000 00000000 00000000
0x0000000109e1d520:   00000000 00000000 00000000 00000000
0x0000000109e1d530:   00000000 00000000 00000000 00000000
0x0000000109e1d540:   00000000 00000000 00000000 00000000
0x0000000109e1d550:   00000000 00000000 00000000 00000000
0x0000000109e1d560:   00000000 00000000 00000000 00000000
0x0000000109e1d570:   00000000 00000000 00000000 00000000
0x0000000109e1d580:   00000000 00000000 00000000 00000000
0x0000000109e1d590:   00000000 00000000 00000000 00000000
0x0000000109e1d5a0:   00000000 00000000 00000000 00000000
0x0000000109e1d5b0:   00000000 00000000 00000000 00000000
0x0000000109e1d5c0:   00000000 00000000 00000000 00000000
0x0000000109e1d5d0:   00000000 00000000 00000000 00000000
0x0000000109e1d5e0:   00000000 00000000 00000000 00000000 


Stack slot to memory mapping:
stack at sp + 0 slots: 0x000000011f518258 is pointing into metadata
stack at sp + 1 slots: 0x0000000000000001 is an unknown value
stack at sp + 2 slots: 0x00000001725a29a8 is pointing into the stack for thread: 0x000000015e193200
stack at sp + 3 slots: 0x00006000034c4e70 points into unknown readable memory: 0x01000001f3c66031 | 31 60 c6 f3 01 00 00 01
stack at sp + 4 slots: 0x0 is NULL
stack at sp + 5 slots: 0x000000015bf06fb0 is a global jni handle
stack at sp + 6 slots: 0x000000015bf06fb0 is a global jni handle
stack at sp + 7 slots: 0x0000600001dc9490 points into unknown readable memory: 0x00006000034cd7b0 | b0 d7 4c 03 00 60 00 00

StubRoutines::SafeFetchN [0x0000000109e1d4ec, 0x0000000109e1d4f8] (12 bytes)
[MachCode]
  0x0000000109e1d4ec: 0100 40f9 | e003 01aa | c003 5fd6 
[/MachCode]

---------------  P R O C E S S  ---------------

Threads class SMR info:
_java_thread_list=0x00006000036e6040, length=20, elements={
0x000000015c009200, 0x000000015c80aa00, 0x000000015d012a00, 0x000000015c814e00,
0x000000015d013a00, 0x000000015c00b600, 0x000000015d014200, 0x000000015c00bc00,
0x000000015c0a5200, 0x000000015d00b200, 0x000000015c812a00, 0x000000015c813000,
0x000000015c017000, 0x000000015e193200, 0x000000015d10a000, 0x000000013c018e00,
0x000000015c946200, 0x000000015d25f400, 0x000000013c019400, 0x000000013d008c00
}

Java Threads: ( => current thread )
  0x000000015c009200 JavaThread "main" [_thread_blocked, id=5891, stack(0x000000016f998000,0x000000016fb9b000)]
  0x000000015c80aa00 JavaThread "Reference Handler" daemon [_thread_blocked, id=18179, stack(0x00000001707ec000,0x00000001709ef000)]
  0x000000015d012a00 JavaThread "Finalizer" daemon [_thread_blocked, id=17155, stack(0x00000001709f8000,0x0000000170bfb000)]
  0x000000015c814e00 JavaThread "Signal Dispatcher" daemon [_thread_blocked, id=42755, stack(0x0000000170d1c000,0x0000000170f1f000)]
  0x000000015d013a00 JavaThread "Service Thread" daemon [_thread_blocked, id=23555, stack(0x0000000170f28000,0x000000017112b000)]
  0x000000015c00b600 JavaThread "Monitor Deflation Thread" daemon [_thread_blocked, id=23811, stack(0x0000000171134000,0x0000000171337000)]
  0x000000015d014200 JavaThread "C2 CompilerThread0" daemon [_thread_blocked, id=41987, stack(0x0000000171340000,0x0000000171543000)]
  0x000000015c00bc00 JavaThread "C1 CompilerThread0" daemon [_thread_blocked, id=24323, stack(0x000000017154c000,0x000000017174f000)]
  0x000000015c0a5200 JavaThread "Sweeper thread" daemon [_thread_blocked, id=41475, stack(0x0000000171758000,0x000000017195b000)]
  0x000000015d00b200 JavaThread "Common-Cleaner" daemon [_thread_blocked, id=24579, stack(0x0000000171964000,0x0000000171b67000)]
  0x000000015c812a00 JavaThread "Monitor Ctrl-Break" daemon [_thread_in_native, id=40963, stack(0x0000000171b70000,0x0000000171d73000)]
  0x000000015c813000 JavaThread "Notification Thread" daemon [_thread_blocked, id=40707, stack(0x0000000171d7c000,0x0000000171f7f000)]
  0x000000015c017000 JavaThread "QuantumRenderer-0" daemon [_thread_blocked, id=40195, stack(0x0000000172194000,0x0000000172397000)]
=>0x000000015e193200 JavaThread "InvokeLaterDispatcher" daemon [_thread_in_native, id=29195, stack(0x00000001723a0000,0x00000001725a3000)]
  0x000000015d10a000 JavaThread "JavaFX Application Thread" [_thread_in_native, id=259, stack(0x000000016f110000,0x000000016f90c000)]
  0x000000013c018e00 JavaThread "JavaFX-Launcher" [_thread_blocked, id=53507, stack(0x00000001728d0000,0x0000000172ad3000)]
  0x000000015c946200 JavaThread "Prism Font Disposer" daemon [_thread_blocked, id=70667, stack(0x0000000177d78000,0x0000000177f7b000)]
  0x000000015d25f400 JavaThread "Cleaner-0" daemon [_thread_blocked, id=55303, stack(0x0000000280090000,0x0000000280293000)]
  0x000000013c019400 JavaThread "Attach Listener" daemon [_thread_blocked, id=1299, stack(0x000000028029c000,0x000000028049f000)]
  0x000000013d008c00 JavaThread "PulseTimer-CVDisplayLink thread" daemon [_thread_in_native, id=77391, stack(0x0000000172638000,0x00000001726bb000)]

Other Threads:
  0x000000015d805810 VMThread "VM Thread" [stack: 0x00000001705e0000,0x00000001707e3000] [id=16131]
  0x000000015bf0ba60 WatcherThread [stack: 0x0000000171f88000,0x000000017218b000] [id=25347]
  0x000000015be079f0 GCTaskThread "GC Thread#0" [stack: 0x000000016fba4000,0x000000016fda7000] [id=20227]
  0x000000015d91a750 GCTaskThread "GC Thread#1" [stack: 0x0000000172adc000,0x0000000172cdf000] [id=73987]
  0x000000015d91abd0 GCTaskThread "GC Thread#2" [stack: 0x0000000172ce8000,0x0000000172eeb000] [id=54019]
  0x000000015d845080 GCTaskThread "GC Thread#3" [stack: 0x0000000172ef4000,0x00000001730f7000] [id=73475]
  0x000000015d8458f0 GCTaskThread "GC Thread#4" [stack: 0x0000000173100000,0x0000000173303000] [id=73219]
  0x000000015d846160 GCTaskThread "GC Thread#5" [stack: 0x000000017330c000,0x000000017350f000] [id=55043]
  0x000000015d892920 GCTaskThread "GC Thread#6" [stack: 0x00000002804a8000,0x00000002806ab000] [id=69939]
  0x000000015d899be0 GCTaskThread "GC Thread#7" [stack: 0x00000002806b4000,0x00000002808b7000] [id=60419]
  0x000000015d904530 ConcurrentGCThread "G1 Main Marker" [stack: 0x000000016fdb0000,0x000000016ffb3000] [id=12803]
  0x000000015be07e70 ConcurrentGCThread "G1 Conc#0" [stack: 0x000000016ffbc000,0x00000001701bf000] [id=13571]
  0x000000015be09ce0 ConcurrentGCThread "G1 Refine#0" [stack: 0x00000001701c8000,0x00000001703cb000] [id=19459]
  0x000000013c807be0 ConcurrentGCThread "G1 Refine#1" [stack: 0x00000002808c0000,0x0000000280ac3000] [id=60931]
  0x000000013bf05bd0 ConcurrentGCThread "G1 Refine#2" [stack: 0x0000000280acc000,0x0000000280ccf000] [id=61443]
  0x0000000122806440 ConcurrentGCThread "G1 Refine#3" [stack: 0x0000000280cd8000,0x0000000280edb000] [id=66307]
  0x000000013bf065f0 ConcurrentGCThread "G1 Refine#4" [stack: 0x0000000280ee4000,0x00000002810e7000] [id=65539]
  0x000000015be0a580 ConcurrentGCThread "G1 Service" [stack: 0x00000001703d4000,0x00000001705d7000] [id=14595]

Threads with active compile tasks:

VM state: not at safepoint (normal execution)

VM Mutex/Monitor currently owned by a thread: None

Heap address: 0x0000000780000000, size: 2048 MB, Compressed Oops mode: Zero based, Oop shift amount: 3

CDS archive(s) mapped at: [0x0000000800000000-0x0000000800bd8000-0x0000000800bd8000), size 12419072, SharedBaseAddress: 0x0000000800000000, ArchiveRelocationMode: 0.
Compressed class space mapped at: 0x0000000800c00000-0x0000000840c00000, reserved size: 1073741824
Narrow klass base: 0x0000000800000000, Narrow klass shift: 0, Narrow klass range: 0x100000000

GC Precious Log:
 CPUs: 8 total, 8 available
 Memory: 8192M
 Large Page Support: Disabled
 NUMA Support: Disabled
 Compressed Oops: Enabled (Zero based)
 Heap Region Size: 1M
 Heap Min Capacity: 8M
 Heap Initial Capacity: 128M
 Heap Max Capacity: 2G
 Pre-touch: Disabled
 Parallel Workers: 8
 Concurrent Workers: 2
 Concurrent Refinement Workers: 8
 Periodic GC: Disabled

Heap:
 garbage-first heap   total 133120K, used 18550K [0x0000000780000000, 0x0000000800000000)
  region size 1024K, 13 young (13312K), 6 survivors (6144K)
 Metaspace       used 16859K, committed 17152K, reserved 1064960K
  class space    used 2473K, committed 2624K, reserved 1048576K

Heap Regions: E=young(eden), S=young(survivor), O=old, HS=humongous(starts), HC=humongous(continues), CS=collection set, F=free, OA=open archive, CA=closed archive, TAMS=top-at-mark-start (previous, next)
|   0|0x0000000780000000, 0x0000000780100000, 0x0000000780100000|100%| O|  |TAMS 0x0000000780000000, 0x0000000780000000| Untracked 
|   1|0x0000000780100000, 0x0000000780200000, 0x0000000780200000|100%|HS|  |TAMS 0x0000000780100000, 0x0000000780100000| Complete 
|   2|0x0000000780200000, 0x0000000780300000, 0x0000000780300000|100%|HC|  |TAMS 0x0000000780200000, 0x0000000780200000| Complete 
|   3|0x0000000780300000, 0x0000000780400000, 0x0000000780400000|100%| O|  |TAMS 0x0000000780300000, 0x0000000780300000| Untracked 
|   4|0x0000000780400000, 0x0000000780500000, 0x0000000780500000|100%| O|  |TAMS 0x0000000780400000, 0x0000000780400000| Untracked 
|   5|0x0000000780500000, 0x0000000780525a00, 0x0000000780600000| 14%| O|  |TAMS 0x0000000780500000, 0x0000000780500000| Untracked 
|   6|0x0000000780600000, 0x0000000780600000, 0x0000000780700000|  0%| F|  |TAMS 0x0000000780600000, 0x0000000780600000| Untracked 
|   7|0x0000000780700000, 0x0000000780700000, 0x0000000780800000|  0%| F|  |TAMS 0x0000000780700000, 0x0000000780700000| Untracked 
|   8|0x0000000780800000, 0x0000000780800000, 0x0000000780900000|  0%| F|  |TAMS 0x0000000780800000, 0x0000000780800000| Untracked 
|   9|0x0000000780900000, 0x0000000780900000, 0x0000000780a00000|  0%| F|  |TAMS 0x0000000780900000, 0x0000000780900000| Untracked 
|  10|0x0000000780a00000, 0x0000000780a00000, 0x0000000780b00000|  0%| F|  |TAMS 0x0000000780a00000, 0x0000000780a00000| Untracked 
|  11|0x0000000780b00000, 0x0000000780b00000, 0x0000000780c00000|  0%| F|  |TAMS 0x0000000780b00000, 0x0000000780b00000| Untracked 
|  12|0x0000000780c00000, 0x0000000780c00000, 0x0000000780d00000|  0%| F|  |TAMS 0x0000000780c00000, 0x0000000780c00000| Untracked 
|  13|0x0000000780d00000, 0x0000000780d00000, 0x0000000780e00000|  0%| F|  |TAMS 0x0000000780d00000, 0x0000000780d00000| Untracked 
|  14|0x0000000780e00000, 0x0000000780e00000, 0x0000000780f00000|  0%| F|  |TAMS 0x0000000780e00000, 0x0000000780e00000| Untracked 
|  15|0x0000000780f00000, 0x0000000780f00000, 0x0000000781000000|  0%| F|  |TAMS 0x0000000780f00000, 0x0000000780f00000| Untracked 
|  16|0x0000000781000000, 0x0000000781000000, 0x0000000781100000|  0%| F|  |TAMS 0x0000000781000000, 0x0000000781000000| Untracked 
|  17|0x0000000781100000, 0x0000000781100000, 0x0000000781200000|  0%| F|  |TAMS 0x0000000781100000, 0x0000000781100000| Untracked 
|  18|0x0000000781200000, 0x0000000781200000, 0x0000000781300000|  0%| F|  |TAMS 0x0000000781200000, 0x0000000781200000| Untracked 
|  19|0x0000000781300000, 0x0000000781300000, 0x0000000781400000|  0%| F|  |TAMS 0x0000000781300000, 0x0000000781300000| Untracked 
|  20|0x0000000781400000, 0x0000000781400000, 0x0000000781500000|  0%| F|  |TAMS 0x0000000781400000, 0x0000000781400000| Untracked 
|  21|0x0000000781500000, 0x0000000781500000, 0x0000000781600000|  0%| F|  |TAMS 0x0000000781500000, 0x0000000781500000| Untracked 
|  22|0x0000000781600000, 0x0000000781600000, 0x0000000781700000|  0%| F|  |TAMS 0x0000000781600000, 0x0000000781600000| Untracked 
|  23|0x0000000781700000, 0x0000000781700000, 0x0000000781800000|  0%| F|  |TAMS 0x0000000781700000, 0x0000000781700000| Untracked 
|  24|0x0000000781800000, 0x0000000781800000, 0x0000000781900000|  0%| F|  |TAMS 0x0000000781800000, 0x0000000781800000| Untracked 
|  25|0x0000000781900000, 0x0000000781900000, 0x0000000781a00000|  0%| F|  |TAMS 0x0000000781900000, 0x0000000781900000| Untracked 
|  26|0x0000000781a00000, 0x0000000781a00000, 0x0000000781b00000|  0%| F|  |TAMS 0x0000000781a00000, 0x0000000781a00000| Untracked 
|  27|0x0000000781b00000, 0x0000000781b00000, 0x0000000781c00000|  0%| F|  |TAMS 0x0000000781b00000, 0x0000000781b00000| Untracked 
|  28|0x0000000781c00000, 0x0000000781c00000, 0x0000000781d00000|  0%| F|  |TAMS 0x0000000781c00000, 0x0000000781c00000| Untracked 
|  29|0x0000000781d00000, 0x0000000781d00000, 0x0000000781e00000|  0%| F|  |TAMS 0x0000000781d00000, 0x0000000781d00000| Untracked 
|  30|0x0000000781e00000, 0x0000000781e00000, 0x0000000781f00000|  0%| F|  |TAMS 0x0000000781e00000, 0x0000000781e00000| Untracked 
|  31|0x0000000781f00000, 0x0000000781f00000, 0x0000000782000000|  0%| F|  |TAMS 0x0000000781f00000, 0x0000000781f00000| Untracked 
|  32|0x0000000782000000, 0x0000000782000000, 0x0000000782100000|  0%| F|  |TAMS 0x0000000782000000, 0x0000000782000000| Untracked 
|  33|0x0000000782100000, 0x0000000782100000, 0x0000000782200000|  0%| F|  |TAMS 0x0000000782100000, 0x0000000782100000| Untracked 
|  34|0x0000000782200000, 0x0000000782200000, 0x0000000782300000|  0%| F|  |TAMS 0x0000000782200000, 0x0000000782200000| Untracked 
|  35|0x0000000782300000, 0x0000000782300000, 0x0000000782400000|  0%| F|  |TAMS 0x0000000782300000, 0x0000000782300000| Untracked 
|  36|0x0000000782400000, 0x0000000782400000, 0x0000000782500000|  0%| F|  |TAMS 0x0000000782400000, 0x0000000782400000| Untracked 
|  37|0x0000000782500000, 0x0000000782500000, 0x0000000782600000|  0%| F|  |TAMS 0x0000000782500000, 0x0000000782500000| Untracked 
|  38|0x0000000782600000, 0x0000000782600000, 0x0000000782700000|  0%| F|  |TAMS 0x0000000782600000, 0x0000000782600000| Untracked 
|  39|0x0000000782700000, 0x0000000782700000, 0x0000000782800000|  0%| F|  |TAMS 0x0000000782700000, 0x0000000782700000| Untracked 
|  40|0x0000000782800000, 0x0000000782800000, 0x0000000782900000|  0%| F|  |TAMS 0x0000000782800000, 0x0000000782800000| Untracked 
|  41|0x0000000782900000, 0x0000000782900000, 0x0000000782a00000|  0%| F|  |TAMS 0x0000000782900000, 0x0000000782900000| Untracked 
|  42|0x0000000782a00000, 0x0000000782a00000, 0x0000000782b00000|  0%| F|  |TAMS 0x0000000782a00000, 0x0000000782a00000| Untracked 
|  43|0x0000000782b00000, 0x0000000782b00000, 0x0000000782c00000|  0%| F|  |TAMS 0x0000000782b00000, 0x0000000782b00000| Untracked 
|  44|0x0000000782c00000, 0x0000000782c00000, 0x0000000782d00000|  0%| F|  |TAMS 0x0000000782c00000, 0x0000000782c00000| Untracked 
|  45|0x0000000782d00000, 0x0000000782d00000, 0x0000000782e00000|  0%| F|  |TAMS 0x0000000782d00000, 0x0000000782d00000| Untracked 
|  46|0x0000000782e00000, 0x0000000782e00000, 0x0000000782f00000|  0%| F|  |TAMS 0x0000000782e00000, 0x0000000782e00000| Untracked 
|  47|0x0000000782f00000, 0x0000000782f00000, 0x0000000783000000|  0%| F|  |TAMS 0x0000000782f00000, 0x0000000782f00000| Untracked 
|  48|0x0000000783000000, 0x0000000783000000, 0x0000000783100000|  0%| F|  |TAMS 0x0000000783000000, 0x0000000783000000| Untracked 
|  49|0x0000000783100000, 0x0000000783100000, 0x0000000783200000|  0%| F|  |TAMS 0x0000000783100000, 0x0000000783100000| Untracked 
|  50|0x0000000783200000, 0x0000000783200000, 0x0000000783300000|  0%| F|  |TAMS 0x0000000783200000, 0x0000000783200000| Untracked 
|  51|0x0000000783300000, 0x0000000783300000, 0x0000000783400000|  0%| F|  |TAMS 0x0000000783300000, 0x0000000783300000| Untracked 
|  52|0x0000000783400000, 0x0000000783400000, 0x0000000783500000|  0%| F|  |TAMS 0x0000000783400000, 0x0000000783400000| Untracked 
|  53|0x0000000783500000, 0x0000000783500000, 0x0000000783600000|  0%| F|  |TAMS 0x0000000783500000, 0x0000000783500000| Untracked 
|  54|0x0000000783600000, 0x0000000783600000, 0x0000000783700000|  0%| F|  |TAMS 0x0000000783600000, 0x0000000783600000| Untracked 
|  55|0x0000000783700000, 0x0000000783700000, 0x0000000783800000|  0%| F|  |TAMS 0x0000000783700000, 0x0000000783700000| Untracked 
|  56|0x0000000783800000, 0x0000000783800000, 0x0000000783900000|  0%| F|  |TAMS 0x0000000783800000, 0x0000000783800000| Untracked 
|  57|0x0000000783900000, 0x0000000783900000, 0x0000000783a00000|  0%| F|  |TAMS 0x0000000783900000, 0x0000000783900000| Untracked 
|  58|0x0000000783a00000, 0x0000000783a00000, 0x0000000783b00000|  0%| F|  |TAMS 0x0000000783a00000, 0x0000000783a00000| Untracked 
|  59|0x0000000783b00000, 0x0000000783b00000, 0x0000000783c00000|  0%| F|  |TAMS 0x0000000783b00000, 0x0000000783b00000| Untracked 
|  60|0x0000000783c00000, 0x0000000783c00000, 0x0000000783d00000|  0%| F|  |TAMS 0x0000000783c00000, 0x0000000783c00000| Untracked 
|  61|0x0000000783d00000, 0x0000000783d00000, 0x0000000783e00000|  0%| F|  |TAMS 0x0000000783d00000, 0x0000000783d00000| Untracked 
|  62|0x0000000783e00000, 0x0000000783e00000, 0x0000000783f00000|  0%| F|  |TAMS 0x0000000783e00000, 0x0000000783e00000| Untracked 
|  63|0x0000000783f00000, 0x0000000783f00000, 0x0000000784000000|  0%| F|  |TAMS 0x0000000783f00000, 0x0000000783f00000| Untracked 
|  64|0x0000000784000000, 0x0000000784000000, 0x0000000784100000|  0%| F|  |TAMS 0x0000000784000000, 0x0000000784000000| Untracked 
|  65|0x0000000784100000, 0x0000000784100000, 0x0000000784200000|  0%| F|  |TAMS 0x0000000784100000, 0x0000000784100000| Untracked 
|  66|0x0000000784200000, 0x0000000784200000, 0x0000000784300000|  0%| F|  |TAMS 0x0000000784200000, 0x0000000784200000| Untracked 
|  67|0x0000000784300000, 0x0000000784300000, 0x0000000784400000|  0%| F|  |TAMS 0x0000000784300000, 0x0000000784300000| Untracked 
|  68|0x0000000784400000, 0x0000000784400000, 0x0000000784500000|  0%| F|  |TAMS 0x0000000784400000, 0x0000000784400000| Untracked 
|  69|0x0000000784500000, 0x0000000784500000, 0x0000000784600000|  0%| F|  |TAMS 0x0000000784500000, 0x0000000784500000| Untracked 
|  70|0x0000000784600000, 0x0000000784600000, 0x0000000784700000|  0%| F|  |TAMS 0x0000000784600000, 0x0000000784600000| Untracked 
|  71|0x0000000784700000, 0x0000000784700000, 0x0000000784800000|  0%| F|  |TAMS 0x0000000784700000, 0x0000000784700000| Untracked 
|  72|0x0000000784800000, 0x0000000784800000, 0x0000000784900000|  0%| F|  |TAMS 0x0000000784800000, 0x0000000784800000| Untracked 
|  73|0x0000000784900000, 0x0000000784900000, 0x0000000784a00000|  0%| F|  |TAMS 0x0000000784900000, 0x0000000784900000| Untracked 
|  74|0x0000000784a00000, 0x0000000784a00000, 0x0000000784b00000|  0%| F|  |TAMS 0x0000000784a00000, 0x0000000784a00000| Untracked 
|  75|0x0000000784b00000, 0x0000000784b00000, 0x0000000784c00000|  0%| F|  |TAMS 0x0000000784b00000, 0x0000000784b00000| Untracked 
|  76|0x0000000784c00000, 0x0000000784c00000, 0x0000000784d00000|  0%| F|  |TAMS 0x0000000784c00000, 0x0000000784c00000| Untracked 
|  77|0x0000000784d00000, 0x0000000784d00000, 0x0000000784e00000|  0%| F|  |TAMS 0x0000000784d00000, 0x0000000784d00000| Untracked 
|  78|0x0000000784e00000, 0x0000000784e00000, 0x0000000784f00000|  0%| F|  |TAMS 0x0000000784e00000, 0x0000000784e00000| Untracked 
|  79|0x0000000784f00000, 0x0000000785000000, 0x0000000785000000|100%| S|CS|TAMS 0x0000000784f00000, 0x0000000784f00000| Complete 
|  80|0x0000000785000000, 0x0000000785100000, 0x0000000785100000|100%| S|CS|TAMS 0x0000000785000000, 0x0000000785000000| Complete 
|  81|0x0000000785100000, 0x0000000785200000, 0x0000000785200000|100%| S|CS|TAMS 0x0000000785100000, 0x0000000785100000| Complete 
|  82|0x0000000785200000, 0x0000000785300000, 0x0000000785300000|100%| S|CS|TAMS 0x0000000785200000, 0x0000000785200000| Complete 
|  83|0x0000000785300000, 0x0000000785400000, 0x0000000785400000|100%| S|CS|TAMS 0x0000000785300000, 0x0000000785300000| Complete 
|  84|0x0000000785400000, 0x0000000785500000, 0x0000000785500000|100%| S|CS|TAMS 0x0000000785400000, 0x0000000785400000| Complete 
|  85|0x0000000785500000, 0x0000000785500000, 0x0000000785600000|  0%| F|  |TAMS 0x0000000785500000, 0x0000000785500000| Untracked 
|  86|0x0000000785600000, 0x0000000785600000, 0x0000000785700000|  0%| F|  |TAMS 0x0000000785600000, 0x0000000785600000| Untracked 
|  87|0x0000000785700000, 0x0000000785700000, 0x0000000785800000|  0%| F|  |TAMS 0x0000000785700000, 0x0000000785700000| Untracked 
|  88|0x0000000785800000, 0x0000000785800000, 0x0000000785900000|  0%| F|  |TAMS 0x0000000785800000, 0x0000000785800000| Untracked 
|  89|0x0000000785900000, 0x0000000785900000, 0x0000000785a00000|  0%| F|  |TAMS 0x0000000785900000, 0x0000000785900000| Untracked 
|  90|0x0000000785a00000, 0x0000000785a00000, 0x0000000785b00000|  0%| F|  |TAMS 0x0000000785a00000, 0x0000000785a00000| Untracked 
|  91|0x0000000785b00000, 0x0000000785b00000, 0x0000000785c00000|  0%| F|  |TAMS 0x0000000785b00000, 0x0000000785b00000| Untracked 
|  92|0x0000000785c00000, 0x0000000785c00000, 0x0000000785d00000|  0%| F|  |TAMS 0x0000000785c00000, 0x0000000785c00000| Untracked 
|  93|0x0000000785d00000, 0x0000000785d00000, 0x0000000785e00000|  0%| F|  |TAMS 0x0000000785d00000, 0x0000000785d00000| Untracked 
|  94|0x0000000785e00000, 0x0000000785e00000, 0x0000000785f00000|  0%| F|  |TAMS 0x0000000785e00000, 0x0000000785e00000| Untracked 
|  95|0x0000000785f00000, 0x0000000785f00000, 0x0000000786000000|  0%| F|  |TAMS 0x0000000785f00000, 0x0000000785f00000| Untracked 
|  96|0x0000000786000000, 0x0000000786000000, 0x0000000786100000|  0%| F|  |TAMS 0x0000000786000000, 0x0000000786000000| Untracked 
|  97|0x0000000786100000, 0x0000000786100000, 0x0000000786200000|  0%| F|  |TAMS 0x0000000786100000, 0x0000000786100000| Untracked 
|  98|0x0000000786200000, 0x0000000786200000, 0x0000000786300000|  0%| F|  |TAMS 0x0000000786200000, 0x0000000786200000| Untracked 
|  99|0x0000000786300000, 0x0000000786300000, 0x0000000786400000|  0%| F|  |TAMS 0x0000000786300000, 0x0000000786300000| Untracked 
| 100|0x0000000786400000, 0x0000000786400000, 0x0000000786500000|  0%| F|  |TAMS 0x0000000786400000, 0x0000000786400000| Untracked 
| 101|0x0000000786500000, 0x0000000786500000, 0x0000000786600000|  0%| F|  |TAMS 0x0000000786500000, 0x0000000786500000| Untracked 
| 102|0x0000000786600000, 0x0000000786600000, 0x0000000786700000|  0%| F|  |TAMS 0x0000000786600000, 0x0000000786600000| Untracked 
| 103|0x0000000786700000, 0x0000000786700000, 0x0000000786800000|  0%| F|  |TAMS 0x0000000786700000, 0x0000000786700000| Untracked 
| 104|0x0000000786800000, 0x0000000786800000, 0x0000000786900000|  0%| F|  |TAMS 0x0000000786800000, 0x0000000786800000| Untracked 
| 105|0x0000000786900000, 0x0000000786900000, 0x0000000786a00000|  0%| F|  |TAMS 0x0000000786900000, 0x0000000786900000| Untracked 
| 106|0x0000000786a00000, 0x0000000786a00000, 0x0000000786b00000|  0%| F|  |TAMS 0x0000000786a00000, 0x0000000786a00000| Untracked 
| 107|0x0000000786b00000, 0x0000000786b00000, 0x0000000786c00000|  0%| F|  |TAMS 0x0000000786b00000, 0x0000000786b00000| Untracked 
| 108|0x0000000786c00000, 0x0000000786c00000, 0x0000000786d00000|  0%| F|  |TAMS 0x0000000786c00000, 0x0000000786c00000| Untracked 
| 109|0x0000000786d00000, 0x0000000786d00000, 0x0000000786e00000|  0%| F|  |TAMS 0x0000000786d00000, 0x0000000786d00000| Untracked 
| 110|0x0000000786e00000, 0x0000000786e00000, 0x0000000786f00000|  0%| F|  |TAMS 0x0000000786e00000, 0x0000000786e00000| Untracked 
| 111|0x0000000786f00000, 0x0000000786f00000, 0x0000000787000000|  0%| F|  |TAMS 0x0000000786f00000, 0x0000000786f00000| Untracked 
| 112|0x0000000787000000, 0x0000000787000000, 0x0000000787100000|  0%| F|  |TAMS 0x0000000787000000, 0x0000000787000000| Untracked 
| 113|0x0000000787100000, 0x0000000787100000, 0x0000000787200000|  0%| F|  |TAMS 0x0000000787100000, 0x0000000787100000| Untracked 
| 114|0x0000000787200000, 0x0000000787200000, 0x0000000787300000|  0%| F|  |TAMS 0x0000000787200000, 0x0000000787200000| Untracked 
| 115|0x0000000787300000, 0x0000000787300000, 0x0000000787400000|  0%| F|  |TAMS 0x0000000787300000, 0x0000000787300000| Untracked 
| 116|0x0000000787400000, 0x0000000787400000, 0x0000000787500000|  0%| F|  |TAMS 0x0000000787400000, 0x0000000787400000| Untracked 
| 117|0x0000000787500000, 0x0000000787500000, 0x0000000787600000|  0%| F|  |TAMS 0x0000000787500000, 0x0000000787500000| Untracked 
| 118|0x0000000787600000, 0x0000000787600000, 0x0000000787700000|  0%| F|  |TAMS 0x0000000787600000, 0x0000000787600000| Untracked 
| 119|0x0000000787700000, 0x0000000787700000, 0x0000000787800000|  0%| F|  |TAMS 0x0000000787700000, 0x0000000787700000| Untracked 
| 120|0x0000000787800000, 0x0000000787800000, 0x0000000787900000|  0%| F|  |TAMS 0x0000000787800000, 0x0000000787800000| Untracked 
| 121|0x0000000787900000, 0x0000000787900800, 0x0000000787a00000|  0%| E|  |TAMS 0x0000000787900000, 0x0000000787900000| Complete 
| 122|0x0000000787a00000, 0x0000000787b00000, 0x0000000787b00000|100%| E|CS|TAMS 0x0000000787a00000, 0x0000000787a00000| Complete 
| 123|0x0000000787b00000, 0x0000000787c00000, 0x0000000787c00000|100%| E|CS|TAMS 0x0000000787b00000, 0x0000000787b00000| Complete 
| 124|0x0000000787c00000, 0x0000000787d00000, 0x0000000787d00000|100%| E|CS|TAMS 0x0000000787c00000, 0x0000000787c00000| Complete 
| 125|0x0000000787d00000, 0x0000000787e00000, 0x0000000787e00000|100%| E|CS|TAMS 0x0000000787d00000, 0x0000000787d00000| Complete 
| 126|0x0000000787e00000, 0x0000000787f00000, 0x0000000787f00000|100%| E|CS|TAMS 0x0000000787e00000, 0x0000000787e00000| Complete 
| 127|0x0000000787f00000, 0x0000000788000000, 0x0000000788000000|100%| E|CS|TAMS 0x0000000787f00000, 0x0000000787f00000| Complete 
|2046|0x00000007ffe00000, 0x00000007ffe78000, 0x00000007fff00000| 46%|OA|  |TAMS 0x00000007ffe00000, 0x00000007ffe00000| Untracked 
|2047|0x00000007fff00000, 0x00000007fff80000, 0x0000000800000000| 50%|CA|  |TAMS 0x00000007fff00000, 0x00000007fff00000| Untracked 

Card table byte_map: [0x0000000100e10000,0x0000000101210000] _byte_map_base: 0x00000000fd210000

Marking Bits (Prev, Next): (CMBitMap*) 0x000000015e00d610, (CMBitMap*) 0x000000015e00d650
 Prev Bits: [0x0000000118e1c000, 0x000000011ae1c000)
 Next Bits: [0x000000011ae1c000, 0x000000011ce1c000)

Polling page: 0x0000000100678000

Metaspace:

Usage:
  Non-class:     14.05 MB used.
      Class:      2.42 MB used.
       Both:     16.47 MB used.

Virtual space:
  Non-class space:       16.00 MB reserved,      14.19 MB ( 89%) committed,  2 nodes.
      Class space:        1.00 GB reserved,       2.56 MB ( <1%) committed,  1 nodes.
             Both:        1.02 GB reserved,      16.75 MB (  2%) committed. 

Chunk freelists:
   Non-Class:  1.22 MB
       Class:  1.48 MB
        Both:  2.70 MB

MaxMetaspaceSize: unlimited
CompressedClassSpaceSize: 1.00 GB
Initial GC threshold: 21.00 MB
Current GC threshold: 21.00 MB
CDS: on
MetaspaceReclaimPolicy: balanced
 - commit_granule_bytes: 65536.
 - commit_granule_words: 8192.
 - virtual_space_node_default_size: 1048576.
 - enlarge_chunks_in_place: 1.
 - new_chunks_are_fully_committed: 0.
 - uncommit_free_chunks: 1.
 - use_allocation_guard: 0.
 - handle_deallocations: 1.


Internal statistics:

num_allocs_failed_limit: 0.
num_arena_births: 188.
num_arena_deaths: 0.
num_vsnodes_births: 3.
num_vsnodes_deaths: 0.
num_space_committed: 268.
num_space_uncommitted: 0.
num_chunks_returned_to_freelist: 0.
num_chunks_taken_from_freelist: 703.
num_chunk_merges: 0.
num_chunk_splits: 506.
num_chunks_enlarged: 403.
num_purges: 0.
num_inconsistent_stats: 0.

CodeHeap 'non-profiled nmethods': size=120032Kb used=1253Kb max_used=1253Kb free=118778Kb
 bounds [0x00000001118e4000, 0x0000000111b54000, 0x0000000118e1c000]
CodeHeap 'profiled nmethods': size=120016Kb used=6332Kb max_used=6332Kb free=113683Kb
 bounds [0x000000010a3b0000, 0x000000010a9e0000, 0x00000001118e4000]
CodeHeap 'non-nmethods': size=5712Kb used=1385Kb max_used=1470Kb free=4326Kb
 bounds [0x0000000109e1c000, 0x000000010a08c000, 0x000000010a3b0000]
 total_blobs=3706 nmethods=2930 adapters=691
 compilation: enabled
              stopped_count=0, restarted_count=0
 full_count=0

Compilation events (20 events):
Event: 8.463 Thread 0x000000015c00bc00 nmethod 2977 0x000000010a9d1e10 code [0x000000010a9d1fc0, 0x000000010a9d2308]
Event: 8.463 Thread 0x000000015c00bc00 2978       3       com.sun.javafx.geom.transform.Affine3D::deltaTransform (126 bytes)
Event: 8.464 Thread 0x000000015c00bc00 nmethod 2978 0x000000010a9d2410 code [0x000000010a9d2600, 0x000000010a9d29d8]
Event: 8.464 Thread 0x000000015c00bc00 2979       3       com.sun.javafx.geom.transform.AffineBase::deltaTransform (204 bytes)
Event: 8.464 Thread 0x000000015c00bc00 nmethod 2979 0x000000010a9d2b90 code [0x000000010a9d2d80, 0x000000010a9d3398]
Event: 8.469 Thread 0x000000015d014200 2980       4       com.sun.javafx.geom.PickRay::setDirection (12 bytes)
Event: 8.469 Thread 0x000000015c00bc00 2981       3       javafx.scene.Scene$MouseHandler::handleEnterExit (369 bytes)
Event: 8.470 Thread 0x000000015d014200 nmethod 2980 0x0000000111a1c190 code [0x0000000111a1c300, 0x0000000111a1c3f0]
Event: 8.471 Thread 0x000000015c00bc00 nmethod 2981 0x000000010a9d3610 code [0x000000010a9d3b00, 0x000000010a9d5cd8]
Event: 8.476 Thread 0x000000015c00bc00 2982       3       javafx.scene.input.PickResult::<init> (50 bytes)
Event: 8.477 Thread 0x000000015c00bc00 nmethod 2982 0x000000010a9d6610 code [0x000000010a9d6800, 0x000000010a9d6b28]
Event: 8.484 Thread 0x000000015c00bc00 2983       3       javafx.scene.Scene$MouseHandler::updateCursor (36 bytes)
Event: 8.485 Thread 0x000000015c00bc00 nmethod 2983 0x000000010a9d6c10 code [0x000000010a9d6dc0, 0x000000010a9d71e8]
Event: 8.492 Thread 0x000000015c00bc00 2984       3       javafx.scene.input.PickResult::<init> (47 bytes)
Event: 8.493 Thread 0x000000015c00bc00 nmethod 2984 0x000000010a9d7310 code [0x000000010a9d7500, 0x000000010a9d77e8]
Event: 8.516 Thread 0x000000015c00bc00 2985       3       javafx.scene.Scene$ClickGenerator::postProcess (266 bytes)
Event: 8.518 Thread 0x000000015c00bc00 nmethod 2985 0x000000010a9d7910 code [0x000000010a9d7cc0, 0x000000010a9d9288]
Event: 8.532 Thread 0x000000015c00bc00 2986       3       javafx.scene.Scene$TargetWrapper::clear (12 bytes)
Event: 8.533 Thread 0x000000015c00bc00 nmethod 2986 0x000000010a9d9890 code [0x000000010a9d9a40, 0x000000010a9d9c68]
Event: 8.540 Thread 0x000000015c00bc00 2987       3       java.util.concurrent.locks.AbstractQueuedSynchronizer::release (19 bytes)

GC Heap History (4 events):
Event: 0.478 GC heap before
{Heap before GC invocations=0 (full 0):
 garbage-first heap   total 133120K, used 23520K [0x0000000780000000, 0x0000000800000000)
  region size 1024K, 23 young (23552K), 0 survivors (0K)
 Metaspace       used 7604K, committed 7744K, reserved 1056768K
  class space    used 962K, committed 1024K, reserved 1048576K
}
Event: 0.480 GC heap after
{Heap after GC invocations=1 (full 0):
 garbage-first heap   total 133120K, used 4398K [0x0000000780000000, 0x0000000800000000)
  region size 1024K, 3 young (3072K), 3 survivors (3072K)
 Metaspace       used 7604K, committed 7744K, reserved 1056768K
  class space    used 962K, committed 1024K, reserved 1048576K
}
Event: 6.004 GC heap before
{Heap before GC invocations=1 (full 0):
 garbage-first heap   total 133120K, used 47406K [0x0000000780000000, 0x0000000800000000)
  region size 1024K, 43 young (44032K), 3 survivors (3072K)
 Metaspace       used 16416K, committed 16640K, reserved 1064960K
  class space    used 2427K, committed 2560K, reserved 1048576K
}
Event: 6.012 GC heap after
{Heap after GC invocations=2 (full 0):
 garbage-first heap   total 133120K, used 12406K [0x0000000780000000, 0x0000000800000000)
  region size 1024K, 6 young (6144K), 6 survivors (6144K)
 Metaspace       used 16416K, committed 16640K, reserved 1064960K
  class space    used 2427K, committed 2560K, reserved 1048576K
}

Deoptimization events (20 events):
Event: 6.036 Thread 0x000000015c017000 DEOPT PACKING pc=0x000000010a84fc60 sp=0x00000001723957d0
Event: 6.036 Thread 0x000000015c017000 DEOPT UNPACKING pc=0x0000000109e5ab7c sp=0x0000000172395470 mode 0
Event: 6.037 Thread 0x000000015c017000 DEOPT PACKING pc=0x000000010a84fc60 sp=0x00000001723957d0
Event: 6.037 Thread 0x000000015c017000 DEOPT UNPACKING pc=0x0000000109e5ab7c sp=0x0000000172395470 mode 0
Event: 6.039 Thread 0x000000015c017000 DEOPT PACKING pc=0x000000010a84fc60 sp=0x0000000172395580
Event: 6.039 Thread 0x000000015c017000 DEOPT UNPACKING pc=0x0000000109e5ab7c sp=0x0000000172395220 mode 0
Event: 6.044 Thread 0x000000015c017000 DEOPT PACKING pc=0x000000010a84fc60 sp=0x0000000172395750
Event: 6.044 Thread 0x000000015c017000 DEOPT UNPACKING pc=0x0000000109e5ab7c sp=0x00000001723953f0 mode 0
Event: 7.500 Thread 0x000000015c017000 DEOPT PACKING pc=0x000000010a92e600 sp=0x00000001723955d0
Event: 7.500 Thread 0x000000015c017000 DEOPT UNPACKING pc=0x0000000109e5ab7c sp=0x00000001723951d0 mode 0
Event: 7.503 Thread 0x000000015c017000 DEOPT PACKING pc=0x000000010a92ec94 sp=0x00000001723955d0
Event: 7.503 Thread 0x000000015c017000 DEOPT UNPACKING pc=0x0000000109e5ab7c sp=0x00000001723951d0 mode 0
Event: 7.986 Thread 0x000000015d10a000 Uncommon trap: trap_request=0xffffff45 fr.pc=0x0000000111a04474 relative=0x00000000000003b4
Event: 7.986 Thread 0x000000015d10a000 Uncommon trap: reason=unstable_if action=reinterpret pc=0x0000000111a04474 method=javafx.scene.Node.intersectsBounds(Lcom/sun/javafx/geom/PickRay;)D @ 814 c2
Event: 7.986 Thread 0x000000015d10a000 DEOPT PACKING pc=0x0000000111a04474 sp=0x000000016f906fc0
Event: 7.986 Thread 0x000000015d10a000 DEOPT UNPACKING pc=0x0000000109e5ad1c sp=0x000000016f906e30 mode 2
Event: 7.986 Thread 0x000000015d10a000 Uncommon trap: trap_request=0xffffff45 fr.pc=0x0000000111a1a2cc relative=0x000000000000028c
Event: 7.986 Thread 0x000000015d10a000 Uncommon trap: reason=unstable_if action=reinterpret pc=0x0000000111a1a2cc method=javafx.scene.Node.pickNode(Lcom/sun/javafx/geom/PickRay;Lcom/sun/javafx/scene/input/PickResultChooser;)V @ 4 c2
Event: 7.986 Thread 0x000000015d10a000 DEOPT PACKING pc=0x0000000111a1a2cc sp=0x000000016f906f30
Event: 7.986 Thread 0x000000015d10a000 DEOPT UNPACKING pc=0x0000000109e5ad1c sp=0x000000016f906e80 mode 2

Classes unloaded (0 events):
No events

Classes redefined (0 events):
No events

Internal exceptions (20 events):
Event: 0.468 Thread 0x000000015d10a000 Exception <a 'java/lang/NoSuchMethodError'{0x0000000786acb2c0}: 'java.lang.Object java.lang.invoke.DirectMethodHandle$Holder.invokeStatic(java.lang.Object, int, java.lang.Object)'> (0x0000000786acb2c0) 
thrown [open/src/hotspot/share/interpreter/linkResolver.cpp, line 759]
Event: 0.469 Thread 0x000000015d10a000 Exception <a 'java/lang/ClassNotFoundException'{0x0000000786adea18}: sun/util/logging/resources/spi/loggingProvider> (0x0000000786adea18) 
thrown [open/src/hotspot/share/classfile/systemDictionary.cpp, line 256]
Event: 0.483 Thread 0x000000015d10a000 Exception <a 'java/lang/NoSuchMethodError'{0x0000000787f4bd20}: 'java.lang.Object java.lang.invoke.DirectMethodHandle$Holder.invokeSpecial(java.lang.Object, java.lang.Object, java.lang.Object, int, java.lang.Object)'> (0x0000000787f4bd20) 
thrown [open/src/hotspot/share/interpreter/linkResolver.cpp, line 759]
Event: 0.528 Thread 0x000000015d10a000 Exception <a 'java/lang/NoSuchMethodError'{0x00000007879107b8}: 'void java.lang.invoke.DirectMethodHandle$Holder.invokeStaticInit(java.lang.Object, java.lang.Object)'> (0x00000007879107b8) 
thrown [open/src/hotspot/share/interpreter/linkResolver.cpp, line 759]
Event: 0.532 Thread 0x000000015d10a000 Exception <a 'java/lang/NoSuchMethodError'{0x000000078798eeb0}: 'void java.lang.invoke.DirectMethodHandle$Holder.invokeSpecial(java.lang.Object, java.lang.Object, java.lang.Object, java.lang.Object, java.lang.Object)'> (0x000000078798eeb0) 
thrown [open/src/hotspot/share/interpreter/linkResolver.cpp, line 759]
Event: 0.571 Thread 0x000000015d10a000 Implicit null exception at 0x0000000111939f90 to 0x000000011193a44c
Event: 0.571 Thread 0x000000015d10a000 Implicit null exception at 0x0000000111938d50 to 0x00000001119391cc
Event: 0.571 Thread 0x000000015d10a000 Implicit null exception at 0x00000001118f6b54 to 0x00000001118f6bc0
Event: 0.719 Thread 0x000000015d10a000 Exception <a 'java/lang/NoSuchMethodError'{0x00000007870f5350}: 'java.lang.Object java.lang.invoke.DirectMethodHandle$Holder.invokeInterface(java.lang.Object, java.lang.Object, java.lang.Object)'> (0x00000007870f5350) 
thrown [open/src/hotspot/share/interpreter/linkResolver.cpp, line 759]
Event: 0.720 Thread 0x000000015d10a000 Exception <a 'java/lang/IncompatibleClassChangeError'{0x00000007870f8cd8}: Found class java.lang.Object, but interface was expected> (0x00000007870f8cd8) 
thrown [open/src/hotspot/share/interpreter/linkResolver.cpp, line 826]
Event: 0.742 Thread 0x000000015d10a000 Exception <a 'java/lang/ClassNotFoundException'{0x0000000786db1918}: com/sun/javafx/scene/control/skin/resources/controls> (0x0000000786db1918) 
thrown [open/src/hotspot/share/prims/jni.cpp, line 535]
Event: 0.742 Thread 0x000000015d10a000 Exception <a 'java/lang/ClassNotFoundException'{0x0000000786dbf8b8}: com/sun/javafx/scene/control/skin/resources/controls_en> (0x0000000786dbf8b8) 
thrown [open/src/hotspot/share/prims/jni.cpp, line 535]
Event: 0.742 Thread 0x000000015d10a000 Exception <a 'java/lang/ClassNotFoundException'{0x0000000786dc0850}: com/sun/javafx/scene/control/skin/resources/controls_en_US> (0x0000000786dc0850) 
thrown [open/src/hotspot/share/prims/jni.cpp, line 535]
Event: 0.792 Thread 0x000000015d10a000 Exception <a 'java/lang/NoSuchMethodError'{0x000000078636b968}: 'void java.lang.invoke.DirectMethodHandle$Holder.invokeSpecial(java.lang.Object, java.lang.Object, java.lang.Object, java.lang.Object, java.lang.Object, java.lang.Object)'> (0x000000078636b968) 
thrown [open/src/hotspot/share/interpreter/linkResolver.cpp, line 759]
Event: 0.833 Thread 0x000000015d10a000 Exception <a 'java/lang/NoSuchMethodError'{0x00000007860f1620}: 'java.lang.Object java.lang.invoke.DirectMethodHandle$Holder.newInvokeSpecial(java.lang.Object, java.lang.Object, int)'> (0x00000007860f1620) 
thrown [open/src/hotspot/share/interpreter/linkResolver.cpp, line 759]
Event: 0.865 Thread 0x000000015d10a000 Implicit null exception at 0x00000001119660cc to 0x0000000111966814
Event: 0.865 Thread 0x000000015d10a000 Implicit null exception at 0x00000001119660cc to 0x0000000111966814
Event: 0.865 Thread 0x000000015d10a000 Implicit null exception at 0x00000001119660cc to 0x0000000111966814
Event: 0.865 Thread 0x000000015d10a000 Implicit null exception at 0x00000001119660cc to 0x0000000111966814
Event: 0.879 Thread 0x000000015c017000 Exception <a 'java/lang/NoSuchMethodError'{0x0000000785ee6f50}: 'int java.lang.invoke.DirectMethodHandle$Holder.invokeStaticInit(java.lang.Object, java.lang.Object)'> (0x0000000785ee6f50) 
thrown [open/src/hotspot/share/interpreter/linkResolver.cpp, line 759]

VM Operations (20 events):
Event: 0.772 Executing VM operation: ICBufferFull
Event: 0.772 Executing VM operation: ICBufferFull done
Event: 0.882 Executing VM operation: ICBufferFull
Event: 0.882 Executing VM operation: ICBufferFull done
Event: 2.022 Executing VM operation: Cleanup
Event: 2.022 Executing VM operation: Cleanup done
Event: 3.027 Executing VM operation: Cleanup
Event: 3.028 Executing VM operation: Cleanup done
Event: 3.280 Executing VM operation: ICBufferFull
Event: 3.280 Executing VM operation: ICBufferFull done
Event: 4.285 Executing VM operation: Cleanup
Event: 4.285 Executing VM operation: Cleanup done
Event: 5.290 Executing VM operation: Cleanup
Event: 5.290 Executing VM operation: Cleanup done
Event: 6.004 Executing VM operation: G1CollectForAllocation
Event: 6.012 Executing VM operation: G1CollectForAllocation done
Event: 6.970 Executing VM operation: ICBufferFull
Event: 6.971 Executing VM operation: ICBufferFull done
Event: 7.976 Executing VM operation: Cleanup
Event: 7.976 Executing VM operation: Cleanup done

Events (20 events):
Event: 5.980 loading class jdk/internal/reflect/BootstrapConstructorAccessorImpl
Event: 5.980 loading class jdk/internal/reflect/BootstrapConstructorAccessorImpl done
Event: 5.988 Protecting memory [0x0000000172638000,0x0000000172644000] with protection modes 0
Event: 5.988 Thread 0x000000015c2aea00 Thread added: 0x000000015c2aea00
Event: 6.323 Protecting memory [0x0000000172638000,0x0000000172644000] with protection modes 3
Event: 6.323 Thread 0x000000015c2aea00 Thread exited: 0x000000015c2aea00
Event: 6.406 Protecting memory [0x0000000172638000,0x0000000172644000] with protection modes 0
Event: 6.406 Thread 0x000000012201fe00 Thread added: 0x000000012201fe00
Event: 6.689 Protecting memory [0x0000000172638000,0x0000000172644000] with protection modes 3
Event: 6.689 Thread 0x000000012201fe00 Thread exited: 0x000000012201fe00
Event: 6.989 Protecting memory [0x0000000172638000,0x0000000172644000] with protection modes 0
Event: 6.989 Thread 0x000000015d10ce00 Thread added: 0x000000015d10ce00
Event: 7.272 Protecting memory [0x0000000172638000,0x0000000172644000] with protection modes 3
Event: 7.272 Thread 0x000000015d10ce00 Thread exited: 0x000000015d10ce00
Event: 7.456 Protecting memory [0x0000000172638000,0x0000000172644000] with protection modes 0
Event: 7.456 Thread 0x000000012201fe00 Thread added: 0x000000012201fe00
Event: 7.773 Protecting memory [0x0000000172638000,0x0000000172644000] with protection modes 3
Event: 7.773 Thread 0x000000012201fe00 Thread exited: 0x000000012201fe00
Event: 8.423 Protecting memory [0x0000000172638000,0x0000000172644000] with protection modes 0
Event: 8.423 Thread 0x000000013d008c00 Thread added: 0x000000013d008c00


Dynamic libraries:
0x0000000100628000 	/Library/Java/JavaVirtualMachines/jdk-17.0.4.jdk/Contents/Home/lib/libjli.dylib
0x00000001a5cb9000 	/usr/lib/libz.1.dylib
0x00000001a5d70000 	/usr/lib/libSystem.B.dylib
0x00000001a5d6a000 	/usr/lib/system/libcache.dylib
0x00000001a5d28000 	/usr/lib/system/libcommonCrypto.dylib
0x00000001a5d51000 	/usr/lib/system/libcompiler_rt.dylib
0x00000001a5d48000 	/usr/lib/system/libcopyfile.dylib
0x000000019af8f000 	/usr/lib/system/libcorecrypto.dylib
0x000000019b044000 	/usr/lib/system/libdispatch.dylib
0x000000019b212000 	/usr/lib/system/libdyld.dylib
0x00000001a5d60000 	/usr/lib/system/libkeymgr.dylib
0x00000001a5d03000 	/usr/lib/system/libmacho.dylib
0x00000001a53f3000 	/usr/lib/system/libquarantine.dylib
0x00000001a5d5d000 	/usr/lib/system/libremovefile.dylib
0x00000001a038a000 	/usr/lib/system/libsystem_asl.dylib
0x000000019af31000 	/usr/lib/system/libsystem_blocks.dylib
0x000000019b0cc000 	/usr/lib/system/libsystem_c.dylib
0x00000001a5d55000 	/usr/lib/system/libsystem_collections.dylib
0x00000001a4888000 	/usr/lib/system/libsystem_configuration.dylib
0x00000001a3ae2000 	/usr/lib/system/libsystem_containermanager.dylib
0x00000001a5a60000 	/usr/lib/system/libsystem_coreservices.dylib
0x000000019d943000 	/usr/lib/system/libsystem_darwin.dylib
0x00000001a5d61000 	/usr/lib/system/libsystem_dnssd.dylib
0x000000019b0c9000 	/usr/lib/system/libsystem_featureflags.dylib
0x000000019b227000 	/usr/lib/system/libsystem_info.dylib
0x00000001a5ccb000 	/usr/lib/system/libsystem_m.dylib
0x000000019b019000 	/usr/lib/system/libsystem_malloc.dylib
0x00000001a0318000 	/usr/lib/system/libsystem_networkextension.dylib
0x000000019dd9c000 	/usr/lib/system/libsystem_notify.dylib
0x00000001ac0c5000 	/usr/lib/system/libsystem_product_info_filter.dylib
0x00000001a488d000 	/usr/lib/system/libsystem_sandbox.dylib
0x00000001a5d5a000 	/usr/lib/system/libsystem_secinit.dylib
0x000000019b1cd000 	/usr/lib/system/libsystem_kernel.dylib
0x000000019b21f000 	/usr/lib/system/libsystem_platform.dylib
0x000000019b205000 	/usr/lib/system/libsystem_pthread.dylib
0x00000001a1aee000 	/usr/lib/system/libsystem_symptoms.dylib
0x000000019af75000 	/usr/lib/system/libsystem_trace.dylib
0x00000001a5d35000 	/usr/lib/system/libunwind.dylib
0x000000019af33000 	/usr/lib/system/libxpc.dylib
0x000000019b1b5000 	/usr/lib/libc++abi.dylib
0x000000019b08b000 	/usr/lib/libobjc.A.dylib
0x00000001a5d40000 	/usr/lib/liboah.dylib
0x000000019b14e000 	/usr/lib/libc++.1.dylib
0x00000001b1bf3000 	/System/Library/Frameworks/Cocoa.framework/Versions/A/Cocoa
0x000000019ddfd000 	/System/Library/Frameworks/AppKit.framework/Versions/C/AppKit
0x00000001a1314000 	/System/Library/Frameworks/CoreData.framework/Versions/A/CoreData
0x000000019c158000 	/System/Library/Frameworks/Foundation.framework/Versions/C/Foundation
0x000000019ecb6000 	/System/Library/PrivateFrameworks/UIFoundation.framework/Versions/A/UIFoundation
0x00000001abdbf000 	/System/Library/PrivateFrameworks/RemoteViewServices.framework/Versions/A/RemoteViewServices
0x00000001a4230000 	/System/Library/PrivateFrameworks/XCTTargetBootstrap.framework/Versions/A/XCTTargetBootstrap
0x00000001a7ab0000 	/System/Library/PrivateFrameworks/InternationalSupport.framework/Versions/A/InternationalSupport
0x00000001a7b39000 	/System/Library/PrivateFrameworks/UserActivity.framework/Versions/A/UserActivity
0x00000001a6fa7000 	/usr/lib/libspindump.dylib
0x000000019ef27000 	/System/Library/Frameworks/UniformTypeIdentifiers.framework/Versions/A/UniformTypeIdentifiers
0x00000001a2778000 	/usr/lib/libapp_launch_measurement.dylib
0x00000001a1ca0000 	/System/Library/PrivateFrameworks/CoreAnalytics.framework/Versions/A/CoreAnalytics
0x00000001a277b000 	/System/Library/PrivateFrameworks/CoreAutoLayout.framework/Versions/A/CoreAutoLayout
0x00000001a3b1f000 	/System/Library/Frameworks/Metal.framework/Versions/A/Metal
0x00000001a4898000 	/usr/lib/liblangid.dylib
0x00000001a4235000 	/System/Library/PrivateFrameworks/CoreSVG.framework/Versions/A/CoreSVG
0x00000001a03be000 	/System/Library/PrivateFrameworks/SkyLight.framework/Versions/A/SkyLight
0x00000001a079a000 	/System/Library/Frameworks/CoreGraphics.framework/Versions/A/CoreGraphics
0x00000001ac48b000 	/System/Library/Frameworks/Accelerate.framework/Versions/A/Accelerate
0x00000001a6a1e000 	/System/Library/PrivateFrameworks/IconServices.framework/Versions/A/IconServices
0x00000001a3b01000 	/System/Library/Frameworks/IOSurface.framework/Versions/A/IOSurface
0x00000001a1cd1000 	/usr/lib/libDiagnosticMessagesClient.dylib
0x00000001af990000 	/System/Library/Frameworks/ApplicationServices.framework/Versions/A/ApplicationServices
0x00000001a4218000 	/System/Library/PrivateFrameworks/DFRFoundation.framework/Versions/A/DFRFoundation
0x000000019d68d000 	/usr/lib/libicucore.A.dylib
0x00000001a895e000 	/System/Library/Frameworks/AudioToolbox.framework/Versions/A/AudioToolbox
0x00000001a7abc000 	/System/Library/PrivateFrameworks/DataDetectorsCore.framework/Versions/A/DataDetectorsCore
0x00000001be4dc000 	/System/Library/PrivateFrameworks/TextInput.framework/Versions/A/TextInput
0x00000001a0333000 	/usr/lib/libMobileGestalt.dylib
0x00000001a3ee4000 	/System/Library/Frameworks/Carbon.framework/Versions/A/Frameworks/HIToolbox.framework/Versions/A/HIToolbox
0x00000001a2151000 	/System/Library/Frameworks/QuartzCore.framework/Versions/A/QuartzCore
0x000000019d30e000 	/System/Library/Frameworks/Security.framework/Versions/A/Security
0x00000001abdff000 	/System/Library/Frameworks/Carbon.framework/Versions/A/Frameworks/SpeechRecognition.framework/Versions/A/SpeechRecognition
0x00000001a24cd000 	/System/Library/PrivateFrameworks/CoreUI.framework/Versions/A/CoreUI
0x000000019cbea000 	/System/Library/Frameworks/CoreAudio.framework/Versions/A/CoreAudio
0x00000001a1dc5000 	/System/Library/Frameworks/DiskArbitration.framework/Versions/A/DiskArbitration
0x00000001a73b1000 	/System/Library/PrivateFrameworks/MultitouchSupport.framework/Versions/A/MultitouchSupport
0x00000001a0331000 	/usr/lib/libenergytrace.dylib
0x000000019dcc5000 	/System/Library/Frameworks/IOKit.framework/Versions/A/IOKit
0x00000001ac1ee000 	/System/Library/Frameworks/CoreServices.framework/Versions/A/CoreServices
0x00000001a2708000 	/System/Library/PrivateFrameworks/PerformanceAnalysis.framework/Versions/A/PerformanceAnalysis
0x00000001fc983000 	/System/Library/Frameworks/OpenGL.framework/Versions/A/OpenGL
0x00000001a530b000 	/System/Library/PrivateFrameworks/MobileKeyBag.framework/Versions/A/MobileKeyBag
0x00000001a0da8000 	/System/Library/Frameworks/ColorSync.framework/Versions/A/ColorSync
0x000000019b254000 	/System/Library/Frameworks/CoreFoundation.framework/Versions/A/CoreFoundation
0x00000001a44b4000 	/System/Library/Frameworks/CoreImage.framework/Versions/A/CoreImage
0x000000019ca0e000 	/System/Library/Frameworks/CoreText.framework/Versions/A/CoreText
0x00000001a4265000 	/System/Library/Frameworks/ImageIO.framework/Versions/A/ImageIO
0x00000001a5d76000 	/System/Library/PrivateFrameworks/SoftLinking.framework/Versions/A/SoftLinking
0x00000001a27c6000 	/usr/lib/libxml2.2.dylib
0x00000001a600f000 	/usr/lib/libcompression.dylib
0x00000001a7a0c000 	/System/Library/PrivateFrameworks/TextureIO.framework/Versions/A/TextureIO
0x00000001a6737000 	/usr/lib/libate.dylib
0x00000001a65fc000 	/usr/lib/liblzma.5.dylib
0x000000019be4b000 	/System/Library/Frameworks/SystemConfiguration.framework/Versions/A/SystemConfiguration
0x00000001a5d72000 	/usr/lib/libfakelink.dylib
0x000000019fe63000 	/System/Library/Frameworks/CFNetwork.framework/Versions/A/CFNetwork
0x00000001a5eb8000 	/usr/lib/libarchive.2.dylib
0x00000001a4894000 	/System/Library/PrivateFrameworks/AppleSystemInfo.framework/Versions/A/AppleSystemInfo
0x00000001a541e000 	/usr/lib/libbsm.0.dylib
0x000000019f3d0000 	/usr/lib/libnetwork.dylib
0x00000001a5d0c000 	/usr/lib/system/libkxld.dylib
0x00000001a5038000 	/System/Library/PrivateFrameworks/IOMobileFramebuffer.framework/Versions/A/IOMobileFramebuffer
0x000000021ad6d000 	/usr/lib/libCoreEntitlements.dylib
0x00000001a5a42000 	/System/Library/PrivateFrameworks/AppleFSCompression.framework/Versions/A/AppleFSCompression
0x00000001a5406000 	/usr/lib/libcoretls.dylib
0x00000001a6615000 	/usr/lib/libcoretls_cfhelpers.dylib
0x00000001a600a000 	/usr/lib/libpam.2.dylib
0x00000001a1704000 	/usr/lib/libsqlite3.dylib
0x00000001a667e000 	/usr/lib/libxar.1.dylib
0x00000001a5a53000 	/usr/lib/libbz2.1.0.dylib
0x00000001a5d77000 	/usr/lib/libpcap.A.dylib
0x00000001a1ae5000 	/usr/lib/libdns_services.dylib
0x00000001a5fdd000 	/usr/lib/libapple_nghttp2.dylib
0x00000001a5db4000 	/usr/lib/libiconv.2.dylib
0x00000001a5d02000 	/usr/lib/libcharset.1.dylib
0x00000001a2744000 	/System/Library/Frameworks/CoreServices.framework/Versions/A/Frameworks/FSEvents.framework/Versions/A/FSEvents
0x000000019d94e000 	/System/Library/Frameworks/CoreServices.framework/Versions/A/Frameworks/CarbonCore.framework/Versions/A/CarbonCore
0x00000001a1d25000 	/System/Library/Frameworks/CoreServices.framework/Versions/A/Frameworks/Metadata.framework/Versions/A/Metadata
0x00000001a5a66000 	/System/Library/Frameworks/CoreServices.framework/Versions/A/Frameworks/OSServices.framework/Versions/A/OSServices
0x00000001a5f3e000 	/System/Library/Frameworks/CoreServices.framework/Versions/A/Frameworks/SearchKit.framework/Versions/A/SearchKit
0x00000001a1a73000 	/System/Library/Frameworks/CoreServices.framework/Versions/A/Frameworks/AE.framework/Versions/A/AE
0x000000019b79b000 	/System/Library/Frameworks/CoreServices.framework/Versions/A/Frameworks/LaunchServices.framework/Versions/A/LaunchServices
0x00000001a65a5000 	/System/Library/Frameworks/CoreServices.framework/Versions/A/Frameworks/DictionaryServices.framework/Versions/A/DictionaryServices
0x00000001a2751000 	/System/Library/Frameworks/CoreServices.framework/Versions/A/Frameworks/SharedFileList.framework/Versions/A/SharedFileList
0x00000001a53f6000 	/usr/lib/libCheckFix.dylib
0x00000001a03a2000 	/System/Library/PrivateFrameworks/TCC.framework/Versions/A/TCC
0x00000001a489a000 	/System/Library/PrivateFrameworks/CoreNLP.framework/Versions/A/CoreNLP
0x00000001a1cd4000 	/System/Library/PrivateFrameworks/MetadataUtilities.framework/Versions/A/MetadataUtilities
0x000000019bf05000 	/usr/lib/libmecabra.dylib
0x00000001a542f000 	/usr/lib/libmecab.dylib
0x000000019bed1000 	/usr/lib/libCRFSuite.dylib
0x00000001a548c000 	/usr/lib/libgermantok.dylib
0x00000001a5fb6000 	/usr/lib/libThaiTokenizer.dylib
0x00000001a1dcd000 	/System/Library/Frameworks/Accelerate.framework/Versions/A/Frameworks/vImage.framework/Versions/A/vImage
0x00000001ac1c5000 	/System/Library/Frameworks/Accelerate.framework/Versions/A/Frameworks/vecLib.framework/Versions/A/vecLib
0x00000001a66c3000 	/System/Library/Frameworks/Accelerate.framework/Versions/A/Frameworks/vecLib.framework/Versions/A/libvMisc.dylib
0x00000001a4f3f000 	/System/Library/Frameworks/Accelerate.framework/Versions/A/Frameworks/vecLib.framework/Versions/A/libvDSP.dylib
0x000000019bb26000 	/System/Library/Frameworks/Accelerate.framework/Versions/A/Frameworks/vecLib.framework/Versions/A/libBLAS.dylib
0x00000001a60e0000 	/System/Library/Frameworks/Accelerate.framework/Versions/A/Frameworks/vecLib.framework/Versions/A/libLAPACK.dylib
0x00000001a548f000 	/System/Library/Frameworks/Accelerate.framework/Versions/A/Frameworks/vecLib.framework/Versions/A/libLinearAlgebra.dylib
0x00000001a5ff5000 	/System/Library/Frameworks/Accelerate.framework/Versions/A/Frameworks/vecLib.framework/Versions/A/libSparseBLAS.dylib
0x00000001a60db000 	/System/Library/Frameworks/Accelerate.framework/Versions/A/Frameworks/vecLib.framework/Versions/A/libQuadrature.dylib
0x00000001a4993000 	/System/Library/Frameworks/Accelerate.framework/Versions/A/Frameworks/vecLib.framework/Versions/A/libBNNS.dylib
0x000000019bde4000 	/System/Library/Frameworks/Accelerate.framework/Versions/A/Frameworks/vecLib.framework/Versions/A/libSparse.dylib
0x00000001a498b000 	/System/Library/PrivateFrameworks/LinguisticData.framework/Versions/A/LinguisticData
0x000000019bd9c000 	/System/Library/PrivateFrameworks/Lexicon.framework/Versions/A/Lexicon
0x00000001a66bb000 	/usr/lib/libChineseTokenizer.dylib
0x000000019c54a000 	/System/Library/PrivateFrameworks/LanguageModeling.framework/Versions/A/LanguageModeling
0x00000001a5fb8000 	/System/Library/PrivateFrameworks/AppleSauce.framework/Versions/A/AppleSauce
0x00000001a5025000 	/System/Library/PrivateFrameworks/CoreEmoji.framework/Versions/A/CoreEmoji
0x00000001a5ea6000 	/usr/lib/libcmph.dylib
0x00000001a2724000 	/System/Library/Frameworks/OpenDirectory.framework/Versions/A/Frameworks/CFOpenDirectory.framework/Versions/A/CFOpenDirectory
0x00000001a2714000 	/System/Library/Frameworks/OpenDirectory.framework/Versions/A/OpenDirectory
0x00000001a6617000 	/System/Library/PrivateFrameworks/APFS.framework/Versions/A/APFS
0x00000001a5346000 	/System/Library/Frameworks/SecurityFoundation.framework/Versions/A/SecurityFoundation
0x00000001a668d000 	/usr/lib/libutil.dylib
0x000000019dc87000 	/System/Library/PrivateFrameworks/CoreServicesStore.framework/Versions/A/CoreServicesStore
0x00000001a6691000 	/usr/lib/libxslt.1.dylib
0x00000001a53da000 	/System/Library/PrivateFrameworks/BackgroundTaskManagement.framework/Versions/A/BackgroundTaskManagement
0x00000001a792d000 	/System/Library/Frameworks/ImageIO.framework/Versions/A/Resources/libRadiance.dylib
0x00000001a7936000 	/System/Library/Frameworks/ImageIO.framework/Versions/A/Resources/libJPEG.dylib
0x00000001a7889000 	/System/Library/Frameworks/ImageIO.framework/Versions/A/Resources/libPng.dylib
0x00000001a78ab000 	/System/Library/Frameworks/ImageIO.framework/Versions/A/Resources/libTIFF.dylib
0x00000001a7991000 	/System/Library/Frameworks/ImageIO.framework/Versions/A/Resources/libGIF.dylib
0x00000001a72c1000 	/System/Library/Frameworks/ImageIO.framework/Versions/A/Resources/libJP2.dylib
0x00000001a69e3000 	/usr/lib/libexpat.1.dylib
0x00000001a727c000 	/System/Library/PrivateFrameworks/AppleJPEG.framework/Versions/A/AppleJPEG
0x00000001a3da0000 	/System/Library/PrivateFrameworks/FontServices.framework/libFontParser.dylib
0x00000001a1a18000 	/System/Library/PrivateFrameworks/RunningBoardServices.framework/Versions/A/RunningBoardServices
0x00000001b22ca000 	/System/Library/PrivateFrameworks/IOSurfaceAccelerator.framework/Versions/A/IOSurfaceAccelerator
0x00000001a73ad000 	/System/Library/PrivateFrameworks/WatchdogClient.framework/Versions/A/WatchdogClient
0x000000019c64a000 	/System/Library/Frameworks/CoreDisplay.framework/Versions/A/CoreDisplay
0x00000001a3c8a000 	/System/Library/Frameworks/CoreMedia.framework/Versions/A/CoreMedia
0x00000001a3b15000 	/System/Library/PrivateFrameworks/IOAccelerator.framework/Versions/A/IOAccelerator
0x00000001a28b4000 	/System/Library/Frameworks/CoreVideo.framework/Versions/A/CoreVideo
0x00000001a6008000 	/System/Library/Frameworks/MetalPerformanceShaders.framework/Versions/A/MetalPerformanceShaders
0x00000001a73ec000 	/System/Library/Frameworks/VideoToolbox.framework/Versions/A/VideoToolbox
0x00000001a195c000 	/System/Library/PrivateFrameworks/BaseBoard.framework/Versions/A/BaseBoard
0x00000001a16ea000 	/System/Library/PrivateFrameworks/ProtocolBuffer.framework/Versions/A/ProtocolBuffer
0x00000001a7928000 	/System/Library/PrivateFrameworks/GPUWrangler.framework/Versions/A/GPUWrangler
0x00000001a7908000 	/System/Library/PrivateFrameworks/IOPresentment.framework/Versions/A/IOPresentment
0x00000001a7930000 	/System/Library/PrivateFrameworks/DSExternalDisplay.framework/Versions/A/DSExternalDisplay
0x00000001fc976000 	/System/Library/Frameworks/OpenGL.framework/Versions/A/Libraries/libCoreFSCache.dylib
0x0000000207840000 	/System/Library/PrivateFrameworks/GPUCompiler.framework/Versions/31001/Libraries/libGPUCompilerUtils.dylib
0x00000001a7996000 	/System/Library/PrivateFrameworks/CMCaptureCore.framework/Versions/A/CMCaptureCore
0x00000001a6f94000 	/System/Library/PrivateFrameworks/AppServerSupport.framework/Versions/A/AppServerSupport
0x00000001a921c000 	/System/Library/PrivateFrameworks/perfdata.framework/Versions/A/perfdata
0x000000019c76a000 	/System/Library/PrivateFrameworks/AudioToolboxCore.framework/Versions/A/AudioToolboxCore
0x00000001a3c63000 	/System/Library/PrivateFrameworks/caulk.framework/Versions/A/caulk
0x00000001a8b11000 	/usr/lib/libAudioStatistics.dylib
0x00000001bab2f000 	/System/Library/PrivateFrameworks/SystemPolicy.framework/Versions/A/SystemPolicy
0x00000001a8d7d000 	/usr/lib/libSMC.dylib
0x00000001b1ad1000 	/System/Library/Frameworks/CoreMIDI.framework/Versions/A/CoreMIDI
0x00000001a7857000 	/usr/lib/libAudioToolboxUtility.dylib
0x00000001b6c92000 	/System/Library/PrivateFrameworks/OSAServicesClient.framework/Versions/A/OSAServicesClient
0x00000001a9229000 	/usr/lib/libperfcheck.dylib
0x00000001bb64e000 	/usr/lib/libmis.dylib
0x00000001fc9d8000 	/System/Library/Frameworks/OpenGL.framework/Versions/A/Libraries/libGLU.dylib
0x00000001fc997000 	/System/Library/Frameworks/OpenGL.framework/Versions/A/Libraries/libGFXShared.dylib
0x00000001fcb84000 	/System/Library/Frameworks/OpenGL.framework/Versions/A/Libraries/libGL.dylib
0x00000001fc9a0000 	/System/Library/Frameworks/OpenGL.framework/Versions/A/Libraries/libGLImage.dylib
0x00000001fc994000 	/System/Library/Frameworks/OpenGL.framework/Versions/A/Libraries/libCVMSPluginSupport.dylib
0x00000001fc97d000 	/System/Library/Frameworks/OpenGL.framework/Versions/A/Libraries/libCoreVMClient.dylib
0x00000001a4814000 	/System/Library/Frameworks/MetalPerformanceShaders.framework/Versions/A/Frameworks/MPSCore.framework/Versions/A/MPSCore
0x00000001a59b5000 	/System/Library/Frameworks/MetalPerformanceShaders.framework/Versions/A/Frameworks/MPSImage.framework/Versions/A/MPSImage
0x00000001a54a4000 	/System/Library/Frameworks/MetalPerformanceShaders.framework/Versions/A/Frameworks/MPSNeuralNetwork.framework/Versions/A/MPSNeuralNetwork
0x00000001a58dd000 	/System/Library/Frameworks/MetalPerformanceShaders.framework/Versions/A/Frameworks/MPSMatrix.framework/Versions/A/MPSMatrix
0x00000001a56b6000 	/System/Library/Frameworks/MetalPerformanceShaders.framework/Versions/A/Frameworks/MPSRayIntersector.framework/Versions/A/MPSRayIntersector
0x00000001a590e000 	/System/Library/Frameworks/MetalPerformanceShaders.framework/Versions/A/Frameworks/MPSNDArray.framework/Versions/A/MPSNDArray
0x00000001ff47f000 	/System/Library/Frameworks/MetalPerformanceShaders.framework/Versions/A/Frameworks/MPSFunctions.framework/Versions/A/MPSFunctions
0x000000019b9fc000 	/System/Library/PrivateFrameworks/MetalTools.framework/Versions/A/MetalTools
0x00000001a4892000 	/System/Library/PrivateFrameworks/AggregateDictionary.framework/Versions/A/AggregateDictionary
0x00000001a67c8000 	/usr/lib/libIOReport.dylib
0x00000001b0aea000 	/System/Library/PrivateFrameworks/ASEProcessing.framework/Versions/A/ASEProcessing
0x00000001a6b3d000 	/System/Library/PrivateFrameworks/FaceCore.framework/Versions/A/FaceCore
0x00000001a6b2f000 	/System/Library/PrivateFrameworks/GraphVisualizer.framework/Versions/A/GraphVisualizer
0x0000000207757000 	/System/Library/PrivateFrameworks/FontServices.framework/Versions/A/FontServices
0x00000001a6f50000 	/System/Library/PrivateFrameworks/OTSVG.framework/Versions/A/OTSVG
0x00000001a247d000 	/System/Library/Frameworks/ApplicationServices.framework/Versions/A/Frameworks/ATS.framework/Versions/A/Resources/libFontRegistry.dylib
0x00000001a6f9d000 	/System/Library/PrivateFrameworks/FontServices.framework/libhvf.dylib
0x0000000207758000 	/System/Library/PrivateFrameworks/FontServices.framework/libXTFontStaticRegistryData.dylib
0x00000001fcd25000 	/System/Library/Frameworks/OpenCL.framework/Versions/A/OpenCL
0x00000001a6997000 	/System/Library/PrivateFrameworks/AppleVA.framework/Versions/A/AppleVA
0x00000001a8b39000 	/System/Library/Frameworks/ApplicationServices.framework/Versions/A/Frameworks/ATS.framework/Versions/A/ATS
0x00000001a0ea7000 	/System/Library/Frameworks/ApplicationServices.framework/Versions/A/Frameworks/HIServices.framework/Versions/A/HIServices
0x00000001a79a0000 	/System/Library/Frameworks/ApplicationServices.framework/Versions/A/Frameworks/PrintCore.framework/Versions/A/PrintCore
0x00000001a8ed0000 	/System/Library/Frameworks/ApplicationServices.framework/Versions/A/Frameworks/QD.framework/Versions/A/QD
0x00000001a8ec8000 	/System/Library/Frameworks/ApplicationServices.framework/Versions/A/Frameworks/ColorSyncLegacy.framework/Versions/A/ColorSyncLegacy
0x00000001a8b25000 	/System/Library/Frameworks/ApplicationServices.framework/Versions/A/Frameworks/SpeechSynthesis.framework/Versions/A/SpeechSynthesis
0x00000001a7961000 	/System/Library/Frameworks/ApplicationServices.framework/Versions/A/Frameworks/ATSUI.framework/Versions/A/ATSUI
0x00000001a8e5d000 	/usr/lib/libcups.2.dylib
0x00000001a9237000 	/System/Library/Frameworks/Kerberos.framework/Versions/A/Kerberos
0x00000001a9248000 	/System/Library/Frameworks/GSS.framework/Versions/A/GSS
0x00000001a8ba9000 	/usr/lib/libresolv.9.dylib
0x00000001a6fac000 	/System/Library/PrivateFrameworks/Heimdal.framework/Versions/A/Heimdal
0x00000001afd20000 	/System/Library/Frameworks/Kerberos.framework/Versions/A/Libraries/libHeimdalProxy.dylib
0x00000001a1af7000 	/System/Library/Frameworks/Network.framework/Versions/A/Network
0x00000001a69fe000 	/usr/lib/libheimdal-asn1.dylib
0x00000001a9298000 	/System/Library/PrivateFrameworks/CommonAuth.framework/Versions/A/CommonAuth
0x00000001a8a9f000 	/System/Library/PrivateFrameworks/AudioSession.framework/Versions/A/AudioSession
0x00000001a6a90000 	/System/Library/PrivateFrameworks/MediaExperience.framework/Versions/A/MediaExperience
0x00000001a8924000 	/System/Library/PrivateFrameworks/AudioSession.framework/libSessionUtility.dylib
0x00000001a8edc000 	/System/Library/PrivateFrameworks/AudioResourceArbitration.framework/Versions/A/AudioResourceArbitration
0x00000001ad0a2000 	/System/Library/PrivateFrameworks/PowerLog.framework/Versions/A/PowerLog
0x00000001a6a08000 	/System/Library/PrivateFrameworks/IconFoundation.framework/Versions/A/IconFoundation
0x00000001abdeb000 	/System/Library/PrivateFrameworks/SpeechRecognitionCore.framework/Versions/A/SpeechRecognitionCore
0x0000000101730000 	/Library/Java/JavaVirtualMachines/jdk-17.0.4.jdk/Contents/Home/lib/server/libjvm.dylib
0x000000010068c000 	/Library/Java/JavaVirtualMachines/jdk-17.0.4.jdk/Contents/Home/lib/libjimage.dylib
0x00000001006b8000 	/Library/Java/JavaVirtualMachines/jdk-17.0.4.jdk/Contents/Home/lib/libinstrument.dylib
0x0000000100704000 	/Library/Java/JavaVirtualMachines/jdk-17.0.4.jdk/Contents/Home/lib/libjava.dylib
0x0000000101678000 	/Library/Java/JavaVirtualMachines/jdk-17.0.4.jdk/Contents/Home/lib/libnio.dylib
0x0000000101698000 	/Library/Java/JavaVirtualMachines/jdk-17.0.4.jdk/Contents/Home/lib/libnet.dylib
0x00000001006ec000 	/Library/Java/JavaVirtualMachines/jdk-17.0.4.jdk/Contents/Home/lib/libzip.dylib
0x00000001016bc000 	/Users/markwilson/.openjfx/cache/17.0.1/libprism_es2.dylib
0x000000019dc4a000 	/System/Library/PrivateFrameworks/CoreServicesInternal.framework/Versions/A/CoreServicesInternal
0x00000001fcb8e000 	/System/Library/Frameworks/OpenGL.framework/Versions/A/Resources/GLEngine.bundle/GLEngine
0x00000001fca16000 	/System/Library/Frameworks/OpenGL.framework/Versions/A/Libraries/libGLProgrammability.dylib
0x0000000121cfc000 	/System/Library/Extensions/AppleMetalOpenGLRenderer.bundle/Contents/MacOS/AppleMetalOpenGLRenderer
0x00000001fccfd000 	/System/Library/Frameworks/OpenGL.framework/Versions/A/Resources/GLRendererFloat.bundle/GLRendererFloat
0x00000001fcdfd000 	/System/Library/Extensions/AGXMetal13_3.bundle/Contents/MacOS/AGXMetal13_3
0x00000001bb66a000 	/System/Library/PrivateFrameworks/GPURawCounter.framework/Versions/A/GPURawCounter
0x00000001b5dfb000 	/System/Library/PrivateFrameworks/IOGPU.framework/Versions/A/IOGPU
0x000000011ef94000 	/Users/markwilson/.openjfx/cache/17.0.1/libglass.dylib
0x00000001ad2fa000 	/System/Library/Frameworks/FileProvider.framework/Versions/A/FileProvider
0x00000001a18c4000 	/System/Library/Frameworks/Accounts.framework/Versions/A/Accounts
0x00000001ad47e000 	/System/Library/PrivateFrameworks/GenerationalStorage.framework/Versions/A/GenerationalStorage
0x00000001ae041000 	/System/Library/PrivateFrameworks/CoreSymbolication.framework/Versions/A/CoreSymbolication
0x00000001ad096000 	/System/Library/PrivateFrameworks/SymptomDiagnosticReporter.framework/Versions/A/SymptomDiagnosticReporter
0x000000019ef3b000 	/System/Library/PrivateFrameworks/DesktopServicesPriv.framework/Versions/A/DesktopServicesPriv
0x000000019ddac000 	/usr/lib/libsandbox.1.dylib
0x00000001a2942000 	/System/Library/PrivateFrameworks/UserManagement.framework/Versions/A/UserManagement
0x00000001adffe000 	/System/Library/PrivateFrameworks/DebugSymbols.framework/Versions/A/DebugSymbols
0x00000001a8ebb000 	/System/Library/PrivateFrameworks/NetAuth.framework/Versions/A/NetAuth
0x00000001a9ddc000 	/System/Library/PrivateFrameworks/Sharing.framework/Versions/A/Sharing
0x00000001a2912000 	/System/Library/PrivateFrameworks/login.framework/Versions/A/Frameworks/loginsupport.framework/Versions/A/loginsupport
0x00000001af235000 	/System/Library/PrivateFrameworks/Apple80211.framework/Versions/A/Apple80211
0x00000001a5a99000 	/System/Library/PrivateFrameworks/AuthKit.framework/Versions/A/AuthKit
0x00000001a5121000 	/System/Library/PrivateFrameworks/CoreUtils.framework/Versions/A/CoreUtils
0x00000001a5044000 	/System/Library/Frameworks/CoreWLAN.framework/Versions/A/CoreWLAN
0x00000001a9f4c000 	/System/Library/Frameworks/IOBluetooth.framework/Versions/A/IOBluetooth
0x00000001af295000 	/System/Library/PrivateFrameworks/CoreWiFi.framework/Versions/A/CoreWiFi
0x00000001adbde000 	/System/Library/PrivateFrameworks/FrontBoardServices.framework/Versions/A/FrontBoardServices
0x00000001adc76000 	/System/Library/PrivateFrameworks/BoardServices.framework/Versions/A/BoardServices
0x00000001a5334000 	/System/Library/PrivateFrameworks/AssertionServices.framework/Versions/A/AssertionServices
0x00000001af412000 	/System/Library/PrivateFrameworks/BackBoardServices.framework/Versions/A/BackBoardServices
0x00000001a932f000 	/System/Library/PrivateFrameworks/CorePhoneNumbers.framework/Versions/A/CorePhoneNumbers
0x00000001a8bd6000 	/System/Library/PrivateFrameworks/MultiverseSupport.framework/Versions/A/MultiverseSupport
0x00000001af693000 	/System/Library/PrivateFrameworks/RemoteServiceDiscovery.framework/Versions/A/RemoteServiceDiscovery
0x00000001ad1c6000 	/System/Library/PrivateFrameworks/DiskManagement.framework/Versions/A/DiskManagement
0x00000001ad0c9000 	/System/Library/PrivateFrameworks/AppleIDAuthSupport.framework/Versions/A/AppleIDAuthSupport
0x0000000201cbc000 	/System/Library/PrivateFrameworks/AAAFoundation.framework/Versions/A/AAAFoundation
0x00000001a930e000 	/System/Library/PrivateFrameworks/KeychainCircle.framework/Versions/A/KeychainCircle
0x00000001af6a3000 	/System/Library/PrivateFrameworks/RemoteXPC.framework/Versions/A/RemoteXPC
0x00000001ad192000 	/System/Library/PrivateFrameworks/MediaKit.framework/Versions/A/MediaKit
0x00000001ad0d6000 	/System/Library/Frameworks/DiscRecording.framework/Versions/A/DiscRecording
0x00000001a6913000 	/usr/lib/libCoreStorage.dylib
0x00000001af70f000 	/usr/lib/libcsfde.dylib
0x00000001aa021000 	/System/Library/PrivateFrameworks/ProtectedCloudStorage.framework/Versions/A/ProtectedCloudStorage
0x00000001af707000 	/System/Library/PrivateFrameworks/EFILogin.framework/Versions/A/EFILogin
0x00000001ad4a5000 	/System/Library/PrivateFrameworks/OctagonTrust.framework/Versions/A/OctagonTrust
0x00000002068de000 	/System/Library/PrivateFrameworks/CoreUtilsExtras.framework/Versions/A/CoreUtilsExtras
0x00000001acffb000 	/System/Library/Frameworks/CoreBluetooth.framework/Versions/A/CoreBluetooth
0x00000001afda5000 	/System/Library/Frameworks/AudioUnit.framework/Versions/A/AudioUnit
0x00000001a690b000 	/usr/lib/libMatch.1.dylib
0x00000001bfb52000 	/System/Library/Frameworks/Accelerate.framework/Versions/A/Frameworks/vImage.framework/Versions/A/Libraries/libCGInterfaces.dylib
0x0000000122fe4000 	/usr/lib/libobjc-trampolines.dylib
0x00000001a260c000 	/System/Library/PrivateFrameworks/ViewBridge.framework/Versions/A/ViewBridge
0x0000000202370000 	/System/Library/PrivateFrameworks/AccessibilityBundles.framework/Versions/A/AccessibilityBundles
0x000000012564c000 	/Users/markwilson/.openjfx/cache/17.0.1/libjavafx_font.dylib
0x00000001a706f000 	/System/Library/PrivateFrameworks/login.framework/Versions/A/login
0x000000021aeca000 	/usr/lib/libRosetta.dylib


VM Arguments:
jvm_args: -javaagent:/Applications/IntelliJ IDEA CE.app/Contents/lib/idea_rt.jar=52083:/Applications/IntelliJ IDEA CE.app/Contents/bin -Dfile.encoding=UTF-8 --module-path=/Users/markwilson/.m2/repository/org/openjfx/javafx-base/17.0.1/javafx-base-17.0.1-mac-aarch64.jar:/Users/markwilson/.m2/repository/org/openjfx/javafx-controls/17.0.1/javafx-controls-17.0.1-mac-aarch64.jar:/Users/markwilson/IdeaProjects/inventory-fx/target/classes:/Users/markwilson/.m2/repository/org/openjfx/javafx-fxml/17.0.1/javafx-fxml-17.0.1-mac-aarch64.jar:/Users/markwilson/.m2/repository/org/openjfx/javafx-graphics/17.0.1/javafx-graphics-17.0.1-mac-aarch64.jar -Djdk.module.main=com.mwilson.partsinventory 
java_command: com.mwilson.partsinventory/com.mwilson.inventoryfx.Main
java_class_path (initial): /Users/markwilson/.m2/repository/org/openjfx/javafx-controls/17.0.1/javafx-controls-17.0.1.jar:/Users/markwilson/.m2/repository/org/openjfx/javafx-graphics/17.0.1/javafx-graphics-17.0.1.jar:/Users/markwilson/.m2/repository/org/openjfx/javafx-base/17.0.1/javafx-base-17.0.1.jar:/Users/markwilson/.m2/repository/org/openjfx/javafx-fxml/17.0.1/javafx-fxml-17.0.1.jar
Launcher Type: SUN_STANDARD

[Global flags]
     intx CICompilerCount                          = 4                                         {product} {ergonomic}
     uint ConcGCThreads                            = 2                                         {product} {ergonomic}
     uint G1ConcRefinementThreads                  = 8                                         {product} {ergonomic}
   size_t G1HeapRegionSize                         = 1048576                                   {product} {ergonomic}
    uintx GCDrainStackTargetSize                   = 64                                        {product} {ergonomic}
   size_t InitialHeapSize                          = 134217728                                 {product} {ergonomic}
   size_t MarkStackSize                            = 4194304                                   {product} {ergonomic}
   size_t MaxHeapSize                              = 2147483648                                {product} {ergonomic}
   size_t MaxNewSize                               = 1287651328                                {product} {ergonomic}
   size_t MinHeapDeltaBytes                        = 1048576                                   {product} {ergonomic}
   size_t MinHeapSize                              = 8388608                                   {product} {ergonomic}
    uintx NonNMethodCodeHeapSize                   = 5839564                                {pd product} {ergonomic}
    uintx NonProfiledCodeHeapSize                  = 122909338                              {pd product} {ergonomic}
    uintx ProfiledCodeHeapSize                     = 122909338                              {pd product} {ergonomic}
    uintx ReservedCodeCacheSize                    = 251658240                              {pd product} {ergonomic}
     bool SegmentedCodeCache                       = true                                      {product} {ergonomic}
   size_t SoftMaxHeapSize                          = 2147483648                             {manageable} {ergonomic}
     bool UseCompressedClassPointers               = true                           {product lp64_product} {ergonomic}
     bool UseCompressedOops                        = true                           {product lp64_product} {ergonomic}
     bool UseG1GC                                  = true                                      {product} {ergonomic}
     bool UseNUMA                                  = false                                     {product} {ergonomic}
     bool UseNUMAInterleaving                      = false                                     {product} {ergonomic}

Logging:
Log output configuration:
 #0: stdout all=warning uptime,level,tags
 #1: stderr all=off uptime,level,tags

Environment Variables:
PATH=/opt/homebrew/bin:/opt/homebrew/sbin:/usr/local/bin:/usr/bin:/bin:/usr/sbin:/sbin:~/.dotnet/tools:/Library/Apple/usr/bin:/Library/Frameworks/Mono.framework/Versions/Current/Commands
SHELL=/bin/zsh
LC_CTYPE=en_US.UTF-8

Signal Handlers:
   SIGSEGV: crash_handler in libjvm.dylib, mask=11100110000111110111111111111111, flags=SA_RESTART|SA_SIGINFO
    SIGBUS: crash_handler in libjvm.dylib, mask=11100110000111110111111111111111, flags=SA_RESTART|SA_SIGINFO
    SIGFPE: crash_handler in libjvm.dylib, mask=11100110000111110111111111111111, flags=SA_RESTART|SA_SIGINFO
   SIGPIPE: javaSignalHandler in libjvm.dylib, mask=11100110000111110111111111111111, flags=SA_RESTART|SA_SIGINFO
   SIGXFSZ: javaSignalHandler in libjvm.dylib, mask=11100110000111110111111111111111, flags=SA_RESTART|SA_SIGINFO
    SIGILL: crash_handler in libjvm.dylib, mask=11100110000111110111111111111111, flags=SA_RESTART|SA_SIGINFO
   SIGUSR2: SR_handler in libjvm.dylib, mask=00100000000000000000000000000000, flags=SA_RESTART|SA_SIGINFO
    SIGHUP: UserHandler in libjvm.dylib, mask=11100110000111110111111111111111, flags=SA_RESTART|SA_SIGINFO
    SIGINT: UserHandler in libjvm.dylib, mask=11100110000111110111111111111111, flags=SA_RESTART|SA_SIGINFO
   SIGTERM: UserHandler in libjvm.dylib, mask=11100110000111110111111111111111, flags=SA_RESTART|SA_SIGINFO
   SIGQUIT: UserHandler in libjvm.dylib, mask=11100110000111110111111111111111, flags=SA_RESTART|SA_SIGINFO
   SIGTRAP: crash_handler in libjvm.dylib, mask=11100110000111110111111111111111, flags=SA_RESTART|SA_SIGINFO


---------------  S Y S T E M  ---------------

OS:
uname: Darwin 21.6.0 Darwin Kernel Version 21.6.0: Sat Jun 18 17:05:47 PDT 2022; root:xnu-8020.140.41~1/RELEASE_ARM64_T8101 arm64
OS uptime: 16 days 11:03 hours
rlimit (soft/hard): STACK 8176k/65520k , CORE 0k/infinity , NPROC 1333/2000 , NOFILE 10240/infinity , AS infinity/infinity , CPU infinity/infinity , DATA infinity/infinity , FSIZE infinity/infinity , MEMLOCK infinity/infinity , RSS infinity/infinity
load average: 2.46 2.47 2.59

CPU: total 8 (initial active 8) 0x61:0x0:0x1b588bb3:0, fp, simd, crc, lse

Memory: 16k page, physical 8388608k(80240k free), swap 4194304k(1112064k free)

vm_info: Java HotSpot(TM) 64-Bit Server VM (17.0.4+11-LTS-179) for bsd-aarch64 JRE (17.0.4+11-LTS-179), built on Jun 28 2022 07:36:09 by "mach5one" with clang Apple LLVM 12.0.0 (clang-1200.0.32.29)

END.
