#
# A fatal error has been detected by the Java Runtime Environment:
#
#  SIGBUS (0xa) at pc=0x000000010c60d4f0, pid=75243, tid=29191
#
# JRE version: Java(TM) SE Runtime Environment (17.0.4+11) (build 17.0.4+11-LTS-179)
# Java VM: Java HotSpot(TM) 64-Bit Server VM (17.0.4+11-LTS-179, mixed mode, sharing, tiered, compressed oops, compressed class ptrs, g1 gc, bsd-aarch64)
# Problematic frame:
# v  ~StubRoutines::SafeFetchN
#
# No core dump will be written. Core dumps have been disabled. To enable core dumping, try "ulimit -c unlimited" before starting Java again
#
# If you would like to submit a bug report, please visit:
#   https://bugreport.java.com/bugreport/crash.jsp
# The crash happened outside the Java Virtual Machine in native code.
# See problematic frame for where to report the bug.
#

---------------  S U M M A R Y ------------

Command Line: -javaagent:/Applications/IntelliJ IDEA CE.app/Contents/lib/idea_rt.jar=54717:/Applications/IntelliJ IDEA CE.app/Contents/bin -Dfile.encoding=UTF-8 --module-path=/Users/markwilson/IdeaProjects/inventory-fx/target/classes:/Users/markwilson/.m2/repository/org/openjfx/javafx-controls/17.0.1/javafx-controls-17.0.1-mac-aarch64.jar:/Users/markwilson/.m2/repository/org/openjfx/javafx-graphics/17.0.1/javafx-graphics-17.0.1-mac-aarch64.jar:/Users/markwilson/.m2/repository/org/openjfx/javafx-fxml/17.0.1/javafx-fxml-17.0.1-mac-aarch64.jar:/Users/markwilson/.m2/repository/org/openjfx/javafx-base/17.0.1/javafx-base-17.0.1-mac-aarch64.jar -Djdk.module.main=com.mwilson.partsinventory com.mwilson.partsinventory/com.mwilson.inventoryfx.Main

Host: "MacBookAir10,1" arm64 1 MHz, 8 cores, 8G, Darwin 21.6.0, macOS 12.5 (21G72)
Time: Thu Aug 11 12:15:25 2022 CDT elapsed time: 10.199912 seconds (0d 0h 0m 10s)

---------------  T H R E A D  ---------------

Current thread (0x0000000122918200):  JavaThread "InvokeLaterDispatcher" daemon [_thread_in_native, id=29191, stack(0x000000016fab4000,0x000000016fcb7000)]

Stack: [0x000000016fab4000,0x000000016fcb7000],  sp=0x000000016fcb67b0,  free space=2057k
Native frames: (J=compiled Java code, j=interpreted, Vv=VM code, C=native code)
v  ~StubRoutines::SafeFetchN
V  [libjvm.dylib+0x7a72c0]  _ZN10OopStorage7releaseEPKP7oopDesc+0x20
V  [libjvm.dylib+0x4bb8e4]  jni_DeleteGlobalRef+0xc4
C  [libglass.dylib+0xab08]  -[GlassRunnable dealloc]+0x34
C  [Foundation+0x852e8]  -[_NSThreadPerformInfo dealloc]+0x30
C  [Foundation+0x5187c]  -[NSObject(NSThreadPerformAdditions) performSelectorOnMainThread:withObject:waitUntilDone:]+0x88
C  0x3d0500010c6158ac
j  com.sun.glass.ui.mac.MacApplication.submitForLaterInvocation(Ljava/lang/Runnable;)V+2 javafx.graphics
j  com.sun.glass.ui.InvokeLaterDispatcher.run()V+82 javafx.graphics
v  ~StubRoutines::call_stub
V  [libjvm.dylib+0x462ef8]  _ZN9JavaCalls11call_helperEP9JavaValueRK12methodHandleP17JavaCallArgumentsP10JavaThread+0x38c
V  [libjvm.dylib+0x461f14]  _ZN9JavaCalls12call_virtualEP9JavaValueP5KlassP6SymbolS5_P17JavaCallArgumentsP10JavaThread+0x11c
V  [libjvm.dylib+0x461fe0]  _ZN9JavaCalls12call_virtualEP9JavaValue6HandleP5KlassP6SymbolS6_P10JavaThread+0x64
V  [libjvm.dylib+0x5158a4]  _ZL12thread_entryP10JavaThreadS0_+0xc4
V  [libjvm.dylib+0x908030]  _ZN10JavaThread17thread_main_innerEv+0x134
V  [libjvm.dylib+0x906958]  _ZN6Thread8call_runEv+0x128
V  [libjvm.dylib+0x7ade80]  _ZL19thread_native_entryP6Thread+0x158
C  [libsystem_pthread.dylib+0x726c]  _pthread_start+0x94

Java frames: (J=compiled Java code, j=interpreted, Vv=VM code)
j  com.sun.glass.ui.mac.MacApplication._submitForLaterInvocation(Ljava/lang/Runnable;)V+0 javafx.graphics
j  com.sun.glass.ui.mac.MacApplication.submitForLaterInvocation(Ljava/lang/Runnable;)V+2 javafx.graphics
j  com.sun.glass.ui.InvokeLaterDispatcher.run()V+82 javafx.graphics
v  ~StubRoutines::call_stub

siginfo: si_signo: 10 (SIGBUS), si_code: 1 (BUS_ADRALN), si_addr: 0x000000010c60d4f0

Register to memory mapping:

 x0=0x000000012f704248 points into unknown readable memory: 0x0000000000000000 | 00 00 00 00 00 00 00 00
 x1=0x0 is NULL
 x2=0x0000000787f01be0 is an oop: com.sun.glass.ui.InvokeLaterDispatcher$Future 
{0x0000000787f01be0} - klass: 'com/sun/glass/ui/InvokeLaterDispatcher$Future'
 - ---- fields (total size 3 words):
 - private 'done' 'Z' @12  true
 - private final 'runnable' 'Ljava/lang/Runnable;' @16  a 'com/sun/javafx/application/PlatformImpl$$Lambda$92+0x0000000800c81320'{0x0000000787321cc8} (f0e64399)
 - final synthetic 'this$0' 'Lcom/sun/glass/ui/InvokeLaterDispatcher;' @20  a 'com/sun/glass/ui/InvokeLaterDispatcher'{0x0000000785631370} (f0ac626e)
 x3=0x0 is NULL
 x4=0x00000000000130a8 is an unknown value
 x5=0x0 is NULL
 x6=0x0 is NULL
 x7=0x0 is NULL
 x8=0x000000010c60d4ec is at begin+0 in a stub
StubRoutines::SafeFetchN [0x000000010c60d4ec, 0x000000010c60d4f8] (12 bytes)
 x9=0x0 is NULL
x10=0x2010000030300000 is an unknown value
x11=0x0000000000000007 is an unknown value
x12=0x0000000000000003 is an unknown value
x13=0x00006000006eaca0 points into unknown readable memory: 0x1c1600019c1a97f4 | f4 97 1a 9c 01 00 16 1c
x14=0x0000100000000000 is an unknown value
x15=0x0000000124fddf98: OBJC_CLASS_$_GlassRunnable+0 in /Users/markwilson/.openjfx/cache/17.0.1/libglass.dylib at 0x0000000124f98000
x16=0x000000019b2070fc: pthread_getspecific+0 in /usr/lib/system/libsystem_pthread.dylib at 0x000000019b205000
x17=0x00006000003cd500 points into unknown readable memory: 0xfffffffffffffffe | fe ff ff ff ff ff ff ff
x18=0x0 is NULL
x19=0x00006000003d41c0 points into unknown readable memory: 0x0000600002ad0240 | 40 02 ad 02 00 60 00 00
x20=0x000000012f704040 points into unknown readable memory: 0x0000000000000000 | 00 00 00 00 00 00 00 00
x21=0x000000012f704248 points into unknown readable memory: 0x0000000000000000 | 00 00 00 00 00 00 00 00
x22=0x0000000122918200 is a thread
x23=0x0000000000000001 is an unknown value
x24=0x000000012f704200 is a global jni handle
x25=0x0000000104abd638: _ZN12StubRoutines17_safefetchN_entryE+0 in /Library/Java/JavaVirtualMachines/jdk-17.0.4.jdk/Contents/Home/lib/server/libjvm.dylib at 0x0000000103f20000
x26=0x0000000122518270 is pointing into metadata
x27=0x0 is NULL
x28=0x0000000122918200 is a thread


Registers:
 x0=0x000000012f704248  x1=0x0000000000000000  x2=0x0000000787f01be0  x3=0x0000000000000000
 x4=0x00000000000130a8  x5=0x0000000000000000  x6=0x0000000000000000  x7=0x0000000000000000
 x8=0x000000010c60d4ec  x9=0x0000000000000000 x10=0x2010000030300000 x11=0x0000000000000007
x12=0x0000000000000003 x13=0x00006000006eaca0 x14=0x0000100000000000 x15=0x0000000124fddf98
x16=0x000000019b2070fc x17=0x00006000003cd500 x18=0x0000000000000000 x19=0x00006000003d41c0
x20=0x000000012f704040 x21=0x000000012f704248 x22=0x0000000122918200 x23=0x0000000000000001
x24=0x000000012f704200 x25=0x0000000104abd638 x26=0x0000000122518270 x27=0x0000000000000000
x28=0x0000000122918200  fp=0x000000016fcb67f0  lr=0x00000001046c6090  sp=0x000000016fcb67b0
pc=0x000000010c60d4f0 cpsr=0x0000000060001000
Top of Stack: (sp=0x000000016fcb67b0)
0x000000016fcb67b0:   0000000122518270 0000000000000001
0x000000016fcb67c0:   000000016fcb69a8 0000600002ac4de0
0x000000016fcb67d0:   0000000000000000 000000012f704210
0x000000016fcb67e0:   000000012f704210 00006000003d41c0
0x000000016fcb67f0:   000000016fcb6830 00000001046c72c0
0x000000016fcb6800:   0000000000000001 000000012f704210
0x000000016fcb6810:   0000000000000000 000000012f704210
0x000000016fcb6820:   0000000000000001 00000001500f7a00
0x000000016fcb6830:   000000016fcb6860 00000001043db8e4
0x000000016fcb6840:   0000600002ac4e20 00000001e55478f7
0x000000016fcb6850:   0000000000000000 0000600002ac4e20
0x000000016fcb6860:   000000016fcb6890 0000000124fa2b08
0x000000016fcb6870:   c180280835c60005 0000000000000000
0x000000016fcb6880:   0000000000000000 0000600003d1d600
0x000000016fcb6890:   000000016fcb68d0 000000019c1dd2e8
0x000000016fcb68a0:   000000016fcb69a8 0000600002ac4de0
0x000000016fcb68b0:   0000600002ac4e20 c180280835c60005
0x000000016fcb68c0:   0000000000000000 0000000000000000
0x000000016fcb68d0:   000000016fcb6910 5f1500019c1a987c
0x000000016fcb68e0:   000000016fcb69a8 000000010c6147c0
0x000000016fcb68f0:   0000000000000000 0000000104ac4ff8
0x000000016fcb6900:   000000016fcb6920 000000010c613730
0x000000016fcb6910:   000000016fcb6980 3d0500010c6158ac
0x000000016fcb6920:   000000016fcb6920 000000080098c7c5
0x000000016fcb6930:   000000016fcb6930 0000000000000000
0x000000016fcb6940:   000000016fcb69a8 0000000122518270
0x000000016fcb6950:   00000007856417a0 0000000000000000
0x000000016fcb6960:   0000000000000000 00000001224f7860
0x000000016fcb6970:   0000000000000000 000000016fcb6980
0x000000016fcb6980:   000000016fcb6a00 000000010c611fc8
0x000000016fcb6990:   0000000000000000 0000000000000000
0x000000016fcb69a0:   0000000787f01be0 0000000785631910 

Instructions: (pc=0x000000010c60d4f0)
0x000000010c60d3f0:   f2a09509 f2c00029 6d425935 1e640886
0x000000010c60d400:   0c402d31 1e6408c7 1f5654d0 1e6c1017
0x000000010c60d410:   1f5050d0 1f504cd0 1f5048d0 1e650af6
0x000000010c60d420:   1f50d8f6 1f5694d6 1f5158f6 1e762880
0x000000010c60d430:   36000501 1e614000 14000026 2e251ca5
0x000000010c60d440:   d2943009 f2a09509 f2c00029 6d425d36
0x000000010c60d450:   1e600806 0c402d32 1f5758c7 1e6c101a
0x000000010c60d460:   1f4754c7 1e650805 1f4750c7 d2866668
0x000000010c60d470:   f2a7fa68 1f474cc7 1e6608c0 1f4748c7
0x000000010c60d480:   1e6e1019 eb08007f 540000ac 1f479400
0x000000010c60d490:   1f460340 1e603b20 1400000e d2a7fd29
0x000000010c60d4a0:   eb09007f 540000ac 51480069 d3607d29
0x000000010c60d4b0:   9e670121 14000002 1e6a5001 1f679417
0x000000010c60d4c0:   1f668742 1e613b23 1e773857 1e773860
0x000000010c60d4d0:   a8c17ff3 910003bf a8c17bfd d65f03c0
0x000000010c60d4e0:   b9400001 aa0103e0 d65f03c0 f9400001
0x000000010c60d4f0:   aa0103e0 d65f03c0 00000000 00000000
0x000000010c60d500:   00000000 00000000 00000000 00000000
0x000000010c60d510:   00000000 00000000 00000000 00000000
0x000000010c60d520:   00000000 00000000 00000000 00000000
0x000000010c60d530:   00000000 00000000 00000000 00000000
0x000000010c60d540:   00000000 00000000 00000000 00000000
0x000000010c60d550:   00000000 00000000 00000000 00000000
0x000000010c60d560:   00000000 00000000 00000000 00000000
0x000000010c60d570:   00000000 00000000 00000000 00000000
0x000000010c60d580:   00000000 00000000 00000000 00000000
0x000000010c60d590:   00000000 00000000 00000000 00000000
0x000000010c60d5a0:   00000000 00000000 00000000 00000000
0x000000010c60d5b0:   00000000 00000000 00000000 00000000
0x000000010c60d5c0:   00000000 00000000 00000000 00000000
0x000000010c60d5d0:   00000000 00000000 00000000 00000000
0x000000010c60d5e0:   00000000 00000000 00000000 00000000 


Stack slot to memory mapping:
stack at sp + 0 slots: 0x0000000122518270 is pointing into metadata
stack at sp + 1 slots: 0x0000000000000001 is an unknown value
stack at sp + 2 slots: 0x000000016fcb69a8 is pointing into the stack for thread: 0x0000000122918200
stack at sp + 3 slots: 0x0000600002ac4de0 points into unknown readable memory: 0x01000001f3c66031 | 31 60 c6 f3 01 00 00 01
stack at sp + 4 slots: 0x0 is NULL
stack at sp + 5 slots: 0x000000012f704210 is a global jni handle
stack at sp + 6 slots: 0x000000012f704210 is a global jni handle
stack at sp + 7 slots: 0x00006000003d41c0 points into unknown readable memory: 0x0000600002ad0240 | 40 02 ad 02 00 60 00 00

StubRoutines::SafeFetchN [0x000000010c60d4ec, 0x000000010c60d4f8] (12 bytes)
[MachCode]
  0x000000010c60d4ec: 0100 40f9 | e003 01aa | c003 5fd6 
[/MachCode]

---------------  P R O C E S S  ---------------

Threads class SMR info:
_java_thread_list=0x00006000029c8060, length=20, elements={
0x0000000150012a00, 0x0000000121824a00, 0x000000014f808800, 0x0000000122808c00,
0x0000000122809200, 0x0000000122809800, 0x000000012280c000, 0x000000012280c600,
0x000000014f808e00, 0x000000012284fe00, 0x00000001228aac00, 0x000000015101be00,
0x000000013f814c00, 0x0000000122918200, 0x00000001500f7a00, 0x0000000150102000,
0x0000000122a6fc00, 0x0000000122a69e00, 0x000000012506ea00, 0x0000000151840000
}

Java Threads: ( => current thread )
  0x0000000150012a00 JavaThread "main" [_thread_blocked, id=6403, stack(0x000000016d0ac000,0x000000016d2af000)]
  0x0000000121824a00 JavaThread "Reference Handler" daemon [_thread_blocked, id=16643, stack(0x000000016df00000,0x000000016e103000)]
  0x000000014f808800 JavaThread "Finalizer" daemon [_thread_blocked, id=16131, stack(0x000000016e10c000,0x000000016e30f000)]
  0x0000000122808c00 JavaThread "Signal Dispatcher" daemon [_thread_blocked, id=42243, stack(0x000000016e430000,0x000000016e633000)]
  0x0000000122809200 JavaThread "Service Thread" daemon [_thread_blocked, id=41987, stack(0x000000016e63c000,0x000000016e83f000)]
  0x0000000122809800 JavaThread "Monitor Deflation Thread" daemon [_thread_blocked, id=23043, stack(0x000000016e848000,0x000000016ea4b000)]
  0x000000012280c000 JavaThread "C2 CompilerThread0" daemon [_thread_in_native, id=41219, stack(0x000000016ea54000,0x000000016ec57000)]
  0x000000012280c600 JavaThread "C1 CompilerThread0" daemon [_thread_blocked, id=40963, stack(0x000000016ec60000,0x000000016ee63000)]
  0x000000014f808e00 JavaThread "Sweeper thread" daemon [_thread_blocked, id=40707, stack(0x000000016ee6c000,0x000000016f06f000)]
  0x000000012284fe00 JavaThread "Common-Cleaner" daemon [_thread_blocked, id=40195, stack(0x000000016f078000,0x000000016f27b000)]
  0x00000001228aac00 JavaThread "Monitor Ctrl-Break" daemon [_thread_in_native, id=39683, stack(0x000000016f284000,0x000000016f487000)]
  0x000000015101be00 JavaThread "Notification Thread" daemon [_thread_blocked, id=23811, stack(0x000000016f490000,0x000000016f693000)]
  0x000000013f814c00 JavaThread "QuantumRenderer-0" daemon [_thread_in_native, id=24835, stack(0x000000016f8a8000,0x000000016faab000)]
=>0x0000000122918200 JavaThread "InvokeLaterDispatcher" daemon [_thread_in_native, id=29191, stack(0x000000016fab4000,0x000000016fcb7000)]
  0x00000001500f7a00 JavaThread "JavaFX Application Thread" [_thread_in_native, id=259, stack(0x000000016c824000,0x000000016d020000)]
  0x0000000150102000 JavaThread "JavaFX-Launcher" [_thread_blocked, id=78599, stack(0x0000000288004000,0x0000000288207000)]
  0x0000000122a6fc00 JavaThread "Prism Font Disposer" daemon [_thread_blocked, id=72203, stack(0x0000000288c4c000,0x0000000288e4f000)]
  0x0000000122a69e00 JavaThread "Cleaner-0" daemon [_thread_blocked, id=66819, stack(0x0000000289cac000,0x0000000289eaf000)]
  0x000000012506ea00 JavaThread "Attach Listener" daemon [_thread_blocked, id=1307, stack(0x0000000289eb8000,0x000000028a0bb000)]
  0x0000000151840000 JavaThread "PulseTimer-CVDisplayLink thread" daemon [_thread_in_native, id=66599, stack(0x000000016fcc0000,0x000000016fd43000)]

Other Threads:
  0x000000013f608230 VMThread "VM Thread" [stack: 0x000000016dcf4000,0x000000016def7000] [id=17155]
  0x000000014f721050 WatcherThread [stack: 0x000000016f69c000,0x000000016f89f000] [id=24323]
  0x000000014f707de0 GCTaskThread "GC Thread#0" [stack: 0x000000016d2b8000,0x000000016d4bb000] [id=19971]
  0x000000013f71ac80 GCTaskThread "GC Thread#1" [stack: 0x0000000288210000,0x0000000288413000] [id=75523]
  0x000000013f71af30 GCTaskThread "GC Thread#2" [stack: 0x000000028841c000,0x000000028861f000] [id=55299]
  0x000000014f62a940 GCTaskThread "GC Thread#3" [stack: 0x0000000288628000,0x000000028882b000] [id=74755]
  0x000000014f62b1b0 GCTaskThread "GC Thread#4" [stack: 0x0000000288834000,0x0000000288a37000] [id=55555]
  0x000000013f71b3b0 GCTaskThread "GC Thread#5" [stack: 0x0000000288a40000,0x0000000288c43000] [id=56067]
  0x000000013f73f660 GCTaskThread "GC Thread#6" [stack: 0x0000000288e58000,0x000000028905b000] [id=71939]
  0x000000013f73fae0 GCTaskThread "GC Thread#7" [stack: 0x0000000289064000,0x0000000289267000] [id=58371]
  0x000000014f708490 ConcurrentGCThread "G1 Main Marker" [stack: 0x000000016d4c4000,0x000000016d6c7000] [id=19459]
  0x000000014f708d10 ConcurrentGCThread "G1 Conc#0" [stack: 0x000000016d6d0000,0x000000016d8d3000] [id=18947]
  0x000000014f70aa40 ConcurrentGCThread "G1 Refine#0" [stack: 0x000000016d8dc000,0x000000016dadf000] [id=18691]
  0x000000013f71d4c0 ConcurrentGCThread "G1 Refine#1" [stack: 0x0000000289270000,0x0000000289473000] [id=59139]
  0x000000012f606090 ConcurrentGCThread "G1 Refine#2" [stack: 0x000000028947c000,0x000000028967f000] [id=59651]
  0x000000013f73f120 ConcurrentGCThread "G1 Refine#3" [stack: 0x0000000289688000,0x000000028988b000] [id=70403]
  0x000000012f6067b0 ConcurrentGCThread "G1 Refine#4" [stack: 0x0000000289894000,0x0000000289a97000] [id=60419]
  0x000000012f607190 ConcurrentGCThread "G1 Refine#5" [stack: 0x0000000289aa0000,0x0000000289ca3000] [id=60675]
  0x000000013f6047b0 ConcurrentGCThread "G1 Service" [stack: 0x000000016dae8000,0x000000016dceb000] [id=13827]

Threads with active compile tasks:
C2 CompilerThread0    10220 3221 %     4       com.sun.marlin.Renderer::_endRendering @ 531 (2473 bytes)

VM state: not at safepoint (normal execution)

VM Mutex/Monitor currently owned by a thread: None

Heap address: 0x0000000780000000, size: 2048 MB, Compressed Oops mode: Zero based, Oop shift amount: 3

CDS archive(s) mapped at: [0x0000000800000000-0x0000000800bd8000-0x0000000800bd8000), size 12419072, SharedBaseAddress: 0x0000000800000000, ArchiveRelocationMode: 0.
Compressed class space mapped at: 0x0000000800c00000-0x0000000840c00000, reserved size: 1073741824
Narrow klass base: 0x0000000800000000, Narrow klass shift: 0, Narrow klass range: 0x100000000

GC Precious Log:
 CPUs: 8 total, 8 available
 Memory: 8192M
 Large Page Support: Disabled
 NUMA Support: Disabled
 Compressed Oops: Enabled (Zero based)
 Heap Region Size: 1M
 Heap Min Capacity: 8M
 Heap Initial Capacity: 128M
 Heap Max Capacity: 2G
 Pre-touch: Disabled
 Parallel Workers: 8
 Concurrent Workers: 2
 Concurrent Refinement Workers: 8
 Periodic GC: Disabled

Heap:
 garbage-first heap   total 133120K, used 24503K [0x0000000780000000, 0x0000000800000000)
  region size 1024K, 19 young (19456K), 6 survivors (6144K)
 Metaspace       used 17307K, committed 17536K, reserved 1064960K
  class space    used 2532K, committed 2688K, reserved 1048576K

Heap Regions: E=young(eden), S=young(survivor), O=old, HS=humongous(starts), HC=humongous(continues), CS=collection set, F=free, OA=open archive, CA=closed archive, TAMS=top-at-mark-start (previous, next)
|   0|0x0000000780000000, 0x0000000780100000, 0x0000000780100000|100%| O|  |TAMS 0x0000000780000000, 0x0000000780000000| Untracked 
|   1|0x0000000780100000, 0x0000000780200000, 0x0000000780200000|100%| O|  |TAMS 0x0000000780100000, 0x0000000780100000| Untracked 
|   2|0x0000000780200000, 0x00000007802f5c00, 0x0000000780300000| 95%| O|  |TAMS 0x0000000780200000, 0x0000000780200000| Untracked 
|   3|0x0000000780300000, 0x0000000780400000, 0x0000000780400000|100%|HS|  |TAMS 0x0000000780300000, 0x0000000780300000| Complete 
|   4|0x0000000780400000, 0x0000000780500000, 0x0000000780500000|100%|HC|  |TAMS 0x0000000780400000, 0x0000000780400000| Complete 
|   5|0x0000000780500000, 0x0000000780500000, 0x0000000780600000|  0%| F|  |TAMS 0x0000000780500000, 0x0000000780500000| Untracked 
|   6|0x0000000780600000, 0x0000000780600000, 0x0000000780700000|  0%| F|  |TAMS 0x0000000780600000, 0x0000000780600000| Untracked 
|   7|0x0000000780700000, 0x0000000780700000, 0x0000000780800000|  0%| F|  |TAMS 0x0000000780700000, 0x0000000780700000| Untracked 
|   8|0x0000000780800000, 0x0000000780800000, 0x0000000780900000|  0%| F|  |TAMS 0x0000000780800000, 0x0000000780800000| Untracked 
|   9|0x0000000780900000, 0x0000000780900000, 0x0000000780a00000|  0%| F|  |TAMS 0x0000000780900000, 0x0000000780900000| Untracked 
|  10|0x0000000780a00000, 0x0000000780a00000, 0x0000000780b00000|  0%| F|  |TAMS 0x0000000780a00000, 0x0000000780a00000| Untracked 
|  11|0x0000000780b00000, 0x0000000780b00000, 0x0000000780c00000|  0%| F|  |TAMS 0x0000000780b00000, 0x0000000780b00000| Untracked 
|  12|0x0000000780c00000, 0x0000000780c00000, 0x0000000780d00000|  0%| F|  |TAMS 0x0000000780c00000, 0x0000000780c00000| Untracked 
|  13|0x0000000780d00000, 0x0000000780d00000, 0x0000000780e00000|  0%| F|  |TAMS 0x0000000780d00000, 0x0000000780d00000| Untracked 
|  14|0x0000000780e00000, 0x0000000780e00000, 0x0000000780f00000|  0%| F|  |TAMS 0x0000000780e00000, 0x0000000780e00000| Untracked 
|  15|0x0000000780f00000, 0x0000000780f00000, 0x0000000781000000|  0%| F|  |TAMS 0x0000000780f00000, 0x0000000780f00000| Untracked 
|  16|0x0000000781000000, 0x0000000781000000, 0x0000000781100000|  0%| F|  |TAMS 0x0000000781000000, 0x0000000781000000| Untracked 
|  17|0x0000000781100000, 0x0000000781100000, 0x0000000781200000|  0%| F|  |TAMS 0x0000000781100000, 0x0000000781100000| Untracked 
|  18|0x0000000781200000, 0x0000000781200000, 0x0000000781300000|  0%| F|  |TAMS 0x0000000781200000, 0x0000000781200000| Untracked 
|  19|0x0000000781300000, 0x0000000781300000, 0x0000000781400000|  0%| F|  |TAMS 0x0000000781300000, 0x0000000781300000| Untracked 
|  20|0x0000000781400000, 0x0000000781400000, 0x0000000781500000|  0%| F|  |TAMS 0x0000000781400000, 0x0000000781400000| Untracked 
|  21|0x0000000781500000, 0x0000000781500000, 0x0000000781600000|  0%| F|  |TAMS 0x0000000781500000, 0x0000000781500000| Untracked 
|  22|0x0000000781600000, 0x0000000781600000, 0x0000000781700000|  0%| F|  |TAMS 0x0000000781600000, 0x0000000781600000| Untracked 
|  23|0x0000000781700000, 0x0000000781700000, 0x0000000781800000|  0%| F|  |TAMS 0x0000000781700000, 0x0000000781700000| Untracked 
|  24|0x0000000781800000, 0x0000000781800000, 0x0000000781900000|  0%| F|  |TAMS 0x0000000781800000, 0x0000000781800000| Untracked 
|  25|0x0000000781900000, 0x0000000781900000, 0x0000000781a00000|  0%| F|  |TAMS 0x0000000781900000, 0x0000000781900000| Untracked 
|  26|0x0000000781a00000, 0x0000000781a00000, 0x0000000781b00000|  0%| F|  |TAMS 0x0000000781a00000, 0x0000000781a00000| Untracked 
|  27|0x0000000781b00000, 0x0000000781b00000, 0x0000000781c00000|  0%| F|  |TAMS 0x0000000781b00000, 0x0000000781b00000| Untracked 
|  28|0x0000000781c00000, 0x0000000781c00000, 0x0000000781d00000|  0%| F|  |TAMS 0x0000000781c00000, 0x0000000781c00000| Untracked 
|  29|0x0000000781d00000, 0x0000000781d00000, 0x0000000781e00000|  0%| F|  |TAMS 0x0000000781d00000, 0x0000000781d00000| Untracked 
|  30|0x0000000781e00000, 0x0000000781e00000, 0x0000000781f00000|  0%| F|  |TAMS 0x0000000781e00000, 0x0000000781e00000| Untracked 
|  31|0x0000000781f00000, 0x0000000781f00000, 0x0000000782000000|  0%| F|  |TAMS 0x0000000781f00000, 0x0000000781f00000| Untracked 
|  32|0x0000000782000000, 0x0000000782000000, 0x0000000782100000|  0%| F|  |TAMS 0x0000000782000000, 0x0000000782000000| Untracked 
|  33|0x0000000782100000, 0x0000000782100000, 0x0000000782200000|  0%| F|  |TAMS 0x0000000782100000, 0x0000000782100000| Untracked 
|  34|0x0000000782200000, 0x0000000782200000, 0x0000000782300000|  0%| F|  |TAMS 0x0000000782200000, 0x0000000782200000| Untracked 
|  35|0x0000000782300000, 0x0000000782300000, 0x0000000782400000|  0%| F|  |TAMS 0x0000000782300000, 0x0000000782300000| Untracked 
|  36|0x0000000782400000, 0x0000000782400000, 0x0000000782500000|  0%| F|  |TAMS 0x0000000782400000, 0x0000000782400000| Untracked 
|  37|0x0000000782500000, 0x0000000782500000, 0x0000000782600000|  0%| F|  |TAMS 0x0000000782500000, 0x0000000782500000| Untracked 
|  38|0x0000000782600000, 0x0000000782600000, 0x0000000782700000|  0%| F|  |TAMS 0x0000000782600000, 0x0000000782600000| Untracked 
|  39|0x0000000782700000, 0x0000000782700000, 0x0000000782800000|  0%| F|  |TAMS 0x0000000782700000, 0x0000000782700000| Untracked 
|  40|0x0000000782800000, 0x0000000782800000, 0x0000000782900000|  0%| F|  |TAMS 0x0000000782800000, 0x0000000782800000| Untracked 
|  41|0x0000000782900000, 0x0000000782900000, 0x0000000782a00000|  0%| F|  |TAMS 0x0000000782900000, 0x0000000782900000| Untracked 
|  42|0x0000000782a00000, 0x0000000782a00000, 0x0000000782b00000|  0%| F|  |TAMS 0x0000000782a00000, 0x0000000782a00000| Untracked 
|  43|0x0000000782b00000, 0x0000000782b00000, 0x0000000782c00000|  0%| F|  |TAMS 0x0000000782b00000, 0x0000000782b00000| Untracked 
|  44|0x0000000782c00000, 0x0000000782c00000, 0x0000000782d00000|  0%| F|  |TAMS 0x0000000782c00000, 0x0000000782c00000| Untracked 
|  45|0x0000000782d00000, 0x0000000782d00000, 0x0000000782e00000|  0%| F|  |TAMS 0x0000000782d00000, 0x0000000782d00000| Untracked 
|  46|0x0000000782e00000, 0x0000000782e00000, 0x0000000782f00000|  0%| F|  |TAMS 0x0000000782e00000, 0x0000000782e00000| Untracked 
|  47|0x0000000782f00000, 0x0000000782f00000, 0x0000000783000000|  0%| F|  |TAMS 0x0000000782f00000, 0x0000000782f00000| Untracked 
|  48|0x0000000783000000, 0x0000000783000000, 0x0000000783100000|  0%| F|  |TAMS 0x0000000783000000, 0x0000000783000000| Untracked 
|  49|0x0000000783100000, 0x0000000783100000, 0x0000000783200000|  0%| F|  |TAMS 0x0000000783100000, 0x0000000783100000| Untracked 
|  50|0x0000000783200000, 0x0000000783200000, 0x0000000783300000|  0%| F|  |TAMS 0x0000000783200000, 0x0000000783200000| Untracked 
|  51|0x0000000783300000, 0x0000000783300000, 0x0000000783400000|  0%| F|  |TAMS 0x0000000783300000, 0x0000000783300000| Untracked 
|  52|0x0000000783400000, 0x0000000783400000, 0x0000000783500000|  0%| F|  |TAMS 0x0000000783400000, 0x0000000783400000| Untracked 
|  53|0x0000000783500000, 0x0000000783500000, 0x0000000783600000|  0%| F|  |TAMS 0x0000000783500000, 0x0000000783500000| Untracked 
|  54|0x0000000783600000, 0x0000000783600000, 0x0000000783700000|  0%| F|  |TAMS 0x0000000783600000, 0x0000000783600000| Untracked 
|  55|0x0000000783700000, 0x0000000783700000, 0x0000000783800000|  0%| F|  |TAMS 0x0000000783700000, 0x0000000783700000| Untracked 
|  56|0x0000000783800000, 0x0000000783800000, 0x0000000783900000|  0%| F|  |TAMS 0x0000000783800000, 0x0000000783800000| Untracked 
|  57|0x0000000783900000, 0x0000000783900000, 0x0000000783a00000|  0%| F|  |TAMS 0x0000000783900000, 0x0000000783900000| Untracked 
|  58|0x0000000783a00000, 0x0000000783a00000, 0x0000000783b00000|  0%| F|  |TAMS 0x0000000783a00000, 0x0000000783a00000| Untracked 
|  59|0x0000000783b00000, 0x0000000783b00000, 0x0000000783c00000|  0%| F|  |TAMS 0x0000000783b00000, 0x0000000783b00000| Untracked 
|  60|0x0000000783c00000, 0x0000000783c00000, 0x0000000783d00000|  0%| F|  |TAMS 0x0000000783c00000, 0x0000000783c00000| Untracked 
|  61|0x0000000783d00000, 0x0000000783d00000, 0x0000000783e00000|  0%| F|  |TAMS 0x0000000783d00000, 0x0000000783d00000| Untracked 
|  62|0x0000000783e00000, 0x0000000783e00000, 0x0000000783f00000|  0%| F|  |TAMS 0x0000000783e00000, 0x0000000783e00000| Untracked 
|  63|0x0000000783f00000, 0x0000000783f00000, 0x0000000784000000|  0%| F|  |TAMS 0x0000000783f00000, 0x0000000783f00000| Untracked 
|  64|0x0000000784000000, 0x0000000784000000, 0x0000000784100000|  0%| F|  |TAMS 0x0000000784000000, 0x0000000784000000| Untracked 
|  65|0x0000000784100000, 0x0000000784100000, 0x0000000784200000|  0%| F|  |TAMS 0x0000000784100000, 0x0000000784100000| Untracked 
|  66|0x0000000784200000, 0x0000000784200000, 0x0000000784300000|  0%| F|  |TAMS 0x0000000784200000, 0x0000000784200000| Untracked 
|  67|0x0000000784300000, 0x0000000784300000, 0x0000000784400000|  0%| F|  |TAMS 0x0000000784300000, 0x0000000784300000| Untracked 
|  68|0x0000000784400000, 0x0000000784400000, 0x0000000784500000|  0%| F|  |TAMS 0x0000000784400000, 0x0000000784400000| Untracked 
|  69|0x0000000784500000, 0x0000000784500000, 0x0000000784600000|  0%| F|  |TAMS 0x0000000784500000, 0x0000000784500000| Untracked 
|  70|0x0000000784600000, 0x0000000784600000, 0x0000000784700000|  0%| F|  |TAMS 0x0000000784600000, 0x0000000784600000| Untracked 
|  71|0x0000000784700000, 0x0000000784700000, 0x0000000784800000|  0%| F|  |TAMS 0x0000000784700000, 0x0000000784700000| Untracked 
|  72|0x0000000784800000, 0x0000000784800000, 0x0000000784900000|  0%| F|  |TAMS 0x0000000784800000, 0x0000000784800000| Untracked 
|  73|0x0000000784900000, 0x0000000784900000, 0x0000000784a00000|  0%| F|  |TAMS 0x0000000784900000, 0x0000000784900000| Untracked 
|  74|0x0000000784a00000, 0x0000000784a00000, 0x0000000784b00000|  0%| F|  |TAMS 0x0000000784a00000, 0x0000000784a00000| Untracked 
|  75|0x0000000784b00000, 0x0000000784b00000, 0x0000000784c00000|  0%| F|  |TAMS 0x0000000784b00000, 0x0000000784b00000| Untracked 
|  76|0x0000000784c00000, 0x0000000784c00000, 0x0000000784d00000|  0%| F|  |TAMS 0x0000000784c00000, 0x0000000784c00000| Untracked 
|  77|0x0000000784d00000, 0x0000000784d00000, 0x0000000784e00000|  0%| F|  |TAMS 0x0000000784d00000, 0x0000000784d00000| Untracked 
|  78|0x0000000784e00000, 0x0000000784e00000, 0x0000000784f00000|  0%| F|  |TAMS 0x0000000784e00000, 0x0000000784e00000| Untracked 
|  79|0x0000000784f00000, 0x0000000784f00000, 0x0000000785000000|  0%| F|  |TAMS 0x0000000784f00000, 0x0000000784f00000| Untracked 
|  80|0x0000000785000000, 0x0000000785000000, 0x0000000785100000|  0%| F|  |TAMS 0x0000000785000000, 0x0000000785000000| Untracked 
|  81|0x0000000785100000, 0x0000000785200000, 0x0000000785200000|100%| S|CS|TAMS 0x0000000785100000, 0x0000000785100000| Complete 
|  82|0x0000000785200000, 0x0000000785300000, 0x0000000785300000|100%| S|CS|TAMS 0x0000000785200000, 0x0000000785200000| Complete 
|  83|0x0000000785300000, 0x0000000785400000, 0x0000000785400000|100%| S|CS|TAMS 0x0000000785300000, 0x0000000785300000| Complete 
|  84|0x0000000785400000, 0x0000000785500000, 0x0000000785500000|100%| S|CS|TAMS 0x0000000785400000, 0x0000000785400000| Complete 
|  85|0x0000000785500000, 0x0000000785600000, 0x0000000785600000|100%| S|CS|TAMS 0x0000000785500000, 0x0000000785500000| Complete 
|  86|0x0000000785600000, 0x0000000785700000, 0x0000000785700000|100%| S|CS|TAMS 0x0000000785600000, 0x0000000785600000| Complete 
|  87|0x0000000785700000, 0x0000000785700000, 0x0000000785800000|  0%| F|  |TAMS 0x0000000785700000, 0x0000000785700000| Untracked 
|  88|0x0000000785800000, 0x0000000785800000, 0x0000000785900000|  0%| F|  |TAMS 0x0000000785800000, 0x0000000785800000| Untracked 
|  89|0x0000000785900000, 0x0000000785900000, 0x0000000785a00000|  0%| F|  |TAMS 0x0000000785900000, 0x0000000785900000| Untracked 
|  90|0x0000000785a00000, 0x0000000785a00000, 0x0000000785b00000|  0%| F|  |TAMS 0x0000000785a00000, 0x0000000785a00000| Untracked 
|  91|0x0000000785b00000, 0x0000000785b00000, 0x0000000785c00000|  0%| F|  |TAMS 0x0000000785b00000, 0x0000000785b00000| Untracked 
|  92|0x0000000785c00000, 0x0000000785c00000, 0x0000000785d00000|  0%| F|  |TAMS 0x0000000785c00000, 0x0000000785c00000| Untracked 
|  93|0x0000000785d00000, 0x0000000785d00000, 0x0000000785e00000|  0%| F|  |TAMS 0x0000000785d00000, 0x0000000785d00000| Untracked 
|  94|0x0000000785e00000, 0x0000000785e00000, 0x0000000785f00000|  0%| F|  |TAMS 0x0000000785e00000, 0x0000000785e00000| Untracked 
|  95|0x0000000785f00000, 0x0000000785f00000, 0x0000000786000000|  0%| F|  |TAMS 0x0000000785f00000, 0x0000000785f00000| Untracked 
|  96|0x0000000786000000, 0x0000000786000000, 0x0000000786100000|  0%| F|  |TAMS 0x0000000786000000, 0x0000000786000000| Untracked 
|  97|0x0000000786100000, 0x0000000786100000, 0x0000000786200000|  0%| F|  |TAMS 0x0000000786100000, 0x0000000786100000| Untracked 
|  98|0x0000000786200000, 0x0000000786200000, 0x0000000786300000|  0%| F|  |TAMS 0x0000000786200000, 0x0000000786200000| Untracked 
|  99|0x0000000786300000, 0x0000000786300000, 0x0000000786400000|  0%| F|  |TAMS 0x0000000786300000, 0x0000000786300000| Untracked 
| 100|0x0000000786400000, 0x0000000786400000, 0x0000000786500000|  0%| F|  |TAMS 0x0000000786400000, 0x0000000786400000| Untracked 
| 101|0x0000000786500000, 0x0000000786500000, 0x0000000786600000|  0%| F|  |TAMS 0x0000000786500000, 0x0000000786500000| Untracked 
| 102|0x0000000786600000, 0x0000000786600000, 0x0000000786700000|  0%| F|  |TAMS 0x0000000786600000, 0x0000000786600000| Untracked 
| 103|0x0000000786700000, 0x0000000786700000, 0x0000000786800000|  0%| F|  |TAMS 0x0000000786700000, 0x0000000786700000| Untracked 
| 104|0x0000000786800000, 0x0000000786800000, 0x0000000786900000|  0%| F|  |TAMS 0x0000000786800000, 0x0000000786800000| Untracked 
| 105|0x0000000786900000, 0x0000000786900000, 0x0000000786a00000|  0%| F|  |TAMS 0x0000000786900000, 0x0000000786900000| Untracked 
| 106|0x0000000786a00000, 0x0000000786a00000, 0x0000000786b00000|  0%| F|  |TAMS 0x0000000786a00000, 0x0000000786a00000| Untracked 
| 107|0x0000000786b00000, 0x0000000786b00000, 0x0000000786c00000|  0%| F|  |TAMS 0x0000000786b00000, 0x0000000786b00000| Untracked 
| 108|0x0000000786c00000, 0x0000000786c00000, 0x0000000786d00000|  0%| F|  |TAMS 0x0000000786c00000, 0x0000000786c00000| Untracked 
| 109|0x0000000786d00000, 0x0000000786d00000, 0x0000000786e00000|  0%| F|  |TAMS 0x0000000786d00000, 0x0000000786d00000| Untracked 
| 110|0x0000000786e00000, 0x0000000786e00000, 0x0000000786f00000|  0%| F|  |TAMS 0x0000000786e00000, 0x0000000786e00000| Untracked 
| 111|0x0000000786f00000, 0x0000000786f00000, 0x0000000787000000|  0%| F|  |TAMS 0x0000000786f00000, 0x0000000786f00000| Untracked 
| 112|0x0000000787000000, 0x0000000787000000, 0x0000000787100000|  0%| F|  |TAMS 0x0000000787000000, 0x0000000787000000| Untracked 
| 113|0x0000000787100000, 0x0000000787100000, 0x0000000787200000|  0%| F|  |TAMS 0x0000000787100000, 0x0000000787100000| Untracked 
| 114|0x0000000787200000, 0x0000000787200000, 0x0000000787300000|  0%| F|  |TAMS 0x0000000787200000, 0x0000000787200000| Untracked 
| 115|0x0000000787300000, 0x00000007873c8450, 0x0000000787400000| 78%| E|  |TAMS 0x0000000787300000, 0x0000000787300000| Complete 
| 116|0x0000000787400000, 0x0000000787500000, 0x0000000787500000|100%| E|CS|TAMS 0x0000000787400000, 0x0000000787400000| Complete 
| 117|0x0000000787500000, 0x0000000787600000, 0x0000000787600000|100%| E|CS|TAMS 0x0000000787500000, 0x0000000787500000| Complete 
| 118|0x0000000787600000, 0x0000000787700000, 0x0000000787700000|100%| E|CS|TAMS 0x0000000787600000, 0x0000000787600000| Complete 
| 119|0x0000000787700000, 0x0000000787800000, 0x0000000787800000|100%| E|CS|TAMS 0x0000000787700000, 0x0000000787700000| Complete 
| 120|0x0000000787800000, 0x0000000787900000, 0x0000000787900000|100%| E|CS|TAMS 0x0000000787800000, 0x0000000787800000| Complete 
| 121|0x0000000787900000, 0x0000000787a00000, 0x0000000787a00000|100%| E|CS|TAMS 0x0000000787900000, 0x0000000787900000| Complete 
| 122|0x0000000787a00000, 0x0000000787b00000, 0x0000000787b00000|100%| E|CS|TAMS 0x0000000787a00000, 0x0000000787a00000| Complete 
| 123|0x0000000787b00000, 0x0000000787c00000, 0x0000000787c00000|100%| E|CS|TAMS 0x0000000787b00000, 0x0000000787b00000| Complete 
| 124|0x0000000787c00000, 0x0000000787d00000, 0x0000000787d00000|100%| E|CS|TAMS 0x0000000787c00000, 0x0000000787c00000| Complete 
| 125|0x0000000787d00000, 0x0000000787e00000, 0x0000000787e00000|100%| E|CS|TAMS 0x0000000787d00000, 0x0000000787d00000| Complete 
| 126|0x0000000787e00000, 0x0000000787f00000, 0x0000000787f00000|100%| E|CS|TAMS 0x0000000787e00000, 0x0000000787e00000| Complete 
| 127|0x0000000787f00000, 0x0000000788000000, 0x0000000788000000|100%| E|CS|TAMS 0x0000000787f00000, 0x0000000787f00000| Complete 
|2046|0x00000007ffe00000, 0x00000007ffe78000, 0x00000007fff00000| 46%|OA|  |TAMS 0x00000007ffe00000, 0x00000007ffe00000| Untracked 
|2047|0x00000007fff00000, 0x00000007fff80000, 0x0000000800000000| 50%|CA|  |TAMS 0x00000007fff00000, 0x00000007fff00000| Untracked 

Card table byte_map: [0x0000000103700000,0x0000000103b00000] _byte_map_base: 0x00000000ffb00000

Marking Bits (Prev, Next): (CMBitMap*) 0x000000015003ee10, (CMBitMap*) 0x000000015003ee50
 Prev Bits: [0x000000011b60c000, 0x000000011d60c000)
 Next Bits: [0x000000011d60c000, 0x000000011f60c000)

Polling page: 0x0000000102f64000

Metaspace:

Usage:
  Non-class:     14.43 MB used.
      Class:      2.47 MB used.
       Both:     16.90 MB used.

Virtual space:
  Non-class space:       16.00 MB reserved,      14.50 MB ( 91%) committed,  2 nodes.
      Class space:        1.00 GB reserved,       2.62 MB ( <1%) committed,  1 nodes.
             Both:        1.02 GB reserved,      17.12 MB (  2%) committed. 

Chunk freelists:
   Non-Class:  976.00 KB
       Class:  1.42 MB
        Both:  2.38 MB

MaxMetaspaceSize: unlimited
CompressedClassSpaceSize: 1.00 GB
Initial GC threshold: 21.00 MB
Current GC threshold: 21.00 MB
CDS: on
MetaspaceReclaimPolicy: balanced
 - commit_granule_bytes: 65536.
 - commit_granule_words: 8192.
 - virtual_space_node_default_size: 1048576.
 - enlarge_chunks_in_place: 1.
 - new_chunks_are_fully_committed: 0.
 - uncommit_free_chunks: 1.
 - use_allocation_guard: 0.
 - handle_deallocations: 1.


Internal statistics:

num_allocs_failed_limit: 0.
num_arena_births: 200.
num_arena_deaths: 0.
num_vsnodes_births: 3.
num_vsnodes_deaths: 0.
num_space_committed: 274.
num_space_uncommitted: 0.
num_chunks_returned_to_freelist: 0.
num_chunks_taken_from_freelist: 721.
num_chunk_merges: 0.
num_chunk_splits: 526.
num_chunks_enlarged: 426.
num_purges: 0.
num_inconsistent_stats: 0.

CodeHeap 'non-profiled nmethods': size=120032Kb used=1128Kb max_used=1128Kb free=118903Kb
 bounds [0x00000001140d4000, 0x0000000114344000, 0x000000011b60c000]
CodeHeap 'profiled nmethods': size=120016Kb used=6602Kb max_used=6602Kb free=113413Kb
 bounds [0x000000010cba0000, 0x000000010d220000, 0x00000001140d4000]
CodeHeap 'non-nmethods': size=5712Kb used=1391Kb max_used=1440Kb free=4321Kb
 bounds [0x000000010c60c000, 0x000000010c87c000, 0x000000010cba0000]
 total_blobs=3957 nmethods=3177 adapters=695
 compilation: enabled
              stopped_count=0, restarted_count=0
 full_count=0

Compilation events (20 events):
Event: 10.114 Thread 0x000000012280c600 3207       3       com.sun.javafx.tk.quantum.QuantumToolkit$$Lambda$86/0x0000000800c39688::run (8 bytes)
Event: 10.114 Thread 0x000000012280c600 nmethod 3207 0x000000010d1f2390 code [0x000000010d1f2580, 0x000000010d1f29b8]
Event: 10.114 Thread 0x000000012280c600 3208   !   3       com.sun.javafx.tk.quantum.QuantumToolkit::lambda$runToolkit$12 (16 bytes)
Event: 10.115 Thread 0x000000012280c600 nmethod 3208 0x000000010d1f2b90 code [0x000000010d1f2d80, 0x000000010d1f3138]
Event: 10.115 Thread 0x000000012280c600 3209       3       com.sun.javafx.sg.prism.NGNode::accumulateDirtyRegions (112 bytes)
Event: 10.116 Thread 0x000000012280c600 nmethod 3209 0x000000010d1f3310 code [0x000000010d1f3540, 0x000000010d1f3b38]
Event: 10.116 Thread 0x000000012280c600 3210       3       com.sun.javafx.sg.prism.NGGroup::markCullRegions (201 bytes)
Event: 10.117 Thread 0x000000012280c600 nmethod 3210 0x000000010d1f3c90 code [0x000000010d1f4040, 0x000000010d1f5678]
Event: 10.117 Thread 0x000000012280c600 3211       3       com.sun.prism.impl.ps.BaseShaderGraphics::renderGeneralRoundedRect (388 bytes)
Event: 10.119 Thread 0x000000012280c600 nmethod 3211 0x000000010d1f6090 code [0x000000010d1f62c0, 0x000000010d1f6ec8]
Event: 10.119 Thread 0x000000012280c600 3212   !   3       com.sun.prism.impl.ps.BaseShaderGraphics::extract3Dremainder (71 bytes)
Event: 10.119 Thread 0x000000012280c600 nmethod 3212 0x000000010d1f7190 code [0x000000010d1f7440, 0x000000010d1f7fb8]
Event: 10.120 Thread 0x000000012280c600 3213       3       com.sun.prism.impl.ps.BaseShaderGraphics::renderGeneralRoundedPgram (1199 bytes)
Event: 10.123 Thread 0x000000012280c600 nmethod 3213 0x000000010d1f8310 code [0x000000010d1f8800, 0x000000010d1fa608]
Event: 10.123 Thread 0x000000012280c600 3214       3       com.sun.prism.impl.VertexBuffer::addMappedPgram (527 bytes)
Event: 10.124 Thread 0x000000012280c600 nmethod 3214 0x000000010d1fb610 code [0x000000010d1fb840, 0x000000010d1fc5c8]
Event: 10.163 Thread 0x000000012280c600 3215       3       com.sun.javafx.scene.input.PickResultChooser::processOffer (146 bytes)
Event: 10.165 Thread 0x000000012280c600 nmethod 3215 0x000000010d1fcd10 code [0x000000010d1fcfc0, 0x000000010d1fdd38]
Event: 10.198 Thread 0x000000012280c600 3216       3       java.util.AbstractCollection::toArray (144 bytes)
Event: 10.198 Thread 0x000000012280c000 3217       4       com.sun.javafx.collections.VetoableListDecorator::size (10 bytes)

GC Heap History (4 events):
Event: 0.526 GC heap before
{Heap before GC invocations=0 (full 0):
 garbage-first heap   total 133120K, used 24544K [0x0000000780000000, 0x0000000800000000)
  region size 1024K, 23 young (23552K), 0 survivors (0K)
 Metaspace       used 7708K, committed 7936K, reserved 1056768K
  class space    used 976K, committed 1088K, reserved 1048576K
}
Event: 0.527 GC heap after
{Heap after GC invocations=1 (full 0):
 garbage-first heap   total 133120K, used 4469K [0x0000000780000000, 0x0000000800000000)
  region size 1024K, 3 young (3072K), 3 survivors (3072K)
 Metaspace       used 7708K, committed 7936K, reserved 1056768K
  class space    used 976K, committed 1088K, reserved 1048576K
}
Event: 0.934 GC heap before
{Heap before GC invocations=1 (full 0):
 garbage-first heap   total 133120K, used 43381K [0x0000000780000000, 0x0000000800000000)
  region size 1024K, 41 young (41984K), 3 survivors (3072K)
 Metaspace       used 15066K, committed 15232K, reserved 1064960K
  class space    used 2302K, committed 2368K, reserved 1048576K
}
Event: 0.939 GC heap after
{Heap after GC invocations=2 (full 0):
 garbage-first heap   total 133120K, used 10167K [0x0000000780000000, 0x0000000800000000)
  region size 1024K, 6 young (6144K), 6 survivors (6144K)
 Metaspace       used 15066K, committed 15232K, reserved 1064960K
  class space    used 2302K, committed 2368K, reserved 1048576K
}

Deoptimization events (20 events):
Event: 1.105 Thread 0x000000013f814c00 DEOPT PACKING pc=0x000000010d052eb8 sp=0x000000016faa94d0
Event: 1.105 Thread 0x000000013f814c00 DEOPT UNPACKING pc=0x000000010c64ab7c sp=0x000000016faa9130 mode 0
Event: 3.276 Thread 0x00000001500f7a00 Uncommon trap: trap_request=0xffffff45 fr.pc=0x0000000114172b54 relative=0x0000000000000854
Event: 3.276 Thread 0x00000001500f7a00 Uncommon trap: reason=unstable_if action=reinterpret pc=0x0000000114172b54 method=javafx.scene.CssStyleHelper.lookup(Ljavafx/css/Styleable;Ljavafx/css/CssMetaData;Lcom/sun/javafx/css/StyleMap;Ljava/util/Set;Ljavafx/css/Styleable;Lcom/sun/javafx/css/Calcul
Event: 3.276 Thread 0x00000001500f7a00 DEOPT PACKING pc=0x0000000114172b54 sp=0x000000016d0194f0
Event: 3.276 Thread 0x00000001500f7a00 DEOPT UNPACKING pc=0x000000010c64ad1c sp=0x000000016d019440 mode 2
Event: 3.278 Thread 0x00000001500f7a00 Uncommon trap: trap_request=0xffffff45 fr.pc=0x000000011417cb98 relative=0x0000000000000858
Event: 3.278 Thread 0x00000001500f7a00 Uncommon trap: reason=unstable_if action=reinterpret pc=0x000000011417cb98 method=com.sun.javafx.css.ParsedValueImpl.containsFontRelativeSize(Ljavafx/css/ParsedValue;Z)Z @ 187 c2
Event: 3.278 Thread 0x00000001500f7a00 DEOPT PACKING pc=0x000000011417cb98 sp=0x000000016d018c40
Event: 3.278 Thread 0x00000001500f7a00 DEOPT UNPACKING pc=0x000000010c64ad1c sp=0x000000016d018b30 mode 2
Event: 3.300 Thread 0x00000001500f7a00 DEOPT PACKING pc=0x000000010cf78f5c sp=0x000000016d01a6c0
Event: 3.300 Thread 0x00000001500f7a00 DEOPT UNPACKING pc=0x000000010c64ab7c sp=0x000000016d01a340 mode 0
Event: 3.310 Thread 0x000000013f814c00 DEOPT PACKING pc=0x000000010d05ce54 sp=0x000000016faa96f0
Event: 3.310 Thread 0x000000013f814c00 DEOPT UNPACKING pc=0x000000010c64ab7c sp=0x000000016faa9310 mode 0
Event: 3.310 Thread 0x000000013f814c00 DEOPT PACKING pc=0x000000010d0c5d24 sp=0x000000016faa95d0
Event: 3.310 Thread 0x000000013f814c00 DEOPT UNPACKING pc=0x000000010c64ab7c sp=0x000000016faa91d0 mode 0
Event: 3.313 Thread 0x000000013f814c00 DEOPT PACKING pc=0x000000010d0bf8d8 sp=0x000000016faa94b0
Event: 3.313 Thread 0x000000013f814c00 DEOPT UNPACKING pc=0x000000010c64ab7c sp=0x000000016faa9060 mode 0
Event: 3.315 Thread 0x000000013f814c00 DEOPT PACKING pc=0x000000010d05b6e0 sp=0x000000016faa96b0
Event: 3.315 Thread 0x000000013f814c00 DEOPT UNPACKING pc=0x000000010c64ab7c sp=0x000000016faa9350 mode 0

Classes unloaded (0 events):
No events

Classes redefined (0 events):
No events

Internal exceptions (20 events):
Event: 0.510 Thread 0x00000001500f7a00 Exception <a 'sun/nio/fs/UnixException'{0x0000000786a40dd0}> (0x0000000786a40dd0) 
thrown [open/src/hotspot/share/prims/jni.cpp, line 516]
Event: 0.512 Thread 0x00000001500f7a00 Exception <a 'java/lang/NoSuchMethodError'{0x0000000786a4e8b0}: 'java.lang.Object java.lang.invoke.DirectMethodHandle$Holder.invokeStatic(java.lang.Object, int, java.lang.Object)'> (0x0000000786a4e8b0) 
thrown [open/src/hotspot/share/interpreter/linkResolver.cpp, line 759]
Event: 0.514 Thread 0x00000001500f7a00 Exception <a 'java/lang/ClassNotFoundException'{0x0000000786a62008}: sun/util/logging/resources/spi/loggingProvider> (0x0000000786a62008) 
thrown [open/src/hotspot/share/classfile/systemDictionary.cpp, line 256]
Event: 0.524 Thread 0x00000001500f7a00 Exception <a 'java/lang/NoSuchMethodError'{0x00000007869ce450}: 'java.lang.Object java.lang.invoke.DirectMethodHandle$Holder.invokeSpecial(java.lang.Object, java.lang.Object, java.lang.Object, int, java.lang.Object)'> (0x00000007869ce450) 
thrown [open/src/hotspot/share/interpreter/linkResolver.cpp, line 759]
Event: 0.579 Thread 0x00000001500f7a00 Exception <a 'java/lang/NoSuchMethodError'{0x0000000787af8128}: 'void java.lang.invoke.DirectMethodHandle$Holder.invokeStaticInit(java.lang.Object, java.lang.Object)'> (0x0000000787af8128) 
thrown [open/src/hotspot/share/interpreter/linkResolver.cpp, line 759]
Event: 0.583 Thread 0x00000001500f7a00 Exception <a 'java/lang/NoSuchMethodError'{0x0000000787974d60}: 'void java.lang.invoke.DirectMethodHandle$Holder.invokeSpecial(java.lang.Object, java.lang.Object, java.lang.Object, java.lang.Object, java.lang.Object)'> (0x0000000787974d60) 
thrown [open/src/hotspot/share/interpreter/linkResolver.cpp, line 759]
Event: 0.617 Thread 0x00000001500f7a00 Implicit null exception at 0x00000001141282d0 to 0x00000001141287c0
Event: 0.618 Thread 0x00000001500f7a00 Implicit null exception at 0x00000001141255d0 to 0x0000000114125ab8
Event: 0.757 Thread 0x00000001500f7a00 Exception <a 'java/lang/NoSuchMethodError'{0x00000007870e5670}: 'java.lang.Object java.lang.invoke.DirectMethodHandle$Holder.invokeInterface(java.lang.Object, java.lang.Object, java.lang.Object)'> (0x00000007870e5670) 
thrown [open/src/hotspot/share/interpreter/linkResolver.cpp, line 759]
Event: 0.758 Thread 0x00000001500f7a00 Exception <a 'java/lang/IncompatibleClassChangeError'{0x00000007870e8ff8}: Found class java.lang.Object, but interface was expected> (0x00000007870e8ff8) 
thrown [open/src/hotspot/share/interpreter/linkResolver.cpp, line 826]
Event: 0.780 Thread 0x00000001500f7a00 Exception <a 'java/lang/ClassNotFoundException'{0x0000000786d38de8}: com/sun/javafx/scene/control/skin/resources/controls> (0x0000000786d38de8) 
thrown [open/src/hotspot/share/prims/jni.cpp, line 535]
Event: 0.781 Thread 0x00000001500f7a00 Exception <a 'java/lang/ClassNotFoundException'{0x0000000786d46d88}: com/sun/javafx/scene/control/skin/resources/controls_en> (0x0000000786d46d88) 
thrown [open/src/hotspot/share/prims/jni.cpp, line 535]
Event: 0.781 Thread 0x00000001500f7a00 Exception <a 'java/lang/ClassNotFoundException'{0x0000000786d47d20}: com/sun/javafx/scene/control/skin/resources/controls_en_US> (0x0000000786d47d20) 
thrown [open/src/hotspot/share/prims/jni.cpp, line 535]
Event: 0.857 Thread 0x00000001500f7a00 Exception <a 'java/lang/NoSuchMethodError'{0x00000007860ab7f8}: 'void java.lang.invoke.DirectMethodHandle$Holder.invokeSpecial(java.lang.Object, java.lang.Object, java.lang.Object, java.lang.Object, java.lang.Object, java.lang.Object)'> (0x00000007860ab7f8) 
thrown [open/src/hotspot/share/interpreter/linkResolver.cpp, line 759]
Event: 0.932 Thread 0x00000001500f7a00 Exception <a 'java/lang/NoSuchMethodError'{0x0000000785793d98}: 'java.lang.Object java.lang.invoke.DirectMethodHandle$Holder.newInvokeSpecial(java.lang.Object, java.lang.Object, int)'> (0x0000000785793d98) 
thrown [open/src/hotspot/share/interpreter/linkResolver.cpp, line 759]
Event: 0.978 Thread 0x000000013f814c00 Exception <a 'java/lang/NoSuchMethodError'{0x0000000787ee6fd0}: 'int java.lang.invoke.DirectMethodHandle$Holder.invokeStaticInit(java.lang.Object, java.lang.Object)'> (0x0000000787ee6fd0) 
thrown [open/src/hotspot/share/interpreter/linkResolver.cpp, line 759]
Event: 6.349 Thread 0x00000001500f7a00 Exception <a 'java/lang/NoSuchMethodError'{0x0000000787507f70}: 'long java.lang.invoke.DirectMethodHandle$Holder.invokeStatic(java.lang.Object, java.lang.Object, java.lang.Object)'> (0x0000000787507f70) 
thrown [open/src/hotspot/share/interpreter/linkResolver.cpp, line 759]
Event: 6.349 Thread 0x00000001500f7a00 Exception <a 'java/lang/NoSuchMethodError'{0x000000078750b718}: 'long java.lang.invoke.DirectMethodHandle$Holder.invokeStaticInit(java.lang.Object, java.lang.Object, java.lang.Object)'> (0x000000078750b718) 
thrown [open/src/hotspot/share/interpreter/linkResolver.cpp, line 759]
Event: 6.351 Thread 0x00000001500f7a00 Exception <a 'java/lang/NoSuchMethodError'{0x0000000787523320}: 'java.lang.Object java.lang.invoke.DirectMethodHandle$Holder.newInvokeSpecial(java.lang.Object, java.lang.Object, long)'> (0x0000000787523320) 
thrown [open/src/hotspot/share/interpreter/linkResolver.cpp, line 759]
Event: 6.352 Thread 0x00000001500f7a00 Exception <a 'java/lang/NoSuchMethodError'{0x0000000787526be8}: 'java.lang.Object java.lang.invoke.Invokers$Holder.linkToTargetMethod(java.lang.Object, long, java.lang.Object)'> (0x0000000787526be8) 
thrown [open/src/hotspot/share/interpreter/linkResolver.cpp, line 759]

VM Operations (20 events):
Event: 0.898 Executing VM operation: ICBufferFull
Event: 0.898 Executing VM operation: ICBufferFull done
Event: 0.934 Executing VM operation: G1CollectForAllocation
Event: 0.939 Executing VM operation: G1CollectForAllocation done
Event: 2.260 Executing VM operation: Cleanup
Event: 2.260 Executing VM operation: Cleanup done
Event: 3.261 Executing VM operation: Cleanup
Event: 3.261 Executing VM operation: Cleanup done
Event: 4.018 Executing VM operation: ICBufferFull
Event: 4.019 Executing VM operation: ICBufferFull done
Event: 6.025 Executing VM operation: Cleanup
Event: 6.026 Executing VM operation: Cleanup done
Event: 7.031 Executing VM operation: Cleanup
Event: 7.031 Executing VM operation: Cleanup done
Event: 8.036 Executing VM operation: Cleanup
Event: 8.036 Executing VM operation: Cleanup done
Event: 9.041 Executing VM operation: Cleanup
Event: 9.041 Executing VM operation: Cleanup done
Event: 10.046 Executing VM operation: Cleanup
Event: 10.046 Executing VM operation: Cleanup done

Events (20 events):
Event: 3.580 Protecting memory [0x000000016fcc0000,0x000000016fccc000] with protection modes 3
Event: 3.581 Thread 0x000000015018a400 Thread exited: 0x000000015018a400
Event: 5.930 Protecting memory [0x000000016fcc0000,0x000000016fccc000] with protection modes 0
Event: 5.930 Thread 0x0000000121966200 Thread added: 0x0000000121966200
Event: 6.214 Protecting memory [0x000000016fcc0000,0x000000016fccc000] with protection modes 3
Event: 6.214 Thread 0x0000000121966200 Thread exited: 0x0000000121966200
Event: 6.346 Protecting memory [0x000000016fcc0000,0x000000016fccc000] with protection modes 0
Event: 6.346 Thread 0x000000015101a800 Thread added: 0x000000015101a800
Event: 7.014 Protecting memory [0x000000016fcc0000,0x000000016fccc000] with protection modes 3
Event: 7.014 Thread 0x000000015101a800 Thread exited: 0x000000015101a800
Event: 7.680 Protecting memory [0x000000016fcc0000,0x000000016fccc000] with protection modes 0
Event: 7.680 Thread 0x000000012506f000 Thread added: 0x000000012506f000
Event: 7.964 Protecting memory [0x000000016fcc0000,0x000000016fccc000] with protection modes 3
Event: 7.964 Thread 0x000000012506f000 Thread exited: 0x000000012506f000
Event: 8.180 Protecting memory [0x000000016fcc0000,0x000000016fccc000] with protection modes 0
Event: 8.180 Thread 0x000000015101a800 Thread added: 0x000000015101a800
Event: 9.247 Protecting memory [0x000000016fcc0000,0x000000016fccc000] with protection modes 3
Event: 9.247 Thread 0x000000015101a800 Thread exited: 0x000000015101a800
Event: 9.831 Protecting memory [0x000000016fcc0000,0x000000016fccc000] with protection modes 0
Event: 9.831 Thread 0x0000000151840000 Thread added: 0x0000000151840000


Dynamic libraries:
0x0000000102f14000 	/Library/Java/JavaVirtualMachines/jdk-17.0.4.jdk/Contents/Home/lib/libjli.dylib
0x00000001a5cb9000 	/usr/lib/libz.1.dylib
0x00000001a5d70000 	/usr/lib/libSystem.B.dylib
0x00000001a5d6a000 	/usr/lib/system/libcache.dylib
0x00000001a5d28000 	/usr/lib/system/libcommonCrypto.dylib
0x00000001a5d51000 	/usr/lib/system/libcompiler_rt.dylib
0x00000001a5d48000 	/usr/lib/system/libcopyfile.dylib
0x000000019af8f000 	/usr/lib/system/libcorecrypto.dylib
0x000000019b044000 	/usr/lib/system/libdispatch.dylib
0x000000019b212000 	/usr/lib/system/libdyld.dylib
0x00000001a5d60000 	/usr/lib/system/libkeymgr.dylib
0x00000001a5d03000 	/usr/lib/system/libmacho.dylib
0x00000001a53f3000 	/usr/lib/system/libquarantine.dylib
0x00000001a5d5d000 	/usr/lib/system/libremovefile.dylib
0x00000001a038a000 	/usr/lib/system/libsystem_asl.dylib
0x000000019af31000 	/usr/lib/system/libsystem_blocks.dylib
0x000000019b0cc000 	/usr/lib/system/libsystem_c.dylib
0x00000001a5d55000 	/usr/lib/system/libsystem_collections.dylib
0x00000001a4888000 	/usr/lib/system/libsystem_configuration.dylib
0x00000001a3ae2000 	/usr/lib/system/libsystem_containermanager.dylib
0x00000001a5a60000 	/usr/lib/system/libsystem_coreservices.dylib
0x000000019d943000 	/usr/lib/system/libsystem_darwin.dylib
0x00000001a5d61000 	/usr/lib/system/libsystem_dnssd.dylib
0x000000019b0c9000 	/usr/lib/system/libsystem_featureflags.dylib
0x000000019b227000 	/usr/lib/system/libsystem_info.dylib
0x00000001a5ccb000 	/usr/lib/system/libsystem_m.dylib
0x000000019b019000 	/usr/lib/system/libsystem_malloc.dylib
0x00000001a0318000 	/usr/lib/system/libsystem_networkextension.dylib
0x000000019dd9c000 	/usr/lib/system/libsystem_notify.dylib
0x00000001ac0c5000 	/usr/lib/system/libsystem_product_info_filter.dylib
0x00000001a488d000 	/usr/lib/system/libsystem_sandbox.dylib
0x00000001a5d5a000 	/usr/lib/system/libsystem_secinit.dylib
0x000000019b1cd000 	/usr/lib/system/libsystem_kernel.dylib
0x000000019b21f000 	/usr/lib/system/libsystem_platform.dylib
0x000000019b205000 	/usr/lib/system/libsystem_pthread.dylib
0x00000001a1aee000 	/usr/lib/system/libsystem_symptoms.dylib
0x000000019af75000 	/usr/lib/system/libsystem_trace.dylib
0x00000001a5d35000 	/usr/lib/system/libunwind.dylib
0x000000019af33000 	/usr/lib/system/libxpc.dylib
0x000000019b1b5000 	/usr/lib/libc++abi.dylib
0x000000019b08b000 	/usr/lib/libobjc.A.dylib
0x00000001a5d40000 	/usr/lib/liboah.dylib
0x000000019b14e000 	/usr/lib/libc++.1.dylib
0x00000001b1bf3000 	/System/Library/Frameworks/Cocoa.framework/Versions/A/Cocoa
0x000000019ddfd000 	/System/Library/Frameworks/AppKit.framework/Versions/C/AppKit
0x00000001a1314000 	/System/Library/Frameworks/CoreData.framework/Versions/A/CoreData
0x000000019c158000 	/System/Library/Frameworks/Foundation.framework/Versions/C/Foundation
0x000000019ecb6000 	/System/Library/PrivateFrameworks/UIFoundation.framework/Versions/A/UIFoundation
0x00000001abdbf000 	/System/Library/PrivateFrameworks/RemoteViewServices.framework/Versions/A/RemoteViewServices
0x00000001a4230000 	/System/Library/PrivateFrameworks/XCTTargetBootstrap.framework/Versions/A/XCTTargetBootstrap
0x00000001a7ab0000 	/System/Library/PrivateFrameworks/InternationalSupport.framework/Versions/A/InternationalSupport
0x00000001a7b39000 	/System/Library/PrivateFrameworks/UserActivity.framework/Versions/A/UserActivity
0x00000001a6fa7000 	/usr/lib/libspindump.dylib
0x000000019ef27000 	/System/Library/Frameworks/UniformTypeIdentifiers.framework/Versions/A/UniformTypeIdentifiers
0x00000001a2778000 	/usr/lib/libapp_launch_measurement.dylib
0x00000001a1ca0000 	/System/Library/PrivateFrameworks/CoreAnalytics.framework/Versions/A/CoreAnalytics
0x00000001a277b000 	/System/Library/PrivateFrameworks/CoreAutoLayout.framework/Versions/A/CoreAutoLayout
0x00000001a3b1f000 	/System/Library/Frameworks/Metal.framework/Versions/A/Metal
0x00000001a4898000 	/usr/lib/liblangid.dylib
0x00000001a4235000 	/System/Library/PrivateFrameworks/CoreSVG.framework/Versions/A/CoreSVG
0x00000001a03be000 	/System/Library/PrivateFrameworks/SkyLight.framework/Versions/A/SkyLight
0x00000001a079a000 	/System/Library/Frameworks/CoreGraphics.framework/Versions/A/CoreGraphics
0x00000001ac48b000 	/System/Library/Frameworks/Accelerate.framework/Versions/A/Accelerate
0x00000001a6a1e000 	/System/Library/PrivateFrameworks/IconServices.framework/Versions/A/IconServices
0x00000001a3b01000 	/System/Library/Frameworks/IOSurface.framework/Versions/A/IOSurface
0x00000001a1cd1000 	/usr/lib/libDiagnosticMessagesClient.dylib
0x00000001af990000 	/System/Library/Frameworks/ApplicationServices.framework/Versions/A/ApplicationServices
0x00000001a4218000 	/System/Library/PrivateFrameworks/DFRFoundation.framework/Versions/A/DFRFoundation
0x000000019d68d000 	/usr/lib/libicucore.A.dylib
0x00000001a895e000 	/System/Library/Frameworks/AudioToolbox.framework/Versions/A/AudioToolbox
0x00000001a7abc000 	/System/Library/PrivateFrameworks/DataDetectorsCore.framework/Versions/A/DataDetectorsCore
0x00000001be4dc000 	/System/Library/PrivateFrameworks/TextInput.framework/Versions/A/TextInput
0x00000001a0333000 	/usr/lib/libMobileGestalt.dylib
0x00000001a3ee4000 	/System/Library/Frameworks/Carbon.framework/Versions/A/Frameworks/HIToolbox.framework/Versions/A/HIToolbox
0x00000001a2151000 	/System/Library/Frameworks/QuartzCore.framework/Versions/A/QuartzCore
0x000000019d30e000 	/System/Library/Frameworks/Security.framework/Versions/A/Security
0x00000001abdff000 	/System/Library/Frameworks/Carbon.framework/Versions/A/Frameworks/SpeechRecognition.framework/Versions/A/SpeechRecognition
0x00000001a24cd000 	/System/Library/PrivateFrameworks/CoreUI.framework/Versions/A/CoreUI
0x000000019cbea000 	/System/Library/Frameworks/CoreAudio.framework/Versions/A/CoreAudio
0x00000001a1dc5000 	/System/Library/Frameworks/DiskArbitration.framework/Versions/A/DiskArbitration
0x00000001a73b1000 	/System/Library/PrivateFrameworks/MultitouchSupport.framework/Versions/A/MultitouchSupport
0x00000001a0331000 	/usr/lib/libenergytrace.dylib
0x000000019dcc5000 	/System/Library/Frameworks/IOKit.framework/Versions/A/IOKit
0x00000001ac1ee000 	/System/Library/Frameworks/CoreServices.framework/Versions/A/CoreServices
0x00000001a2708000 	/System/Library/PrivateFrameworks/PerformanceAnalysis.framework/Versions/A/PerformanceAnalysis
0x00000001fc983000 	/System/Library/Frameworks/OpenGL.framework/Versions/A/OpenGL
0x00000001a530b000 	/System/Library/PrivateFrameworks/MobileKeyBag.framework/Versions/A/MobileKeyBag
0x00000001a0da8000 	/System/Library/Frameworks/ColorSync.framework/Versions/A/ColorSync
0x000000019b254000 	/System/Library/Frameworks/CoreFoundation.framework/Versions/A/CoreFoundation
0x00000001a44b4000 	/System/Library/Frameworks/CoreImage.framework/Versions/A/CoreImage
0x000000019ca0e000 	/System/Library/Frameworks/CoreText.framework/Versions/A/CoreText
0x00000001a4265000 	/System/Library/Frameworks/ImageIO.framework/Versions/A/ImageIO
0x00000001a5d76000 	/System/Library/PrivateFrameworks/SoftLinking.framework/Versions/A/SoftLinking
0x00000001a27c6000 	/usr/lib/libxml2.2.dylib
0x00000001a600f000 	/usr/lib/libcompression.dylib
0x00000001a7a0c000 	/System/Library/PrivateFrameworks/TextureIO.framework/Versions/A/TextureIO
0x00000001a6737000 	/usr/lib/libate.dylib
0x00000001a65fc000 	/usr/lib/liblzma.5.dylib
0x000000019be4b000 	/System/Library/Frameworks/SystemConfiguration.framework/Versions/A/SystemConfiguration
0x00000001a5d72000 	/usr/lib/libfakelink.dylib
0x000000019fe63000 	/System/Library/Frameworks/CFNetwork.framework/Versions/A/CFNetwork
0x00000001a5eb8000 	/usr/lib/libarchive.2.dylib
0x00000001a4894000 	/System/Library/PrivateFrameworks/AppleSystemInfo.framework/Versions/A/AppleSystemInfo
0x00000001a541e000 	/usr/lib/libbsm.0.dylib
0x000000019f3d0000 	/usr/lib/libnetwork.dylib
0x00000001a5d0c000 	/usr/lib/system/libkxld.dylib
0x00000001a5038000 	/System/Library/PrivateFrameworks/IOMobileFramebuffer.framework/Versions/A/IOMobileFramebuffer
0x000000021ad6d000 	/usr/lib/libCoreEntitlements.dylib
0x00000001a5a42000 	/System/Library/PrivateFrameworks/AppleFSCompression.framework/Versions/A/AppleFSCompression
0x00000001a5406000 	/usr/lib/libcoretls.dylib
0x00000001a6615000 	/usr/lib/libcoretls_cfhelpers.dylib
0x00000001a600a000 	/usr/lib/libpam.2.dylib
0x00000001a1704000 	/usr/lib/libsqlite3.dylib
0x00000001a667e000 	/usr/lib/libxar.1.dylib
0x00000001a5a53000 	/usr/lib/libbz2.1.0.dylib
0x00000001a5d77000 	/usr/lib/libpcap.A.dylib
0x00000001a1ae5000 	/usr/lib/libdns_services.dylib
0x00000001a5fdd000 	/usr/lib/libapple_nghttp2.dylib
0x00000001a5db4000 	/usr/lib/libiconv.2.dylib
0x00000001a5d02000 	/usr/lib/libcharset.1.dylib
0x00000001a2744000 	/System/Library/Frameworks/CoreServices.framework/Versions/A/Frameworks/FSEvents.framework/Versions/A/FSEvents
0x000000019d94e000 	/System/Library/Frameworks/CoreServices.framework/Versions/A/Frameworks/CarbonCore.framework/Versions/A/CarbonCore
0x00000001a1d25000 	/System/Library/Frameworks/CoreServices.framework/Versions/A/Frameworks/Metadata.framework/Versions/A/Metadata
0x00000001a5a66000 	/System/Library/Frameworks/CoreServices.framework/Versions/A/Frameworks/OSServices.framework/Versions/A/OSServices
0x00000001a5f3e000 	/System/Library/Frameworks/CoreServices.framework/Versions/A/Frameworks/SearchKit.framework/Versions/A/SearchKit
0x00000001a1a73000 	/System/Library/Frameworks/CoreServices.framework/Versions/A/Frameworks/AE.framework/Versions/A/AE
0x000000019b79b000 	/System/Library/Frameworks/CoreServices.framework/Versions/A/Frameworks/LaunchServices.framework/Versions/A/LaunchServices
0x00000001a65a5000 	/System/Library/Frameworks/CoreServices.framework/Versions/A/Frameworks/DictionaryServices.framework/Versions/A/DictionaryServices
0x00000001a2751000 	/System/Library/Frameworks/CoreServices.framework/Versions/A/Frameworks/SharedFileList.framework/Versions/A/SharedFileList
0x00000001a53f6000 	/usr/lib/libCheckFix.dylib
0x00000001a03a2000 	/System/Library/PrivateFrameworks/TCC.framework/Versions/A/TCC
0x00000001a489a000 	/System/Library/PrivateFrameworks/CoreNLP.framework/Versions/A/CoreNLP
0x00000001a1cd4000 	/System/Library/PrivateFrameworks/MetadataUtilities.framework/Versions/A/MetadataUtilities
0x000000019bf05000 	/usr/lib/libmecabra.dylib
0x00000001a542f000 	/usr/lib/libmecab.dylib
0x000000019bed1000 	/usr/lib/libCRFSuite.dylib
0x00000001a548c000 	/usr/lib/libgermantok.dylib
0x00000001a5fb6000 	/usr/lib/libThaiTokenizer.dylib
0x00000001a1dcd000 	/System/Library/Frameworks/Accelerate.framework/Versions/A/Frameworks/vImage.framework/Versions/A/vImage
0x00000001ac1c5000 	/System/Library/Frameworks/Accelerate.framework/Versions/A/Frameworks/vecLib.framework/Versions/A/vecLib
0x00000001a66c3000 	/System/Library/Frameworks/Accelerate.framework/Versions/A/Frameworks/vecLib.framework/Versions/A/libvMisc.dylib
0x00000001a4f3f000 	/System/Library/Frameworks/Accelerate.framework/Versions/A/Frameworks/vecLib.framework/Versions/A/libvDSP.dylib
0x000000019bb26000 	/System/Library/Frameworks/Accelerate.framework/Versions/A/Frameworks/vecLib.framework/Versions/A/libBLAS.dylib
0x00000001a60e0000 	/System/Library/Frameworks/Accelerate.framework/Versions/A/Frameworks/vecLib.framework/Versions/A/libLAPACK.dylib
0x00000001a548f000 	/System/Library/Frameworks/Accelerate.framework/Versions/A/Frameworks/vecLib.framework/Versions/A/libLinearAlgebra.dylib
0x00000001a5ff5000 	/System/Library/Frameworks/Accelerate.framework/Versions/A/Frameworks/vecLib.framework/Versions/A/libSparseBLAS.dylib
0x00000001a60db000 	/System/Library/Frameworks/Accelerate.framework/Versions/A/Frameworks/vecLib.framework/Versions/A/libQuadrature.dylib
0x00000001a4993000 	/System/Library/Frameworks/Accelerate.framework/Versions/A/Frameworks/vecLib.framework/Versions/A/libBNNS.dylib
0x000000019bde4000 	/System/Library/Frameworks/Accelerate.framework/Versions/A/Frameworks/vecLib.framework/Versions/A/libSparse.dylib
0x00000001a498b000 	/System/Library/PrivateFrameworks/LinguisticData.framework/Versions/A/LinguisticData
0x000000019bd9c000 	/System/Library/PrivateFrameworks/Lexicon.framework/Versions/A/Lexicon
0x00000001a66bb000 	/usr/lib/libChineseTokenizer.dylib
0x000000019c54a000 	/System/Library/PrivateFrameworks/LanguageModeling.framework/Versions/A/LanguageModeling
0x00000001a5fb8000 	/System/Library/PrivateFrameworks/AppleSauce.framework/Versions/A/AppleSauce
0x00000001a5025000 	/System/Library/PrivateFrameworks/CoreEmoji.framework/Versions/A/CoreEmoji
0x00000001a5ea6000 	/usr/lib/libcmph.dylib
0x00000001a2724000 	/System/Library/Frameworks/OpenDirectory.framework/Versions/A/Frameworks/CFOpenDirectory.framework/Versions/A/CFOpenDirectory
0x00000001a2714000 	/System/Library/Frameworks/OpenDirectory.framework/Versions/A/OpenDirectory
0x00000001a6617000 	/System/Library/PrivateFrameworks/APFS.framework/Versions/A/APFS
0x00000001a5346000 	/System/Library/Frameworks/SecurityFoundation.framework/Versions/A/SecurityFoundation
0x00000001a668d000 	/usr/lib/libutil.dylib
0x000000019dc87000 	/System/Library/PrivateFrameworks/CoreServicesStore.framework/Versions/A/CoreServicesStore
0x00000001a6691000 	/usr/lib/libxslt.1.dylib
0x00000001a53da000 	/System/Library/PrivateFrameworks/BackgroundTaskManagement.framework/Versions/A/BackgroundTaskManagement
0x00000001a792d000 	/System/Library/Frameworks/ImageIO.framework/Versions/A/Resources/libRadiance.dylib
0x00000001a7936000 	/System/Library/Frameworks/ImageIO.framework/Versions/A/Resources/libJPEG.dylib
0x00000001a7889000 	/System/Library/Frameworks/ImageIO.framework/Versions/A/Resources/libPng.dylib
0x00000001a78ab000 	/System/Library/Frameworks/ImageIO.framework/Versions/A/Resources/libTIFF.dylib
0x00000001a7991000 	/System/Library/Frameworks/ImageIO.framework/Versions/A/Resources/libGIF.dylib
0x00000001a72c1000 	/System/Library/Frameworks/ImageIO.framework/Versions/A/Resources/libJP2.dylib
0x00000001a69e3000 	/usr/lib/libexpat.1.dylib
0x00000001a727c000 	/System/Library/PrivateFrameworks/AppleJPEG.framework/Versions/A/AppleJPEG
0x00000001a3da0000 	/System/Library/PrivateFrameworks/FontServices.framework/libFontParser.dylib
0x00000001a1a18000 	/System/Library/PrivateFrameworks/RunningBoardServices.framework/Versions/A/RunningBoardServices
0x00000001b22ca000 	/System/Library/PrivateFrameworks/IOSurfaceAccelerator.framework/Versions/A/IOSurfaceAccelerator
0x00000001a73ad000 	/System/Library/PrivateFrameworks/WatchdogClient.framework/Versions/A/WatchdogClient
0x000000019c64a000 	/System/Library/Frameworks/CoreDisplay.framework/Versions/A/CoreDisplay
0x00000001a3c8a000 	/System/Library/Frameworks/CoreMedia.framework/Versions/A/CoreMedia
0x00000001a3b15000 	/System/Library/PrivateFrameworks/IOAccelerator.framework/Versions/A/IOAccelerator
0x00000001a28b4000 	/System/Library/Frameworks/CoreVideo.framework/Versions/A/CoreVideo
0x00000001a6008000 	/System/Library/Frameworks/MetalPerformanceShaders.framework/Versions/A/MetalPerformanceShaders
0x00000001a73ec000 	/System/Library/Frameworks/VideoToolbox.framework/Versions/A/VideoToolbox
0x00000001a195c000 	/System/Library/PrivateFrameworks/BaseBoard.framework/Versions/A/BaseBoard
0x00000001a16ea000 	/System/Library/PrivateFrameworks/ProtocolBuffer.framework/Versions/A/ProtocolBuffer
0x00000001a7928000 	/System/Library/PrivateFrameworks/GPUWrangler.framework/Versions/A/GPUWrangler
0x00000001a7908000 	/System/Library/PrivateFrameworks/IOPresentment.framework/Versions/A/IOPresentment
0x00000001a7930000 	/System/Library/PrivateFrameworks/DSExternalDisplay.framework/Versions/A/DSExternalDisplay
0x00000001fc976000 	/System/Library/Frameworks/OpenGL.framework/Versions/A/Libraries/libCoreFSCache.dylib
0x0000000207840000 	/System/Library/PrivateFrameworks/GPUCompiler.framework/Versions/31001/Libraries/libGPUCompilerUtils.dylib
0x00000001a7996000 	/System/Library/PrivateFrameworks/CMCaptureCore.framework/Versions/A/CMCaptureCore
0x00000001a6f94000 	/System/Library/PrivateFrameworks/AppServerSupport.framework/Versions/A/AppServerSupport
0x00000001a921c000 	/System/Library/PrivateFrameworks/perfdata.framework/Versions/A/perfdata
0x000000019c76a000 	/System/Library/PrivateFrameworks/AudioToolboxCore.framework/Versions/A/AudioToolboxCore
0x00000001a3c63000 	/System/Library/PrivateFrameworks/caulk.framework/Versions/A/caulk
0x00000001a8b11000 	/usr/lib/libAudioStatistics.dylib
0x00000001bab2f000 	/System/Library/PrivateFrameworks/SystemPolicy.framework/Versions/A/SystemPolicy
0x00000001a8d7d000 	/usr/lib/libSMC.dylib
0x00000001b1ad1000 	/System/Library/Frameworks/CoreMIDI.framework/Versions/A/CoreMIDI
0x00000001a7857000 	/usr/lib/libAudioToolboxUtility.dylib
0x00000001b6c92000 	/System/Library/PrivateFrameworks/OSAServicesClient.framework/Versions/A/OSAServicesClient
0x00000001a9229000 	/usr/lib/libperfcheck.dylib
0x00000001bb64e000 	/usr/lib/libmis.dylib
0x00000001fc9d8000 	/System/Library/Frameworks/OpenGL.framework/Versions/A/Libraries/libGLU.dylib
0x00000001fc997000 	/System/Library/Frameworks/OpenGL.framework/Versions/A/Libraries/libGFXShared.dylib
0x00000001fcb84000 	/System/Library/Frameworks/OpenGL.framework/Versions/A/Libraries/libGL.dylib
0x00000001fc9a0000 	/System/Library/Frameworks/OpenGL.framework/Versions/A/Libraries/libGLImage.dylib
0x00000001fc994000 	/System/Library/Frameworks/OpenGL.framework/Versions/A/Libraries/libCVMSPluginSupport.dylib
0x00000001fc97d000 	/System/Library/Frameworks/OpenGL.framework/Versions/A/Libraries/libCoreVMClient.dylib
0x00000001a4814000 	/System/Library/Frameworks/MetalPerformanceShaders.framework/Versions/A/Frameworks/MPSCore.framework/Versions/A/MPSCore
0x00000001a59b5000 	/System/Library/Frameworks/MetalPerformanceShaders.framework/Versions/A/Frameworks/MPSImage.framework/Versions/A/MPSImage
0x00000001a54a4000 	/System/Library/Frameworks/MetalPerformanceShaders.framework/Versions/A/Frameworks/MPSNeuralNetwork.framework/Versions/A/MPSNeuralNetwork
0x00000001a58dd000 	/System/Library/Frameworks/MetalPerformanceShaders.framework/Versions/A/Frameworks/MPSMatrix.framework/Versions/A/MPSMatrix
0x00000001a56b6000 	/System/Library/Frameworks/MetalPerformanceShaders.framework/Versions/A/Frameworks/MPSRayIntersector.framework/Versions/A/MPSRayIntersector
0x00000001a590e000 	/System/Library/Frameworks/MetalPerformanceShaders.framework/Versions/A/Frameworks/MPSNDArray.framework/Versions/A/MPSNDArray
0x00000001ff47f000 	/System/Library/Frameworks/MetalPerformanceShaders.framework/Versions/A/Frameworks/MPSFunctions.framework/Versions/A/MPSFunctions
0x000000019b9fc000 	/System/Library/PrivateFrameworks/MetalTools.framework/Versions/A/MetalTools
0x00000001a4892000 	/System/Library/PrivateFrameworks/AggregateDictionary.framework/Versions/A/AggregateDictionary
0x00000001a67c8000 	/usr/lib/libIOReport.dylib
0x00000001b0aea000 	/System/Library/PrivateFrameworks/ASEProcessing.framework/Versions/A/ASEProcessing
0x00000001a6b3d000 	/System/Library/PrivateFrameworks/FaceCore.framework/Versions/A/FaceCore
0x00000001a6b2f000 	/System/Library/PrivateFrameworks/GraphVisualizer.framework/Versions/A/GraphVisualizer
0x0000000207757000 	/System/Library/PrivateFrameworks/FontServices.framework/Versions/A/FontServices
0x00000001a6f50000 	/System/Library/PrivateFrameworks/OTSVG.framework/Versions/A/OTSVG
0x00000001a247d000 	/System/Library/Frameworks/ApplicationServices.framework/Versions/A/Frameworks/ATS.framework/Versions/A/Resources/libFontRegistry.dylib
0x00000001a6f9d000 	/System/Library/PrivateFrameworks/FontServices.framework/libhvf.dylib
0x0000000207758000 	/System/Library/PrivateFrameworks/FontServices.framework/libXTFontStaticRegistryData.dylib
0x00000001fcd25000 	/System/Library/Frameworks/OpenCL.framework/Versions/A/OpenCL
0x00000001a6997000 	/System/Library/PrivateFrameworks/AppleVA.framework/Versions/A/AppleVA
0x00000001a8b39000 	/System/Library/Frameworks/ApplicationServices.framework/Versions/A/Frameworks/ATS.framework/Versions/A/ATS
0x00000001a0ea7000 	/System/Library/Frameworks/ApplicationServices.framework/Versions/A/Frameworks/HIServices.framework/Versions/A/HIServices
0x00000001a79a0000 	/System/Library/Frameworks/ApplicationServices.framework/Versions/A/Frameworks/PrintCore.framework/Versions/A/PrintCore
0x00000001a8ed0000 	/System/Library/Frameworks/ApplicationServices.framework/Versions/A/Frameworks/QD.framework/Versions/A/QD
0x00000001a8ec8000 	/System/Library/Frameworks/ApplicationServices.framework/Versions/A/Frameworks/ColorSyncLegacy.framework/Versions/A/ColorSyncLegacy
0x00000001a8b25000 	/System/Library/Frameworks/ApplicationServices.framework/Versions/A/Frameworks/SpeechSynthesis.framework/Versions/A/SpeechSynthesis
0x00000001a7961000 	/System/Library/Frameworks/ApplicationServices.framework/Versions/A/Frameworks/ATSUI.framework/Versions/A/ATSUI
0x00000001a8e5d000 	/usr/lib/libcups.2.dylib
0x00000001a9237000 	/System/Library/Frameworks/Kerberos.framework/Versions/A/Kerberos
0x00000001a9248000 	/System/Library/Frameworks/GSS.framework/Versions/A/GSS
0x00000001a8ba9000 	/usr/lib/libresolv.9.dylib
0x00000001a6fac000 	/System/Library/PrivateFrameworks/Heimdal.framework/Versions/A/Heimdal
0x00000001afd20000 	/System/Library/Frameworks/Kerberos.framework/Versions/A/Libraries/libHeimdalProxy.dylib
0x00000001a1af7000 	/System/Library/Frameworks/Network.framework/Versions/A/Network
0x00000001a69fe000 	/usr/lib/libheimdal-asn1.dylib
0x00000001a9298000 	/System/Library/PrivateFrameworks/CommonAuth.framework/Versions/A/CommonAuth
0x00000001a8a9f000 	/System/Library/PrivateFrameworks/AudioSession.framework/Versions/A/AudioSession
0x00000001a6a90000 	/System/Library/PrivateFrameworks/MediaExperience.framework/Versions/A/MediaExperience
0x00000001a8924000 	/System/Library/PrivateFrameworks/AudioSession.framework/libSessionUtility.dylib
0x00000001a8edc000 	/System/Library/PrivateFrameworks/AudioResourceArbitration.framework/Versions/A/AudioResourceArbitration
0x00000001ad0a2000 	/System/Library/PrivateFrameworks/PowerLog.framework/Versions/A/PowerLog
0x00000001a6a08000 	/System/Library/PrivateFrameworks/IconFoundation.framework/Versions/A/IconFoundation
0x00000001abdeb000 	/System/Library/PrivateFrameworks/SpeechRecognitionCore.framework/Versions/A/SpeechRecognitionCore
0x0000000103f20000 	/Library/Java/JavaVirtualMachines/jdk-17.0.4.jdk/Contents/Home/lib/server/libjvm.dylib
0x000000010303c000 	/Library/Java/JavaVirtualMachines/jdk-17.0.4.jdk/Contents/Home/lib/libjimage.dylib
0x0000000103068000 	/Library/Java/JavaVirtualMachines/jdk-17.0.4.jdk/Contents/Home/lib/libinstrument.dylib
0x00000001030b4000 	/Library/Java/JavaVirtualMachines/jdk-17.0.4.jdk/Contents/Home/lib/libjava.dylib
0x0000000103f00000 	/Library/Java/JavaVirtualMachines/jdk-17.0.4.jdk/Contents/Home/lib/libnio.dylib
0x0000000121674000 	/Library/Java/JavaVirtualMachines/jdk-17.0.4.jdk/Contents/Home/lib/libnet.dylib
0x0000000103098000 	/Library/Java/JavaVirtualMachines/jdk-17.0.4.jdk/Contents/Home/lib/libzip.dylib
0x0000000121698000 	/Users/markwilson/.openjfx/cache/17.0.1/libprism_es2.dylib
0x000000019dc4a000 	/System/Library/PrivateFrameworks/CoreServicesInternal.framework/Versions/A/CoreServicesInternal
0x00000001fcb8e000 	/System/Library/Frameworks/OpenGL.framework/Versions/A/Resources/GLEngine.bundle/GLEngine
0x00000001fca16000 	/System/Library/Frameworks/OpenGL.framework/Versions/A/Libraries/libGLProgrammability.dylib
0x0000000121754000 	/System/Library/Extensions/AppleMetalOpenGLRenderer.bundle/Contents/MacOS/AppleMetalOpenGLRenderer
0x00000001fccfd000 	/System/Library/Frameworks/OpenGL.framework/Versions/A/Resources/GLRendererFloat.bundle/GLRendererFloat
0x00000001fcdfd000 	/System/Library/Extensions/AGXMetal13_3.bundle/Contents/MacOS/AGXMetal13_3
0x00000001bb66a000 	/System/Library/PrivateFrameworks/GPURawCounter.framework/Versions/A/GPURawCounter
0x00000001b5dfb000 	/System/Library/PrivateFrameworks/IOGPU.framework/Versions/A/IOGPU
0x0000000124f98000 	/Users/markwilson/.openjfx/cache/17.0.1/libglass.dylib
0x00000001ad2fa000 	/System/Library/Frameworks/FileProvider.framework/Versions/A/FileProvider
0x00000001a18c4000 	/System/Library/Frameworks/Accounts.framework/Versions/A/Accounts
0x00000001ad47e000 	/System/Library/PrivateFrameworks/GenerationalStorage.framework/Versions/A/GenerationalStorage
0x00000001ae041000 	/System/Library/PrivateFrameworks/CoreSymbolication.framework/Versions/A/CoreSymbolication
0x00000001ad096000 	/System/Library/PrivateFrameworks/SymptomDiagnosticReporter.framework/Versions/A/SymptomDiagnosticReporter
0x000000019ef3b000 	/System/Library/PrivateFrameworks/DesktopServicesPriv.framework/Versions/A/DesktopServicesPriv
0x000000019ddac000 	/usr/lib/libsandbox.1.dylib
0x00000001a2942000 	/System/Library/PrivateFrameworks/UserManagement.framework/Versions/A/UserManagement
0x00000001adffe000 	/System/Library/PrivateFrameworks/DebugSymbols.framework/Versions/A/DebugSymbols
0x00000001a8ebb000 	/System/Library/PrivateFrameworks/NetAuth.framework/Versions/A/NetAuth
0x00000001a9ddc000 	/System/Library/PrivateFrameworks/Sharing.framework/Versions/A/Sharing
0x00000001a2912000 	/System/Library/PrivateFrameworks/login.framework/Versions/A/Frameworks/loginsupport.framework/Versions/A/loginsupport
0x00000001af235000 	/System/Library/PrivateFrameworks/Apple80211.framework/Versions/A/Apple80211
0x00000001a5a99000 	/System/Library/PrivateFrameworks/AuthKit.framework/Versions/A/AuthKit
0x00000001a5121000 	/System/Library/PrivateFrameworks/CoreUtils.framework/Versions/A/CoreUtils
0x00000001a5044000 	/System/Library/Frameworks/CoreWLAN.framework/Versions/A/CoreWLAN
0x00000001a9f4c000 	/System/Library/Frameworks/IOBluetooth.framework/Versions/A/IOBluetooth
0x00000001af295000 	/System/Library/PrivateFrameworks/CoreWiFi.framework/Versions/A/CoreWiFi
0x00000001adbde000 	/System/Library/PrivateFrameworks/FrontBoardServices.framework/Versions/A/FrontBoardServices
0x00000001adc76000 	/System/Library/PrivateFrameworks/BoardServices.framework/Versions/A/BoardServices
0x00000001a5334000 	/System/Library/PrivateFrameworks/AssertionServices.framework/Versions/A/AssertionServices
0x00000001af412000 	/System/Library/PrivateFrameworks/BackBoardServices.framework/Versions/A/BackBoardServices
0x00000001a932f000 	/System/Library/PrivateFrameworks/CorePhoneNumbers.framework/Versions/A/CorePhoneNumbers
0x00000001a8bd6000 	/System/Library/PrivateFrameworks/MultiverseSupport.framework/Versions/A/MultiverseSupport
0x00000001af693000 	/System/Library/PrivateFrameworks/RemoteServiceDiscovery.framework/Versions/A/RemoteServiceDiscovery
0x00000001ad1c6000 	/System/Library/PrivateFrameworks/DiskManagement.framework/Versions/A/DiskManagement
0x00000001ad0c9000 	/System/Library/PrivateFrameworks/AppleIDAuthSupport.framework/Versions/A/AppleIDAuthSupport
0x0000000201cbc000 	/System/Library/PrivateFrameworks/AAAFoundation.framework/Versions/A/AAAFoundation
0x00000001a930e000 	/System/Library/PrivateFrameworks/KeychainCircle.framework/Versions/A/KeychainCircle
0x00000001af6a3000 	/System/Library/PrivateFrameworks/RemoteXPC.framework/Versions/A/RemoteXPC
0x00000001ad192000 	/System/Library/PrivateFrameworks/MediaKit.framework/Versions/A/MediaKit
0x00000001ad0d6000 	/System/Library/Frameworks/DiscRecording.framework/Versions/A/DiscRecording
0x00000001a6913000 	/usr/lib/libCoreStorage.dylib
0x00000001af70f000 	/usr/lib/libcsfde.dylib
0x00000001aa021000 	/System/Library/PrivateFrameworks/ProtectedCloudStorage.framework/Versions/A/ProtectedCloudStorage
0x00000001af707000 	/System/Library/PrivateFrameworks/EFILogin.framework/Versions/A/EFILogin
0x00000001ad4a5000 	/System/Library/PrivateFrameworks/OctagonTrust.framework/Versions/A/OctagonTrust
0x00000002068de000 	/System/Library/PrivateFrameworks/CoreUtilsExtras.framework/Versions/A/CoreUtilsExtras
0x00000001acffb000 	/System/Library/Frameworks/CoreBluetooth.framework/Versions/A/CoreBluetooth
0x00000001afda5000 	/System/Library/Frameworks/AudioUnit.framework/Versions/A/AudioUnit
0x00000001a690b000 	/usr/lib/libMatch.1.dylib
0x00000001bfb52000 	/System/Library/Frameworks/Accelerate.framework/Versions/A/Frameworks/vImage.framework/Versions/A/Libraries/libCGInterfaces.dylib
0x000000012756c000 	/usr/lib/libobjc-trampolines.dylib
0x00000001a260c000 	/System/Library/PrivateFrameworks/ViewBridge.framework/Versions/A/ViewBridge
0x0000000202370000 	/System/Library/PrivateFrameworks/AccessibilityBundles.framework/Versions/A/AccessibilityBundles
0x00000001a67d1000 	/System/Library/PrivateFrameworks/CrashReporterSupport.framework/Versions/A/CrashReporterSupport
0x00000001c7609000 	/System/Library/PrivateFrameworks/OSAnalytics.framework/Versions/A/OSAnalytics
0x00000001d2976000 	/System/Library/PrivateFrameworks/Symbolication.framework/Versions/A/Symbolication
0x00000001bb62b000 	/System/Library/PrivateFrameworks/MallocStackLogging.framework/Versions/A/MallocStackLogging
0x0000000129568000 	/Users/markwilson/.openjfx/cache/17.0.1/libjavafx_font.dylib
0x00000001a706f000 	/System/Library/PrivateFrameworks/login.framework/Versions/A/login
0x000000021aeca000 	/usr/lib/libRosetta.dylib


VM Arguments:
jvm_args: -javaagent:/Applications/IntelliJ IDEA CE.app/Contents/lib/idea_rt.jar=54717:/Applications/IntelliJ IDEA CE.app/Contents/bin -Dfile.encoding=UTF-8 --module-path=/Users/markwilson/IdeaProjects/inventory-fx/target/classes:/Users/markwilson/.m2/repository/org/openjfx/javafx-controls/17.0.1/javafx-controls-17.0.1-mac-aarch64.jar:/Users/markwilson/.m2/repository/org/openjfx/javafx-graphics/17.0.1/javafx-graphics-17.0.1-mac-aarch64.jar:/Users/markwilson/.m2/repository/org/openjfx/javafx-fxml/17.0.1/javafx-fxml-17.0.1-mac-aarch64.jar:/Users/markwilson/.m2/repository/org/openjfx/javafx-base/17.0.1/javafx-base-17.0.1-mac-aarch64.jar -Djdk.module.main=com.mwilson.partsinventory 
java_command: com.mwilson.partsinventory/com.mwilson.inventoryfx.Main
java_class_path (initial): /Users/markwilson/.m2/repository/org/openjfx/javafx-controls/17.0.1/javafx-controls-17.0.1.jar:/Users/markwilson/.m2/repository/org/openjfx/javafx-graphics/17.0.1/javafx-graphics-17.0.1.jar:/Users/markwilson/.m2/repository/org/openjfx/javafx-base/17.0.1/javafx-base-17.0.1.jar:/Users/markwilson/.m2/repository/org/openjfx/javafx-fxml/17.0.1/javafx-fxml-17.0.1.jar
Launcher Type: SUN_STANDARD

[Global flags]
     intx CICompilerCount                          = 4                                         {product} {ergonomic}
     uint ConcGCThreads                            = 2                                         {product} {ergonomic}
     uint G1ConcRefinementThreads                  = 8                                         {product} {ergonomic}
   size_t G1HeapRegionSize                         = 1048576                                   {product} {ergonomic}
    uintx GCDrainStackTargetSize                   = 64                                        {product} {ergonomic}
   size_t InitialHeapSize                          = 134217728                                 {product} {ergonomic}
   size_t MarkStackSize                            = 4194304                                   {product} {ergonomic}
   size_t MaxHeapSize                              = 2147483648                                {product} {ergonomic}
   size_t MaxNewSize                               = 1287651328                                {product} {ergonomic}
   size_t MinHeapDeltaBytes                        = 1048576                                   {product} {ergonomic}
   size_t MinHeapSize                              = 8388608                                   {product} {ergonomic}
    uintx NonNMethodCodeHeapSize                   = 5839564                                {pd product} {ergonomic}
    uintx NonProfiledCodeHeapSize                  = 122909338                              {pd product} {ergonomic}
    uintx ProfiledCodeHeapSize                     = 122909338                              {pd product} {ergonomic}
    uintx ReservedCodeCacheSize                    = 251658240                              {pd product} {ergonomic}
     bool SegmentedCodeCache                       = true                                      {product} {ergonomic}
   size_t SoftMaxHeapSize                          = 2147483648                             {manageable} {ergonomic}
     bool UseCompressedClassPointers               = true                           {product lp64_product} {ergonomic}
     bool UseCompressedOops                        = true                           {product lp64_product} {ergonomic}
     bool UseG1GC                                  = true                                      {product} {ergonomic}
     bool UseNUMA                                  = false                                     {product} {ergonomic}
     bool UseNUMAInterleaving                      = false                                     {product} {ergonomic}

Logging:
Log output configuration:
 #0: stdout all=warning uptime,level,tags
 #1: stderr all=off uptime,level,tags

Environment Variables:
PATH=/opt/homebrew/bin:/opt/homebrew/sbin:/usr/local/bin:/usr/bin:/bin:/usr/sbin:/sbin:~/.dotnet/tools:/Library/Apple/usr/bin:/Library/Frameworks/Mono.framework/Versions/Current/Commands
SHELL=/bin/zsh
LC_CTYPE=en_US.UTF-8

Signal Handlers:
   SIGSEGV: _ZL13crash_handleriP9__siginfoPv in libjvm.dylib, mask=11100110000111110111111111111111, flags=SA_RESTART|SA_SIGINFO
    SIGBUS: _ZL13crash_handleriP9__siginfoPv in libjvm.dylib, mask=11100110000111110111111111111111, flags=SA_RESTART|SA_SIGINFO
    SIGFPE: _ZL13crash_handleriP9__siginfoPv in libjvm.dylib, mask=11100110000111110111111111111111, flags=SA_RESTART|SA_SIGINFO
   SIGPIPE: _ZL17javaSignalHandleriP9__siginfoPv in libjvm.dylib, mask=11100110000111110111111111111111, flags=SA_RESTART|SA_SIGINFO
   SIGXFSZ: _ZL17javaSignalHandleriP9__siginfoPv in libjvm.dylib, mask=11100110000111110111111111111111, flags=SA_RESTART|SA_SIGINFO
    SIGILL: _ZL13crash_handleriP9__siginfoPv in libjvm.dylib, mask=11100110000111110111111111111111, flags=SA_RESTART|SA_SIGINFO
   SIGUSR2: _ZL10SR_handleriP9__siginfoP17__darwin_ucontext in libjvm.dylib, mask=00100000000000000000000000000000, flags=SA_RESTART|SA_SIGINFO
    SIGHUP: _ZL11UserHandleriPvS_ in libjvm.dylib, mask=11100110000111110111111111111111, flags=SA_RESTART|SA_SIGINFO
    SIGINT: _ZL11UserHandleriPvS_ in libjvm.dylib, mask=11100110000111110111111111111111, flags=SA_RESTART|SA_SIGINFO
   SIGTERM: _ZL11UserHandleriPvS_ in libjvm.dylib, mask=11100110000111110111111111111111, flags=SA_RESTART|SA_SIGINFO
   SIGQUIT: _ZL11UserHandleriPvS_ in libjvm.dylib, mask=11100110000111110111111111111111, flags=SA_RESTART|SA_SIGINFO
   SIGTRAP: _ZL13crash_handleriP9__siginfoPv in libjvm.dylib, mask=11100110000111110111111111111111, flags=SA_RESTART|SA_SIGINFO


---------------  S Y S T E M  ---------------

OS:
uname: Darwin 21.6.0 Darwin Kernel Version 21.6.0: Sat Jun 18 17:05:47 PDT 2022; root:xnu-8020.140.41~1/RELEASE_ARM64_T8101 arm64
OS uptime: 17 days 23:58 hours
rlimit (soft/hard): STACK 8176k/65520k , CORE 0k/infinity , NPROC 1333/2000 , NOFILE 10240/infinity , AS infinity/infinity , CPU infinity/infinity , DATA infinity/infinity , FSIZE infinity/infinity , MEMLOCK infinity/infinity , RSS infinity/infinity
load average: 2.59 2.07 1.88

CPU: total 8 (initial active 8) 0x61:0x0:0x1b588bb3:0, fp, simd, crc, lse

Memory: 16k page, physical 8388608k(62976k free), swap 3145728k(1036800k free)

vm_info: Java HotSpot(TM) 64-Bit Server VM (17.0.4+11-LTS-179) for bsd-aarch64 JRE (17.0.4+11-LTS-179), built on Jun 28 2022 07:36:09 by "mach5one" with clang Apple LLVM 12.0.0 (clang-1200.0.32.29)

END.
